#
# There is insufficient memory for the Java Runtime Environment to continue.
# Native memory allocation (malloc) failed to allocate 32744 bytes. Error detail: ChunkPool::allocate
# Possible reasons:
#   The system is out of physical RAM or swap space
#   This process is running with CompressedOops enabled, and the Java Heap may be blocking the growth of the native heap
# Possible solutions:
#   Reduce memory load on the system
#   Increase physical memory or swap space
#   Check if swap backing store is full
#   Decrease Java heap size (-Xmx/-Xms)
#   Decrease number of Java threads
#   Decrease Java thread stack sizes (-Xss)
#   Set larger code cache with -XX:ReservedCodeCacheSize=
#   JVM is running with Unscaled Compressed Oops mode in which the Java heap is
#     placed in the first 4GB address space. The Java Heap base address is the
#     maximum limit for the native heap growth. Please use -XX:HeapBaseMinAddress
#     to set the Java Heap base and to place the Java Heap above 4GB virtual address.
# This output file may be truncated or incomplete.
#
#  Out of Memory Error (arena.cpp:79), pid=11208, tid=17264
#
# JRE version: OpenJDK Runtime Environment OpenLogic-OpenJDK (17.0.13+11) (build 17.0.13+11-adhoc..jdk17u)
# Java VM: OpenJDK 64-Bit Server VM OpenLogic-OpenJDK (17.0.13+11-adhoc..jdk17u, mixed mode, sharing, tiered, compressed oops, compressed class ptrs, g1 gc, windows-amd64)
# No core dump will be written. Minidumps are not enabled by default on client versions of Windows
#

---------------  S U M M A R Y ------------

Command Line: -Xmx64m -Xms64m -Dorg.gradle.appname=gradlew org.gradle.wrapper.GradleWrapperMain app:installDebug -PreactNativeDevServerPort=8081

Host: AMD Ryzen 7 4700U with Radeon Graphics         , 8 cores, 15G,  Windows 10 , 64 bit Build 19041 (10.0.19041.5678)
Time: Thu Apr  3 09:09:47 2025 Nepal Standard Time elapsed time: 31.298210 seconds (0d 0h 0m 31s)

---------------  T H R E A D  ---------------

Current thread (0x000002b7fe639050):  JavaThread "C2 CompilerThread0" daemon [_thread_in_native, id=17264, stack(0x000000f67aa00000,0x000000f67ab00000)]


Current CompileTask:
C2:  31298 1756       4       jdk.internal.reflect.ClassFileAssembler::emitByte (11 bytes)

Stack: [0x000000f67aa00000,0x000000f67ab00000]
Native frames: (J=compiled Java code, j=interpreted, Vv=VM code, C=native code)
V  [jvm.dll+0x680c19]
V  [jvm.dll+0x83888a]
V  [jvm.dll+0x83a34e]
V  [jvm.dll+0x83a9b3]
V  [jvm.dll+0x2481af]
V  [jvm.dll+0xacbf1]
V  [jvm.dll+0xad03c]
V  [jvm.dll+0x6cbb67]
V  [jvm.dll+0x1bd2d0]
V  [jvm.dll+0x21a859]
V  [jvm.dll+0x219b41]
V  [jvm.dll+0x1a58ed]
V  [jvm.dll+0x22988d]
V  [jvm.dll+0x227a1c]
V  [jvm.dll+0x7ed737]
V  [jvm.dll+0x7e7b2c]
V  [jvm.dll+0x67fae7]
C  [ucrtbase.dll+0x21bb2]
C  [KERNEL32.DLL+0x17374]
C  [ntdll.dll+0x4cc91]


---------------  P R O C E S S  ---------------

Threads class SMR info:
_java_thread_list=0x000002b7c50c7a90, length=13, elements={
0x000002b7e3890890, 0x000002b7e39397b0, 0x000002b7e393a540, 0x000002b7fe62ffd0,
0x000002b7fe630c60, 0x000002b7fe637570, 0x000002b7fe638450, 0x000002b7fe639050,
0x000002b7fe63f680, 0x000002b7fe641bb0, 0x000002b7fe887630, 0x000002b7fe8aca00,
0x000002b7ff0e4210
}

Java Threads: ( => current thread )
  0x000002b7e3890890 JavaThread "main" [_thread_in_vm, id=20432, stack(0x000000f679d00000,0x000000f679e00000)]
  0x000002b7e39397b0 JavaThread "Reference Handler" daemon [_thread_blocked, id=17976, stack(0x000000f67a400000,0x000000f67a500000)]
  0x000002b7e393a540 JavaThread "Finalizer" daemon [_thread_blocked, id=13904, stack(0x000000f67a500000,0x000000f67a600000)]
  0x000002b7fe62ffd0 JavaThread "Signal Dispatcher" daemon [_thread_blocked, id=20108, stack(0x000000f67a600000,0x000000f67a700000)]
  0x000002b7fe630c60 JavaThread "Attach Listener" daemon [_thread_blocked, id=10448, stack(0x000000f67a700000,0x000000f67a800000)]
  0x000002b7fe637570 JavaThread "Service Thread" daemon [_thread_blocked, id=19480, stack(0x000000f67a800000,0x000000f67a900000)]
  0x000002b7fe638450 JavaThread "Monitor Deflation Thread" daemon [_thread_blocked, id=12476, stack(0x000000f67a900000,0x000000f67aa00000)]
=>0x000002b7fe639050 JavaThread "C2 CompilerThread0" daemon [_thread_in_native, id=17264, stack(0x000000f67aa00000,0x000000f67ab00000)]
  0x000002b7fe63f680 JavaThread "C1 CompilerThread0" daemon [_thread_blocked, id=14120, stack(0x000000f67ab00000,0x000000f67ac00000)]
  0x000002b7fe641bb0 JavaThread "Sweeper thread" daemon [_thread_blocked, id=20076, stack(0x000000f67ac00000,0x000000f67ad00000)]
  0x000002b7fe887630 JavaThread "Notification Thread" daemon [_thread_blocked, id=15540, stack(0x000000f67ad00000,0x000000f67ae00000)]
  0x000002b7fe8aca00 JavaThread "Common-Cleaner" daemon [_thread_blocked, id=18572, stack(0x000000f67af00000,0x000000f67b000000)]
  0x000002b7ff0e4210 JavaThread "pool-1-thread-1" [_thread_blocked, id=12632, stack(0x000000f67b500000,0x000000f67b600000)]

Other Threads:
  0x000002b7e39341f0 VMThread "VM Thread" [stack: 0x000000f67a300000,0x000000f67a400000] [id=5036]
  0x000002b7fe8abb30 WatcherThread [stack: 0x000000f67ae00000,0x000000f67af00000] [id=13308]
  0x000002b7e38b0b40 GCTaskThread "GC Thread#0" [stack: 0x000000f679e00000,0x000000f679f00000] [id=17528]
  0x000002b7feceb250 GCTaskThread "GC Thread#1" [stack: 0x000000f67b200000,0x000000f67b300000] [id=5952]
  0x000002b7ff0e5000 GCTaskThread "GC Thread#2" [stack: 0x000000f67b300000,0x000000f67b400000] [id=12588]
  0x000002b7fea589b0 GCTaskThread "GC Thread#3" [stack: 0x000000f67b400000,0x000000f67b500000] [id=9696]
  0x000002b7fece9f00 GCTaskThread "GC Thread#4" [stack: 0x000000f67b100000,0x000000f67b200000] [id=17544]
  0x000002b7fecea480 GCTaskThread "GC Thread#5" [stack: 0x000000f67b600000,0x000000f67b700000] [id=8396]
  0x000002b7fecea740 GCTaskThread "GC Thread#6" [stack: 0x000000f67b700000,0x000000f67b800000] [id=20408]
  0x000002b7e38b21a0 ConcurrentGCThread "G1 Main Marker" [stack: 0x000000f679f00000,0x000000f67a000000] [id=14036]
  0x000002b7e38b2ad0 ConcurrentGCThread "G1 Conc#0" [stack: 0x000000f67a000000,0x000000f67a100000] [id=2220]
  0x000002b7e3914e70 ConcurrentGCThread "G1 Refine#0" [stack: 0x000000f67a100000,0x000000f67a200000] [id=5768]
  0x000002b7e39157b0 ConcurrentGCThread "G1 Service" [stack: 0x000000f67a200000,0x000000f67a300000] [id=17112]

Threads with active compile tasks:
C2 CompilerThread0    31309 1756       4       jdk.internal.reflect.ClassFileAssembler::emitByte (11 bytes)

VM state: not at safepoint (normal execution)

VM Mutex/Monitor currently owned by a thread: None

Heap address: 0x00000000fc000000, size: 64 MB, Compressed Oops mode: 32-bit

CDS archive(s) mapped at: [0x000002b780000000-0x000002b780bc0000-0x000002b780bc0000), size 12320768, SharedBaseAddress: 0x000002b780000000, ArchiveRelocationMode: 1.
Compressed class space mapped at: 0x000002b781000000-0x000002b7c1000000, reserved size: 1073741824
Narrow klass base: 0x000002b780000000, Narrow klass shift: 0, Narrow klass range: 0x100000000

GC Precious Log:
 CPUs: 8 total, 8 available
 Memory: 15791M
 Large Page Support: Disabled
 NUMA Support: Disabled
 Compressed Oops: Enabled (32-bit)
 Heap Region Size: 1M
 Heap Min Capacity: 64M
 Heap Initial Capacity: 64M
 Heap Max Capacity: 64M
 Pre-touch: Disabled
 Parallel Workers: 8
 Concurrent Workers: 2
 Concurrent Refinement Workers: 8
 Periodic GC: Disabled

Heap:
 garbage-first heap   total 65536K, used 15702K [0x00000000fc000000, 0x0000000100000000)
  region size 1024K, 9 young (9216K), 4 survivors (4096K)
 Metaspace       used 9682K, committed 9856K, reserved 1114112K
  class space    used 1286K, committed 1344K, reserved 1048576K

Heap Regions: E=young(eden), S=young(survivor), O=old, HS=humongous(starts), HC=humongous(continues), CS=collection set, F=free, OA=open archive, CA=closed archive, TAMS=top-at-mark-start (previous, next)
|   0|0x00000000fc000000, 0x00000000fc100000, 0x00000000fc100000|100%| O|  |TAMS 0x00000000fc000000, 0x00000000fc000000| Untracked 
|   1|0x00000000fc100000, 0x00000000fc200000, 0x00000000fc200000|100%|HS|  |TAMS 0x00000000fc100000, 0x00000000fc100000| Complete 
|   2|0x00000000fc200000, 0x00000000fc300000, 0x00000000fc300000|100%|HC|  |TAMS 0x00000000fc200000, 0x00000000fc200000| Complete 
|   3|0x00000000fc300000, 0x00000000fc400000, 0x00000000fc400000|100%|HC|  |TAMS 0x00000000fc300000, 0x00000000fc300000| Complete 
|   4|0x00000000fc400000, 0x00000000fc500000, 0x00000000fc500000|100%| O|  |TAMS 0x00000000fc400000, 0x00000000fc400000| Untracked 
|   5|0x00000000fc500000, 0x00000000fc600000, 0x00000000fc600000|100%| O|  |TAMS 0x00000000fc500000, 0x00000000fc500000| Untracked 
|   6|0x00000000fc600000, 0x00000000fc700000, 0x00000000fc700000|100%| O|  |TAMS 0x00000000fc600000, 0x00000000fc600000| Untracked 
|   7|0x00000000fc700000, 0x00000000fc755800, 0x00000000fc800000| 33%| O|  |TAMS 0x00000000fc700000, 0x00000000fc700000| Untracked 
|   8|0x00000000fc800000, 0x00000000fc800000, 0x00000000fc900000|  0%| F|  |TAMS 0x00000000fc800000, 0x00000000fc800000| Untracked 
|   9|0x00000000fc900000, 0x00000000fc900000, 0x00000000fca00000|  0%| F|  |TAMS 0x00000000fc900000, 0x00000000fc900000| Untracked 
|  10|0x00000000fca00000, 0x00000000fca00000, 0x00000000fcb00000|  0%| F|  |TAMS 0x00000000fca00000, 0x00000000fca00000| Untracked 
|  11|0x00000000fcb00000, 0x00000000fcb00000, 0x00000000fcc00000|  0%| F|  |TAMS 0x00000000fcb00000, 0x00000000fcb00000| Untracked 
|  12|0x00000000fcc00000, 0x00000000fcc00000, 0x00000000fcd00000|  0%| F|  |TAMS 0x00000000fcc00000, 0x00000000fcc00000| Untracked 
|  13|0x00000000fcd00000, 0x00000000fcd00000, 0x00000000fce00000|  0%| F|  |TAMS 0x00000000fcd00000, 0x00000000fcd00000| Untracked 
|  14|0x00000000fce00000, 0x00000000fce00000, 0x00000000fcf00000|  0%| F|  |TAMS 0x00000000fce00000, 0x00000000fce00000| Untracked 
|  15|0x00000000fcf00000, 0x00000000fcf00000, 0x00000000fd000000|  0%| F|  |TAMS 0x00000000fcf00000, 0x00000000fcf00000| Untracked 
|  16|0x00000000fd000000, 0x00000000fd000000, 0x00000000fd100000|  0%| F|  |TAMS 0x00000000fd000000, 0x00000000fd000000| Untracked 
|  17|0x00000000fd100000, 0x00000000fd100000, 0x00000000fd200000|  0%| F|  |TAMS 0x00000000fd100000, 0x00000000fd100000| Untracked 
|  18|0x00000000fd200000, 0x00000000fd200000, 0x00000000fd300000|  0%| F|  |TAMS 0x00000000fd200000, 0x00000000fd200000| Untracked 
|  19|0x00000000fd300000, 0x00000000fd300000, 0x00000000fd400000|  0%| F|  |TAMS 0x00000000fd300000, 0x00000000fd300000| Untracked 
|  20|0x00000000fd400000, 0x00000000fd400000, 0x00000000fd500000|  0%| F|  |TAMS 0x00000000fd400000, 0x00000000fd400000| Untracked 
|  21|0x00000000fd500000, 0x00000000fd500000, 0x00000000fd600000|  0%| F|  |TAMS 0x00000000fd500000, 0x00000000fd500000| Untracked 
|  22|0x00000000fd600000, 0x00000000fd600000, 0x00000000fd700000|  0%| F|  |TAMS 0x00000000fd600000, 0x00000000fd600000| Untracked 
|  23|0x00000000fd700000, 0x00000000fd700000, 0x00000000fd800000|  0%| F|  |TAMS 0x00000000fd700000, 0x00000000fd700000| Untracked 
|  24|0x00000000fd800000, 0x00000000fd800000, 0x00000000fd900000|  0%| F|  |TAMS 0x00000000fd800000, 0x00000000fd800000| Untracked 
|  25|0x00000000fd900000, 0x00000000fd900000, 0x00000000fda00000|  0%| F|  |TAMS 0x00000000fd900000, 0x00000000fd900000| Untracked 
|  26|0x00000000fda00000, 0x00000000fda00000, 0x00000000fdb00000|  0%| F|  |TAMS 0x00000000fda00000, 0x00000000fda00000| Untracked 
|  27|0x00000000fdb00000, 0x00000000fdb00000, 0x00000000fdc00000|  0%| F|  |TAMS 0x00000000fdb00000, 0x00000000fdb00000| Untracked 
|  28|0x00000000fdc00000, 0x00000000fdc00000, 0x00000000fdd00000|  0%| F|  |TAMS 0x00000000fdc00000, 0x00000000fdc00000| Untracked 
|  29|0x00000000fdd00000, 0x00000000fde00000, 0x00000000fde00000|100%| S|CS|TAMS 0x00000000fdd00000, 0x00000000fdd00000| Complete 
|  30|0x00000000fde00000, 0x00000000fdf00000, 0x00000000fdf00000|100%| S|CS|TAMS 0x00000000fde00000, 0x00000000fde00000| Complete 
|  31|0x00000000fdf00000, 0x00000000fe000000, 0x00000000fe000000|100%| S|CS|TAMS 0x00000000fdf00000, 0x00000000fdf00000| Complete 
|  32|0x00000000fe000000, 0x00000000fe100000, 0x00000000fe100000|100%| S|CS|TAMS 0x00000000fe000000, 0x00000000fe000000| Complete 
|  33|0x00000000fe100000, 0x00000000fe100000, 0x00000000fe200000|  0%| F|  |TAMS 0x00000000fe100000, 0x00000000fe100000| Untracked 
|  34|0x00000000fe200000, 0x00000000fe200000, 0x00000000fe300000|  0%| F|  |TAMS 0x00000000fe200000, 0x00000000fe200000| Untracked 
|  35|0x00000000fe300000, 0x00000000fe300000, 0x00000000fe400000|  0%| F|  |TAMS 0x00000000fe300000, 0x00000000fe300000| Untracked 
|  36|0x00000000fe400000, 0x00000000fe400000, 0x00000000fe500000|  0%| F|  |TAMS 0x00000000fe400000, 0x00000000fe400000| Untracked 
|  37|0x00000000fe500000, 0x00000000fe500000, 0x00000000fe600000|  0%| F|  |TAMS 0x00000000fe500000, 0x00000000fe500000| Untracked 
|  38|0x00000000fe600000, 0x00000000fe600000, 0x00000000fe700000|  0%| F|  |TAMS 0x00000000fe600000, 0x00000000fe600000| Untracked 
|  39|0x00000000fe700000, 0x00000000fe700000, 0x00000000fe800000|  0%| F|  |TAMS 0x00000000fe700000, 0x00000000fe700000| Untracked 
|  40|0x00000000fe800000, 0x00000000fe800000, 0x00000000fe900000|  0%| F|  |TAMS 0x00000000fe800000, 0x00000000fe800000| Untracked 
|  41|0x00000000fe900000, 0x00000000fe900000, 0x00000000fea00000|  0%| F|  |TAMS 0x00000000fe900000, 0x00000000fe900000| Untracked 
|  42|0x00000000fea00000, 0x00000000fea00000, 0x00000000feb00000|  0%| F|  |TAMS 0x00000000fea00000, 0x00000000fea00000| Untracked 
|  43|0x00000000feb00000, 0x00000000feb00000, 0x00000000fec00000|  0%| F|  |TAMS 0x00000000feb00000, 0x00000000feb00000| Untracked 
|  44|0x00000000fec00000, 0x00000000fec00000, 0x00000000fed00000|  0%| F|  |TAMS 0x00000000fec00000, 0x00000000fec00000| Untracked 
|  45|0x00000000fed00000, 0x00000000fed00000, 0x00000000fee00000|  0%| F|  |TAMS 0x00000000fed00000, 0x00000000fed00000| Untracked 
|  46|0x00000000fee00000, 0x00000000fee00000, 0x00000000fef00000|  0%| F|  |TAMS 0x00000000fee00000, 0x00000000fee00000| Untracked 
|  47|0x00000000fef00000, 0x00000000fef00000, 0x00000000ff000000|  0%| F|  |TAMS 0x00000000fef00000, 0x00000000fef00000| Untracked 
|  48|0x00000000ff000000, 0x00000000ff000000, 0x00000000ff100000|  0%| F|  |TAMS 0x00000000ff000000, 0x00000000ff000000| Untracked 
|  49|0x00000000ff100000, 0x00000000ff100000, 0x00000000ff200000|  0%| F|  |TAMS 0x00000000ff100000, 0x00000000ff100000| Untracked 
|  50|0x00000000ff200000, 0x00000000ff200000, 0x00000000ff300000|  0%| F|  |TAMS 0x00000000ff200000, 0x00000000ff200000| Untracked 
|  51|0x00000000ff300000, 0x00000000ff300000, 0x00000000ff400000|  0%| F|  |TAMS 0x00000000ff300000, 0x00000000ff300000| Untracked 
|  52|0x00000000ff400000, 0x00000000ff400000, 0x00000000ff500000|  0%| F|  |TAMS 0x00000000ff400000, 0x00000000ff400000| Untracked 
|  53|0x00000000ff500000, 0x00000000ff500000, 0x00000000ff600000|  0%| F|  |TAMS 0x00000000ff500000, 0x00000000ff500000| Untracked 
|  54|0x00000000ff600000, 0x00000000ff600000, 0x00000000ff700000|  0%| F|  |TAMS 0x00000000ff600000, 0x00000000ff600000| Untracked 
|  55|0x00000000ff700000, 0x00000000ff700000, 0x00000000ff800000|  0%| F|  |TAMS 0x00000000ff700000, 0x00000000ff700000| Untracked 
|  56|0x00000000ff800000, 0x00000000ff800000, 0x00000000ff900000|  0%| F|  |TAMS 0x00000000ff800000, 0x00000000ff800000| Untracked 
|  57|0x00000000ff900000, 0x00000000ff900000, 0x00000000ffa00000|  0%| F|  |TAMS 0x00000000ff900000, 0x00000000ff900000| Untracked 
|  58|0x00000000ffa00000, 0x00000000ffa00000, 0x00000000ffb00000|  0%| F|  |TAMS 0x00000000ffa00000, 0x00000000ffa00000| Untracked 
|  59|0x00000000ffb00000, 0x00000000ffb8a788, 0x00000000ffc00000| 54%| E|  |TAMS 0x00000000ffb00000, 0x00000000ffb00000| Complete 
|  60|0x00000000ffc00000, 0x00000000ffd00000, 0x00000000ffd00000|100%| E|CS|TAMS 0x00000000ffc00000, 0x00000000ffc00000| Complete 
|  61|0x00000000ffd00000, 0x00000000ffe00000, 0x00000000ffe00000|100%| E|CS|TAMS 0x00000000ffd00000, 0x00000000ffd00000| Complete 
|  62|0x00000000ffe00000, 0x00000000fff00000, 0x00000000fff00000|100%| E|CS|TAMS 0x00000000ffe00000, 0x00000000ffe00000| Complete 
|  63|0x00000000fff00000, 0x0000000100000000, 0x0000000100000000|100%| E|CS|TAMS 0x00000000fff00000, 0x00000000fff00000| Complete 

Card table byte_map: [0x000002b7e37d0000,0x000002b7e37f0000] _byte_map_base: 0x000002b7e2ff0000

Marking Bits (Prev, Next): (CMBitMap*) 0x000002b7e38b1070, (CMBitMap*) 0x000002b7e38b10b0
 Prev Bits: [0x000002b7fba90000, 0x000002b7fbb90000)
 Next Bits: [0x000002b7fbb90000, 0x000002b7fbc90000)

Polling page: 0x000002b7e3050000

Metaspace:

Usage:
  Non-class:      8.20 MB used.
      Class:      1.26 MB used.
       Both:      9.46 MB used.

Virtual space:
  Non-class space:       64.00 MB reserved,       8.31 MB ( 13%) committed,  1 nodes.
      Class space:        1.00 GB reserved,       1.31 MB ( <1%) committed,  1 nodes.
             Both:        1.06 GB reserved,       9.62 MB ( <1%) committed. 

Chunk freelists:
   Non-Class:  7.62 MB
       Class:  14.63 MB
        Both:  22.25 MB

MaxMetaspaceSize: unlimited
CompressedClassSpaceSize: 1.00 GB
Initial GC threshold: 21.00 MB
Current GC threshold: 21.00 MB
CDS: on
MetaspaceReclaimPolicy: balanced
 - commit_granule_bytes: 65536.
 - commit_granule_words: 8192.
 - virtual_space_node_default_size: 8388608.
 - enlarge_chunks_in_place: 1.
 - new_chunks_are_fully_committed: 0.
 - uncommit_free_chunks: 1.
 - use_allocation_guard: 0.
 - handle_deallocations: 1.


Internal statistics:

num_allocs_failed_limit: 0.
num_arena_births: 74.
num_arena_deaths: 0.
num_vsnodes_births: 2.
num_vsnodes_deaths: 0.
num_space_committed: 154.
num_space_uncommitted: 0.
num_chunks_returned_to_freelist: 0.
num_chunks_taken_from_freelist: 344.
num_chunk_merges: 0.
num_chunk_splits: 231.
num_chunks_enlarged: 182.
num_inconsistent_stats: 0.

CodeHeap 'non-profiled nmethods': size=120000Kb used=754Kb max_used=754Kb free=119245Kb
 bounds [0x000002b7f4230000, 0x000002b7f44a0000, 0x000002b7fb760000]
CodeHeap 'profiled nmethods': size=120000Kb used=3213Kb max_used=3213Kb free=116786Kb
 bounds [0x000002b7ec760000, 0x000002b7eca90000, 0x000002b7f3c90000]
CodeHeap 'non-nmethods': size=5760Kb used=1168Kb max_used=1188Kb free=4591Kb
 bounds [0x000002b7f3c90000, 0x000002b7f3f00000, 0x000002b7f4230000]
 total_blobs=2222 nmethods=1758 adapters=377
 compilation: enabled
              stopped_count=0, restarted_count=0
 full_count=0

Compilation events (20 events):
Event: 28.027 Thread 0x000002b7fe63f680 1749   !   3       sun.nio.cs.StreamEncoder::write (78 bytes)
Event: 28.027 Thread 0x000002b7fe63f680 nmethod 1749 0x000002b7eca7db10 code [0x000002b7eca7dd40, 0x000002b7eca7e438]
Event: 28.333 Thread 0x000002b7fe63f680 1750       3       sun.nio.cs.StreamEncoder::write (37 bytes)
Event: 28.333 Thread 0x000002b7fe63f680 nmethod 1750 0x000002b7eca7e810 code [0x000002b7eca7e9e0, 0x000002b7eca7ed28]
Event: 29.026 Thread 0x000002b7fe63f680 1751       3       java.util.concurrent.locks.AbstractQueuedSynchronizer$Node::getAndUnsetStatus (14 bytes)
Event: 29.026 Thread 0x000002b7fe63f680 nmethod 1751 0x000002b7eca7ee90 code [0x000002b7eca7f040, 0x000002b7eca7f328]
Event: 29.935 Thread 0x000002b7fe639050 1752       4       org.gradle.util.internal.GUtil::isTrue (56 bytes)
Event: 29.936 Thread 0x000002b7fe639050 nmethod 1752 0x000002b7f42ebe10 code [0x000002b7f42ebfa0, 0x000002b7f42ec098]
Event: 30.623 Thread 0x000002b7fe63f680 1753       3       java.util.concurrent.ScheduledThreadPoolExecutor$ScheduledFutureTask::isPeriodic (15 bytes)
Event: 30.623 Thread 0x000002b7fe63f680 nmethod 1753 0x000002b7eca7f490 code [0x000002b7eca7f620, 0x000002b7eca7f798]
Event: 31.139 Thread 0x000002b7fe639050 1754       4       java.lang.String::<init> (10 bytes)
Event: 31.142 Thread 0x000002b7fe639050 nmethod 1754 0x000002b7f42ec190 code [0x000002b7f42ec320, 0x000002b7f42ec6f8]
Event: 31.289 Thread 0x000002b7fe639050 1755       4       jdk.internal.reflect.ByteVectorImpl::add (38 bytes)
Event: 31.289 Thread 0x000002b7fe63f680 1757       3       jdk.internal.reflect.ByteVectorImpl::getLength (7 bytes)
Event: 31.290 Thread 0x000002b7fe63f680 nmethod 1757 0x000002b7eca7f810 code [0x000002b7eca7f9a0, 0x000002b7eca7fab8]
Event: 31.290 Thread 0x000002b7fe63f680 1758       3       java.lang.invoke.TypeConvertingMethodAdapter::descriptorToName (36 bytes)
Event: 31.290 Thread 0x000002b7fe639050 nmethod 1755 0x000002b7f42ec810 code [0x000002b7f42ec9a0, 0x000002b7f42ecaa8]
Event: 31.291 Thread 0x000002b7fe639050 1756       4       jdk.internal.reflect.ClassFileAssembler::emitByte (11 bytes)
Event: 31.291 Thread 0x000002b7fe63f680 nmethod 1758 0x000002b7eca7fb90 code [0x000002b7eca7fe20, 0x000002b7eca80988]
Event: 31.291 Thread 0x000002b7fe63f680 1759       3       java.lang.invoke.MethodHandles$Lookup::in (283 bytes)

GC Heap History (4 events):
Event: 0.364 GC heap before
{Heap before GC invocations=0 (full 0):
 garbage-first heap   total 65536K, used 22528K [0x00000000fc000000, 0x0000000100000000)
  region size 1024K, 23 young (23552K), 0 survivors (0K)
 Metaspace       used 1830K, committed 1920K, reserved 1114112K
  class space    used 161K, committed 192K, reserved 1048576K
}
Event: 0.367 GC heap after
{Heap after GC invocations=1 (full 0):
 garbage-first heap   total 65536K, used 3600K [0x00000000fc000000, 0x0000000100000000)
  region size 1024K, 3 young (3072K), 3 survivors (3072K)
 Metaspace       used 1830K, committed 1920K, reserved 1114112K
  class space    used 161K, committed 192K, reserved 1048576K
}
Event: 1.048 GC heap before
{Heap before GC invocations=1 (full 0):
 garbage-first heap   total 65536K, used 34320K [0x00000000fc000000, 0x0000000100000000)
  region size 1024K, 31 young (31744K), 3 survivors (3072K)
 Metaspace       used 8112K, committed 8320K, reserved 1114112K
  class space    used 1115K, committed 1216K, reserved 1048576K
}
Event: 1.053 GC heap after
{Heap after GC invocations=2 (full 0):
 garbage-first heap   total 65536K, used 11606K [0x00000000fc000000, 0x0000000100000000)
  region size 1024K, 4 young (4096K), 4 survivors (4096K)
 Metaspace       used 8112K, committed 8320K, reserved 1114112K
  class space    used 1115K, committed 1216K, reserved 1048576K
}

Dll operation events (13 events):
Event: 0.005 Loaded shared library C:\Program Files\OpenLogic\jdk-17.0.13.11-hotspot\bin\java.dll
Event: 0.021 Loaded shared library C:\Program Files\OpenLogic\jdk-17.0.13.11-hotspot\bin\jsvml.dll
Event: 0.050 Loaded shared library C:\Program Files\OpenLogic\jdk-17.0.13.11-hotspot\bin\net.dll
Event: 0.052 Loaded shared library C:\Program Files\OpenLogic\jdk-17.0.13.11-hotspot\bin\nio.dll
Event: 0.055 Loaded shared library C:\Program Files\OpenLogic\jdk-17.0.13.11-hotspot\bin\zip.dll
Event: 0.058 Loaded shared library C:\Program Files\OpenLogic\jdk-17.0.13.11-hotspot\bin\verify.dll
Event: 0.303 Loaded shared library C:\Program Files\OpenLogic\jdk-17.0.13.11-hotspot\bin\jimage.dll
Event: 0.619 Loaded shared library C:\Program Files\OpenLogic\jdk-17.0.13.11-hotspot\bin\management.dll
Event: 0.621 Loaded shared library C:\Program Files\OpenLogic\jdk-17.0.13.11-hotspot\bin\management_ext.dll
Event: 0.686 Loaded shared library C:\Users\a\.gradle\native\1def1411415f61bf3af743bc5b6707747c0891f09f0c88961ee8f79bc544acac\windows-amd64\native-platform.dll
Event: 0.706 Loaded shared library C:\Users\a\.gradle\native\jansi\1.18\windows64\jansi.dll
Event: 1.020 Loaded shared library C:\Program Files\OpenLogic\jdk-17.0.13.11-hotspot\bin\extnet.dll
Event: 1.072 Loaded shared library C:\Program Files\OpenLogic\jdk-17.0.13.11-hotspot\bin\sunmscapi.dll

Deoptimization events (20 events):
Event: 1.040 Thread 0x000002b7e3890890 Uncommon trap: trap_request=0xffffff45 fr.pc=0x000002b7f427bb58 relative=0x0000000000000618
Event: 1.040 Thread 0x000002b7e3890890 Uncommon trap: reason=unstable_if action=reinterpret pc=0x000002b7f427bb58 method=java.lang.AbstractStringBuilder.append(Ljava/lang/String;)Ljava/lang/AbstractStringBuilder; @ 1 c2
Event: 1.040 Thread 0x000002b7e3890890 DEOPT PACKING pc=0x000002b7f427bb58 sp=0x000000f679dfd310
Event: 1.040 Thread 0x000002b7e3890890 DEOPT UNPACKING pc=0x000002b7f3ce69a3 sp=0x000000f679dfd290 mode 2
Event: 1.055 Thread 0x000002b7e3890890 Uncommon trap: trap_request=0xffffffde fr.pc=0x000002b7f4266ef4 relative=0x0000000000000074
Event: 1.055 Thread 0x000002b7e3890890 Uncommon trap: reason=class_check action=maybe_recompile pc=0x000002b7f4266ef4 method=java.util.AbstractList$Itr.hasNext()Z @ 8 c2
Event: 1.055 Thread 0x000002b7e3890890 DEOPT PACKING pc=0x000002b7f4266ef4 sp=0x000000f679dfcc10
Event: 1.055 Thread 0x000002b7e3890890 DEOPT UNPACKING pc=0x000002b7f3ce69a3 sp=0x000000f679dfcba8 mode 2
Event: 1.078 Thread 0x000002b7e3890890 Uncommon trap: trap_request=0xffffff45 fr.pc=0x000002b7f4274b14 relative=0x00000000000009f4
Event: 1.078 Thread 0x000002b7e3890890 Uncommon trap: reason=unstable_if action=reinterpret pc=0x000002b7f4274b14 method=java.util.HashMap.putVal(ILjava/lang/Object;Ljava/lang/Object;ZZ)Ljava/lang/Object; @ 162 c2
Event: 1.078 Thread 0x000002b7e3890890 DEOPT PACKING pc=0x000002b7f4274b14 sp=0x000000f679dfb280
Event: 1.078 Thread 0x000002b7e3890890 DEOPT UNPACKING pc=0x000002b7f3ce69a3 sp=0x000000f679dfb1b8 mode 2
Event: 1.081 Thread 0x000002b7e3890890 Uncommon trap: trap_request=0xffffffde fr.pc=0x000002b7f4266ef4 relative=0x0000000000000074
Event: 1.081 Thread 0x000002b7e3890890 Uncommon trap: reason=class_check action=maybe_recompile pc=0x000002b7f4266ef4 method=java.util.AbstractList$Itr.hasNext()Z @ 8 c2
Event: 1.081 Thread 0x000002b7e3890890 DEOPT PACKING pc=0x000002b7f4266ef4 sp=0x000000f679dfc470
Event: 1.081 Thread 0x000002b7e3890890 DEOPT UNPACKING pc=0x000002b7f3ce69a3 sp=0x000000f679dfc408 mode 2
Event: 1.106 Thread 0x000002b7e3890890 Uncommon trap: trap_request=0xffffffde fr.pc=0x000002b7f4266ef4 relative=0x0000000000000074
Event: 1.106 Thread 0x000002b7e3890890 Uncommon trap: reason=class_check action=maybe_recompile pc=0x000002b7f4266ef4 method=java.util.AbstractList$Itr.hasNext()Z @ 8 c2
Event: 1.106 Thread 0x000002b7e3890890 DEOPT PACKING pc=0x000002b7f4266ef4 sp=0x000000f679dfd490
Event: 1.106 Thread 0x000002b7e3890890 DEOPT UNPACKING pc=0x000002b7f3ce69a3 sp=0x000000f679dfd428 mode 2

Classes loaded (20 events):
Event: 31.287 Loading class java/io/ObjectStreamClass$Caches$2 done
Event: 31.287 Loading class java/io/Externalizable
Event: 31.287 Loading class java/io/Externalizable done
Event: 31.287 Loading class java/io/ObjectStreamClass$2
Event: 31.287 Loading class java/io/ObjectStreamClass$2 done
Event: 31.288 Loading class jdk/internal/reflect/UnsafeFieldAccessorFactory
Event: 31.288 Loading class jdk/internal/reflect/UnsafeFieldAccessorFactory done
Event: 31.289 Loading class jdk/internal/reflect/UnsafeQualifiedStaticLongFieldAccessorImpl
Event: 31.289 Loading class jdk/internal/reflect/UnsafeQualifiedStaticFieldAccessorImpl
Event: 31.289 Loading class jdk/internal/reflect/UnsafeQualifiedStaticFieldAccessorImpl done
Event: 31.289 Loading class jdk/internal/reflect/UnsafeQualifiedStaticLongFieldAccessorImpl done
Event: 31.289 Loading class java/util/ComparableTimSort
Event: 31.289 Loading class java/util/ComparableTimSort done
Event: 31.290 Loading class jdk/internal/reflect/SerializationConstructorAccessorImpl
Event: 31.290 Loading class jdk/internal/reflect/SerializationConstructorAccessorImpl done
Event: 31.291 Loading class java/lang/CloneNotSupportedException
Event: 31.291 Loading class java/lang/CloneNotSupportedException done
Event: 31.292 Loading class java/io/ClassCache$CacheRef
Event: 31.292 Loading class java/io/ClassCache$CacheRef done
Event: 31.292 Loading class java/io/ObjectStreamClass$FieldReflectorKey

Classes unloaded (0 events):
No events

Classes redefined (0 events):
No events

Internal exceptions (19 events):
Event: 0.127 Thread 0x000002b7e3890890 Exception <a 'java/lang/NoSuchMethodError'{0x00000000ffc60f30}: 'int java.lang.invoke.DirectMethodHandle$Holder.invokeStaticInit(java.lang.Object, java.lang.Object)'> (0x00000000ffc60f30) 
thrown [s\src\hotspot\share\interpreter\linkResolver.cpp, line 759]
Event: 0.617 Thread 0x000002b7e3890890 Exception <a 'java/lang/NoSuchMethodError'{0x00000000ff44a558}: 'java.lang.Object java.lang.invoke.DirectMethodHandle$Holder.invokeStaticInit(java.lang.Object)'> (0x00000000ff44a558) 
thrown [s\src\hotspot\share\interpreter\linkResolver.cpp, line 759]
Event: 0.627 Thread 0x000002b7e3890890 Exception <a 'java/lang/NoSuchMethodError'{0x00000000ff465248}: 'int java.lang.invoke.DirectMethodHandle$Holder.invokeSpecial(java.lang.Object, java.lang.Object, java.lang.Object)'> (0x00000000ff465248) 
thrown [s\src\hotspot\share\interpreter\linkResolver.cpp, line 759]
Event: 0.634 Thread 0x000002b7e3890890 Exception <a 'java/lang/NoSuchMethodError'{0x00000000ff4a11e8}: 'void java.lang.invoke.DirectMethodHandle$Holder.invokeStatic(java.lang.Object, java.lang.Object)'> (0x00000000ff4a11e8) 
thrown [s\src\hotspot\share\interpreter\linkResolver.cpp, line 759]
Event: 0.635 Thread 0x000002b7e3890890 Implicit null exception at 0x000002b7f4298b8f to 0x000002b7f42990c8
Event: 0.635 Thread 0x000002b7e3890890 Implicit null exception at 0x000002b7f427aa0f to 0x000002b7f427af54
Event: 0.649 Thread 0x000002b7e3890890 Exception <a 'java/lang/NoClassDefFoundError'{0x00000000ff31f5d0}: org/slf4j/impl/StaticMarkerBinder> (0x00000000ff31f5d0) 
thrown [s\src\hotspot\share\classfile\systemDictionary.cpp, line 245]
Event: 0.665 Thread 0x000002b7e3890890 Exception <a 'java/lang/NoSuchMethodError'{0x00000000ff3cc480}: 'java.lang.Object java.lang.invoke.Invokers$Holder.invoker(java.lang.Object, java.lang.Object, java.lang.Object)'> (0x00000000ff3cc480) 
thrown [s\src\hotspot\share\interpreter\linkResolver.cpp, line 759]
Event: 0.667 Thread 0x000002b7e3890890 Exception <a 'java/lang/NoSuchMethodError'{0x00000000ff3d55d8}: 'java.lang.Object java.lang.invoke.DirectMethodHandle$Holder.invokeStatic(java.lang.Object, java.lang.Object, int)'> (0x00000000ff3d55d8) 
thrown [s\src\hotspot\share\interpreter\linkResolver.cpp, line 759]
Event: 0.669 Thread 0x000002b7e3890890 Exception <a 'java/lang/NoSuchMethodError'{0x00000000ff3e12c8}: 'void java.lang.invoke.DelegatingMethodHandle$Holder.delegate(java.lang.Object, java.lang.Object, int, java.lang.Object)'> (0x00000000ff3e12c8) 
thrown [s\src\hotspot\share\interpreter\linkResolver.cpp, line 759]
Event: 0.671 Thread 0x000002b7e3890890 Exception <a 'java/lang/NoSuchMethodError'{0x00000000ff3f4910}: 'java.lang.Object java.lang.invoke.Invokers$Holder.invokeExact_MT(java.lang.Object, java.lang.Object, java.lang.Object, java.lang.Object)'> (0x00000000ff3f4910) 
thrown [s\src\hotspot\share\interpreter\linkResolver.cpp, line 759]
Event: 0.677 Thread 0x000002b7e3890890 Exception <a 'java/lang/NoSuchMethodError'{0x00000000ff221df0}: 'java.lang.Object java.lang.invoke.DirectMethodHandle$Holder.invokeVirtual(java.lang.Object, java.lang.Object, java.lang.Object)'> (0x00000000ff221df0) 
thrown [s\src\hotspot\share\interpreter\linkResolver.cpp, line 759]
Event: 0.755 Thread 0x000002b7e3890890 Exception <a 'java/lang/NoSuchMethodError'{0x00000000feea8ec0}: 'java.lang.Object java.lang.invoke.DirectMethodHandle$Holder.newInvokeSpecial(java.lang.Object, java.lang.Object, java.lang.Object, java.lang.Object, java.lang.Object)'> (0x00000000feea8ec0) 
thrown [s\src\hotspot\share\interpreter\linkResolver.cpp, line 759]
Event: 0.773 Thread 0x000002b7e3890890 Exception <a 'java/lang/NoSuchMethodError'{0x00000000fedcad58}: 'void java.lang.invoke.DirectMethodHandle$Holder.invokeSpecial(java.lang.Object, java.lang.Object, java.lang.Object)'> (0x00000000fedcad58) 
thrown [s\src\hotspot\share\interpreter\linkResolver.cpp, line 759]
Event: 0.844 Thread 0x000002b7e3890890 Exception <a 'java/lang/NoSuchMethodError'{0x00000000fe5dac70}: 'java.lang.Object java.lang.invoke.DirectMethodHandle$Holder.invokeSpecialIFC(java.lang.Object, java.lang.Object, java.lang.Object, java.lang.Object)'> (0x00000000fe5dac70) 
thrown [s\src\hotspot\share\interpreter\linkResolver.cpp, line 759]
Event: 0.884 Thread 0x000002b7e3890890 Exception <a 'java/lang/NoSuchMethodError'{0x00000000fe2717f0}: 'java.lang.Object java.lang.invoke.DirectMethodHandle$Holder.invokeStaticInit(java.lang.Object, int, int, int, int)'> (0x00000000fe2717f0) 
thrown [s\src\hotspot\share\interpreter\linkResolver.cpp, line 759]
Event: 0.921 Thread 0x000002b7e3890890 Exception <a 'java/lang/NoSuchMethodError'{0x00000000fe2ade18}: 'java.lang.Object java.lang.invoke.DirectMethodHandle$Holder.invokeStaticInit(java.lang.Object, java.lang.Object, int, int, int, int)'> (0x00000000fe2ade18) 
thrown [s\src\hotspot\share\interpreter\linkResolver.cpp, line 759]
Event: 1.022 Thread 0x000002b7e3890890 Exception <a 'java/lang/NoSuchMethodError'{0x00000000fe2daf30}: 'void java.lang.invoke.DirectMethodHandle$Holder.invokeStatic(java.lang.Object, java.lang.Object, java.lang.Object)'> (0x00000000fe2daf30) 
thrown [s\src\hotspot\share\interpreter\linkResolver.cpp, line 759]
Event: 1.040 Thread 0x000002b7e3890890 Implicit null exception at 0x000002b7f427b572 to 0x000002b7f427bb40

VM Operations (20 events):
Event: 15.251 Executing VM operation: Cleanup
Event: 15.251 Executing VM operation: Cleanup done
Event: 16.261 Executing VM operation: Cleanup
Event: 16.261 Executing VM operation: Cleanup done
Event: 17.262 Executing VM operation: Cleanup
Event: 17.262 Executing VM operation: Cleanup done
Event: 19.264 Executing VM operation: Cleanup
Event: 19.264 Executing VM operation: Cleanup done
Event: 20.268 Executing VM operation: Cleanup
Event: 20.268 Executing VM operation: Cleanup done
Event: 21.272 Executing VM operation: Cleanup
Event: 21.272 Executing VM operation: Cleanup done
Event: 22.275 Executing VM operation: Cleanup
Event: 22.275 Executing VM operation: Cleanup done
Event: 24.299 Executing VM operation: Cleanup
Event: 24.299 Executing VM operation: Cleanup done
Event: 25.313 Executing VM operation: Cleanup
Event: 25.313 Executing VM operation: Cleanup done
Event: 26.322 Executing VM operation: Cleanup
Event: 26.322 Executing VM operation: Cleanup done

Memory protections (0 events):
No events

Nmethod flushes (0 events):
No events

Events (17 events):
Event: 0.021 Thread 0x000002b7e3890890 Thread added: 0x000002b7e3890890
Event: 0.023 Thread 0x000002b7e3890890 Thread added: 0x000002b7e39397b0
Event: 0.023 Thread 0x000002b7e3890890 Thread added: 0x000002b7e393a540
Event: 0.031 Thread 0x000002b7e3890890 Thread added: 0x000002b7fe62ffd0
Event: 0.031 Thread 0x000002b7e3890890 Thread added: 0x000002b7fe630c60
Event: 0.031 Thread 0x000002b7e3890890 Thread added: 0x000002b7fe637570
Event: 0.031 Thread 0x000002b7e3890890 Thread added: 0x000002b7fe638450
Event: 0.031 Thread 0x000002b7e3890890 Thread added: 0x000002b7fe639050
Event: 0.031 Thread 0x000002b7e3890890 Thread added: 0x000002b7fe63f680
Event: 0.031 Thread 0x000002b7e3890890 Thread added: 0x000002b7fe641bb0
Event: 0.046 Thread 0x000002b7e3890890 Thread added: 0x000002b7fe887630
Event: 0.048 Thread 0x000002b7e3890890 Thread added: 0x000002b7fe8aca00
Event: 0.298 Thread 0x000002b7fe63f680 Thread added: 0x000002b7feb58cd0
Event: 0.299 Thread 0x000002b7fe63f680 Thread added: 0x000002b7feb14eb0
Event: 0.721 Thread 0x000002b7e3890890 Thread added: 0x000002b7ff0e4210
Event: 1.021 Thread 0x000002b7feb14eb0 Thread exited: 0x000002b7feb14eb0
Event: 1.021 Thread 0x000002b7feb58cd0 Thread exited: 0x000002b7feb58cd0


Dynamic libraries:
0x00007ff6070d0000 - 0x00007ff6070de000 	C:\Program Files\OpenLogic\jdk-17.0.13.11-hotspot\bin\java.exe
0x00007ffb16690000 - 0x00007ffb16888000 	C:\Windows\SYSTEM32\ntdll.dll
0x00007ffb15ab0000 - 0x00007ffb15b72000 	C:\Windows\System32\KERNEL32.DLL
0x00007ffb13d40000 - 0x00007ffb14036000 	C:\Windows\System32\KERNELBASE.dll
0x00007ffb142b0000 - 0x00007ffb143b0000 	C:\Windows\System32\ucrtbase.dll
0x00007ffb0d090000 - 0x00007ffb0d0ab000 	C:\Program Files\OpenLogic\jdk-17.0.13.11-hotspot\bin\VCRUNTIME140.dll
0x00007ffb0ce00000 - 0x00007ffb0ce17000 	C:\Program Files\OpenLogic\jdk-17.0.13.11-hotspot\bin\jli.dll
0x00007ffb15850000 - 0x00007ffb159ed000 	C:\Windows\System32\USER32.dll
0x00007ffaffea0000 - 0x00007ffb0013a000 	C:\Windows\WinSxS\amd64_microsoft.windows.common-controls_6595b64144ccf1df_6.0.19041.4355_none_60b8b9eb71f62e16\COMCTL32.dll
0x00007ffb13d10000 - 0x00007ffb13d32000 	C:\Windows\System32\win32u.dll
0x00007ffb146a0000 - 0x00007ffb1473e000 	C:\Windows\System32\msvcrt.dll
0x00007ffb159f0000 - 0x00007ffb15a1b000 	C:\Windows\System32\GDI32.dll
0x00007ffb14040000 - 0x00007ffb1415a000 	C:\Windows\System32\gdi32full.dll
0x00007ffb14210000 - 0x00007ffb142ad000 	C:\Windows\System32\msvcp_win.dll
0x00007ffb15cd0000 - 0x00007ffb15cff000 	C:\Windows\System32\IMM32.DLL
0x00007ffb0fc80000 - 0x00007ffb0fc8c000 	C:\Program Files\OpenLogic\jdk-17.0.13.11-hotspot\bin\vcruntime140_1.dll
0x00007ffaffe10000 - 0x00007ffaffe9d000 	C:\Program Files\OpenLogic\jdk-17.0.13.11-hotspot\bin\msvcp140.dll
0x00007ffae1720000 - 0x00007ffae238c000 	C:\Program Files\OpenLogic\jdk-17.0.13.11-hotspot\bin\server\jvm.dll
0x00007ffb14a40000 - 0x00007ffb14af1000 	C:\Windows\System32\ADVAPI32.dll
0x00007ffb15550000 - 0x00007ffb155ef000 	C:\Windows\System32\sechost.dll
0x00007ffb15390000 - 0x00007ffb154b3000 	C:\Windows\System32\RPCRT4.dll
0x00007ffb14510000 - 0x00007ffb14537000 	C:\Windows\System32\bcrypt.dll
0x00007ffb155f0000 - 0x00007ffb1565b000 	C:\Windows\System32\WS2_32.dll
0x00007ffb13250000 - 0x00007ffb1329b000 	C:\Windows\SYSTEM32\POWRPROF.dll
0x00007ffb08c30000 - 0x00007ffb08c3a000 	C:\Windows\SYSTEM32\VERSION.dll
0x00007ffb08e40000 - 0x00007ffb08e67000 	C:\Windows\SYSTEM32\WINMM.dll
0x00007ffb13110000 - 0x00007ffb13122000 	C:\Windows\SYSTEM32\UMPDC.dll
0x00007ffb12530000 - 0x00007ffb12542000 	C:\Windows\SYSTEM32\kernel.appcore.dll
0x00007ffb0f3c0000 - 0x00007ffb0f3ca000 	C:\Program Files\OpenLogic\jdk-17.0.13.11-hotspot\bin\jimage.dll
0x00007ffb11b40000 - 0x00007ffb11d24000 	C:\Windows\SYSTEM32\DBGHELP.DLL
0x00007ffb00860000 - 0x00007ffb00894000 	C:\Windows\SYSTEM32\dbgcore.DLL
0x00007ffb14590000 - 0x00007ffb14612000 	C:\Windows\System32\bcryptPrimitives.dll
0x00007ffb0b320000 - 0x00007ffb0b345000 	C:\Program Files\OpenLogic\jdk-17.0.13.11-hotspot\bin\java.dll
0x00007ffae69a0000 - 0x00007ffae6a76000 	C:\Program Files\OpenLogic\jdk-17.0.13.11-hotspot\bin\jsvml.dll
0x00007ffb14b00000 - 0x00007ffb1526f000 	C:\Windows\System32\SHELL32.dll
0x00007ffb11d70000 - 0x00007ffb12513000 	C:\Windows\SYSTEM32\windows.storage.dll
0x00007ffb15db0000 - 0x00007ffb16105000 	C:\Windows\System32\combase.dll
0x00007ffb13740000 - 0x00007ffb1376b000 	C:\Windows\SYSTEM32\Wldp.dll
0x00007ffb15b80000 - 0x00007ffb15c4d000 	C:\Windows\System32\OLEAUT32.dll
0x00007ffb165a0000 - 0x00007ffb1664d000 	C:\Windows\System32\SHCORE.dll
0x00007ffb14820000 - 0x00007ffb14875000 	C:\Windows\System32\shlwapi.dll
0x00007ffb13c40000 - 0x00007ffb13c65000 	C:\Windows\SYSTEM32\profapi.dll
0x00007ffb0bf70000 - 0x00007ffb0bf89000 	C:\Program Files\OpenLogic\jdk-17.0.13.11-hotspot\bin\net.dll
0x00007ffb10290000 - 0x00007ffb1039a000 	C:\Windows\SYSTEM32\WINHTTP.dll
0x00007ffb134a0000 - 0x00007ffb1350c000 	C:\Windows\system32\mswsock.dll
0x00007ffb09660000 - 0x00007ffb09676000 	C:\Program Files\OpenLogic\jdk-17.0.13.11-hotspot\bin\nio.dll
0x00007ffb09640000 - 0x00007ffb09658000 	C:\Program Files\OpenLogic\jdk-17.0.13.11-hotspot\bin\zip.dll
0x00007ffb0d0f0000 - 0x00007ffb0d100000 	C:\Program Files\OpenLogic\jdk-17.0.13.11-hotspot\bin\verify.dll
0x00007ffb0cdf0000 - 0x00007ffb0cdf9000 	C:\Program Files\OpenLogic\jdk-17.0.13.11-hotspot\bin\management.dll
0x00007ffb09630000 - 0x00007ffb0963b000 	C:\Program Files\OpenLogic\jdk-17.0.13.11-hotspot\bin\management_ext.dll
0x00007ffb14a30000 - 0x00007ffb14a38000 	C:\Windows\System32\PSAPI.DLL
0x00007ffb06ef0000 - 0x00007ffb06f17000 	C:\Users\a\.gradle\native\1def1411415f61bf3af743bc5b6707747c0891f09f0c88961ee8f79bc544acac\windows-amd64\native-platform.dll
0x00007ffb10500000 - 0x00007ffb1050a000 	C:\Users\a\.gradle\native\jansi\1.18\windows64\jansi.dll
0x00007ffb136a0000 - 0x00007ffb136b8000 	C:\Windows\SYSTEM32\CRYPTSP.dll
0x00007ffb12d50000 - 0x00007ffb12d88000 	C:\Windows\system32\rsaenh.dll
0x00007ffb13c00000 - 0x00007ffb13c2e000 	C:\Windows\SYSTEM32\USERENV.dll
0x00007ffb13690000 - 0x00007ffb1369c000 	C:\Windows\SYSTEM32\CRYPTBASE.dll
0x00007ffb13130000 - 0x00007ffb1316b000 	C:\Windows\SYSTEM32\IPHLPAPI.DLL
0x00007ffb16110000 - 0x00007ffb16118000 	C:\Windows\System32\NSI.dll
0x00007ffb0f290000 - 0x00007ffb0f2a7000 	C:\Windows\SYSTEM32\dhcpcsvc6.DLL
0x00007ffb0f190000 - 0x00007ffb0f1ad000 	C:\Windows\SYSTEM32\dhcpcsvc.DLL
0x00007ffb13170000 - 0x00007ffb1323a000 	C:\Windows\SYSTEM32\DNSAPI.dll
0x00007ffb06ee0000 - 0x00007ffb06ee8000 	C:\Program Files\OpenLogic\jdk-17.0.13.11-hotspot\bin\extnet.dll
0x00007ffb05b00000 - 0x00007ffb05b0e000 	C:\Program Files\OpenLogic\jdk-17.0.13.11-hotspot\bin\sunmscapi.dll
0x00007ffb143b0000 - 0x00007ffb1450c000 	C:\Windows\System32\CRYPT32.dll
0x00007ffb137b0000 - 0x00007ffb137d7000 	C:\Windows\SYSTEM32\ncrypt.dll
0x00007ffb13770000 - 0x00007ffb137ab000 	C:\Windows\SYSTEM32\NTASN1.dll
0x00007ffaee880000 - 0x00007ffaee887000 	C:\Windows\system32\wshunix.dll

dbghelp: loaded successfully - version: 4.0.5 - missing functions: none
symbol engine: initialized successfully - sym options: 0x614 - pdb path: .;C:\Program Files\OpenLogic\jdk-17.0.13.11-hotspot\bin;C:\Windows\SYSTEM32;C:\Windows\WinSxS\amd64_microsoft.windows.common-controls_6595b64144ccf1df_6.0.19041.4355_none_60b8b9eb71f62e16;C:\Program Files\OpenLogic\jdk-17.0.13.11-hotspot\bin\server;C:\Users\a\.gradle\native\1def1411415f61bf3af743bc5b6707747c0891f09f0c88961ee8f79bc544acac\windows-amd64;C:\Users\a\.gradle\native\jansi\1.18\windows64

VM Arguments:
jvm_args: -Xmx64m -Xms64m -Dorg.gradle.appname=gradlew 
java_command: org.gradle.wrapper.GradleWrapperMain app:installDebug -PreactNativeDevServerPort=8081
java_class_path (initial): E:\FinalProject\Futsalink\Frontend\android\\gradle\wrapper\gradle-wrapper.jar
Launcher Type: SUN_STANDARD

[Global flags]
     intx CICompilerCount                          = 4                                         {product} {ergonomic}
     uint ConcGCThreads                            = 2                                         {product} {ergonomic}
     uint G1ConcRefinementThreads                  = 8                                         {product} {ergonomic}
   size_t G1HeapRegionSize                         = 1048576                                   {product} {ergonomic}
    uintx GCDrainStackTargetSize                   = 64                                        {product} {ergonomic}
   size_t InitialHeapSize                          = 67108864                                  {product} {command line}
   size_t MarkStackSize                            = 4194304                                   {product} {ergonomic}
   size_t MaxHeapSize                              = 67108864                                  {product} {command line}
   size_t MaxNewSize                               = 39845888                                  {product} {ergonomic}
   size_t MinHeapDeltaBytes                        = 1048576                                   {product} {ergonomic}
   size_t MinHeapSize                              = 67108864                                  {product} {command line}
    uintx NonNMethodCodeHeapSize                   = 5839372                                {pd product} {ergonomic}
    uintx NonProfiledCodeHeapSize                  = 122909434                              {pd product} {ergonomic}
    uintx ProfiledCodeHeapSize                     = 122909434                              {pd product} {ergonomic}
    uintx ReservedCodeCacheSize                    = 251658240                              {pd product} {ergonomic}
     bool SegmentedCodeCache                       = true                                      {product} {ergonomic}
   size_t SoftMaxHeapSize                          = 67108864                               {manageable} {ergonomic}
     bool UseCompressedClassPointers               = true                           {product lp64_product} {ergonomic}
     bool UseCompressedOops                        = true                           {product lp64_product} {ergonomic}
     bool UseG1GC                                  = true                                      {product} {ergonomic}
     bool UseLargePagesIndividualAllocation        = false                                  {pd product} {ergonomic}

Logging:
Log output configuration:
 #0: stdout all=warning uptime,level,tags
 #1: stderr all=off uptime,level,tags

Environment Variables:
JAVA_HOME=C:\Program Files\OpenLogic\jdk-17.0.13.11-hotspot\
CLASSPATH=E:\FinalProject\Futsalink\Frontend\android\\gradle\wrapper\gradle-wrapper.jar
PATH=E:\FinalProject\Futsalink\frontend\node_modules\.bin;E:\FinalProject\Futsalink\frontend\node_modules\.bin;E:\FinalProject\Futsalink\node_modules\.bin;E:\FinalProject\node_modules\.bin;E:\node_modules\.bin;C:\Users\a\AppData\Roaming\npm\node_modules\npm\node_modules\@npmcli\run-script\lib\node-gyp-bin;C:\Users\a\AppData\Local\Android\Sdk;C:\Users\a\AppData\Local\Android\Sdk\platform-tools;C:\Users\a\AppData\Local\Android\Sdk\platforms;C:\Users\a\AppData\Local\Android\Sdk\build-tools;C:\Users\a\AppData\Local\Android\Sdk\emulator;C:\Program Files\Microsoft SQL Server\Client SDK\ODBC\170\Tools\Binn\;C:\Program Files\dotnet\;C:\Program Files\OpenLogic\jdk-17.0.13.11-hotspot\;C:\Program Files\MATLAB\R2024b\bin;C:\Program Files\MySQL\MySQL Shell 8.0\bin\;C:\Users\a\anaconda3;C:\Users\a\anaconda3\Library\mingw-w64\bin;C:\Users\a\anaconda3\Library\usr\bin;C:\Users\a\anaconda3\Library\bin;C:\Users\a\anaconda3\Scripts;C:\Users\a\AppData\Local\Microsoft\WindowsApps;C:\Users\a\AppData\Local\Programs\Microsoft VS Code\bin;C:\Users\a\AppData\Roaming\Composer\vendor\bin;C:\app\a\product\21c\dbhomeXE\bin;C:\Windows\System32;C:\xampp\instantclient-basic-windows.x64-21.13.0.0.0dbru\instantclient_21_13;C:\Program Files\nodejs;C:\Users\a\AppData\Roaming\npm;C:\Users\a\AppData\Local\Android\Sdk;C:\Users\a\AppData\Local\Android\Sdk\platform-tools;C:\Users\a\AppData\Local\Android\Sdk\emulator;C:\Users\a\AppData\Local\Android\Sdk\tools;C:\Users\a\.dotnet\tools;C:\Program Files\OpenLogic\jdk-17.0.13.11-hotspot\;C:\Program Files\OpenLogic\jdk-17.0.13.11-hotspot\bin;
USERNAME=a
OS=Windows_NT
PROCESSOR_IDENTIFIER=AMD64 Family 23 Model 96 Stepping 1, AuthenticAMD
TMP=C:\Users\a\AppData\Local\Temp
TEMP=C:\Users\a\AppData\Local\Temp



Periodic native trim disabled


---------------  S Y S T E M  ---------------

OS:
 Windows 10 , 64 bit Build 19041 (10.0.19041.5678)
OS uptime: 1 days 1:17 hours

CPU: total 8 (initial active 8) (8 cores per cpu, 1 threads per core) family 23 model 96 stepping 1 microcode 0x0, cx8, cmov, fxsr, mmx, 3dnowpref, sse, sse2, sse3, ssse3, sse4a, sse4.1, sse4.2, popcnt, lzcnt, tsc, tscinvbit, avx, avx2, aes, clmul, bmi1, bmi2, adx, sha, fma, vzeroupper, clflush, clflushopt
Processor Information for all 8 processors :
  Max Mhz: 2000, Current Mhz: 2000, Mhz Limit: 2000

Memory: 4k page, system-wide physical 15791M (1862M free)
TotalPageFile size 19887M (AvailPageFile size 0M)
current process WorkingSet (physical memory assigned to process): 101M, peak: 113M
current process commit charge ("private bytes"): 164M, peak: 177M

vm_info: OpenJDK 64-Bit Server VM (17.0.13+11-adhoc..jdk17u) for windows-amd64 JRE (17.0.13+11-adhoc..jdk17u), built on Oct 18 2024 01:05:13 by "" with MS VC++ 16.10 / 16.11 (VS2019)

END.
