#
# There is insufficient memory for the Java Runtime Environment to continue.
# Native memory allocation (malloc) failed to allocate 140496 bytes. Error detail: Chunk::new
# Possible reasons:
#   The system is out of physical RAM or swap space
#   This process is running with CompressedOops enabled, and the Java Heap may be blocking the growth of the native heap
# Possible solutions:
#   Reduce memory load on the system
#   Increase physical memory or swap space
#   Check if swap backing store is full
#   Decrease Java heap size (-Xmx/-Xms)
#   Decrease number of Java threads
#   Decrease Java thread stack sizes (-Xss)
#   Set larger code cache with -XX:ReservedCodeCacheSize=
#   JVM is running with Zero Based Compressed Oops mode in which the Java heap is
#     placed in the first 32GB address space. The Java Heap base address is the
#     maximum limit for the native heap growth. Please use -XX:HeapBaseMinAddress
#     to set the Java Heap base and to place the Java Heap above 32GB virtual address.
# This output file may be truncated or incomplete.
#
#  Out of Memory Error (arena.cpp:191), pid=20112, tid=14216
#
# JRE version: OpenJDK Runtime Environment OpenLogic-OpenJDK (17.0.13+11) (build 17.0.13+11-adhoc..jdk17u)
# Java VM: OpenJDK 64-Bit Server VM OpenLogic-OpenJDK (17.0.13+11-adhoc..jdk17u, mixed mode, sharing, tiered, compressed oops, compressed class ptrs, g1 gc, windows-amd64)
# No core dump will be written. Minidumps are not enabled by default on client versions of Windows
#

---------------  S U M M A R Y ------------

Command Line: com.google.prefab.cli.AppKt --build-system cmake --platform android --abi x86_64 --os-version 24 --stl c++_shared --ndk-version 27 --output C:\\Users\\a\\AppData\\Local\\Temp\\agp-prefab-staging576679542864620335\\staged-cli-output C:\\Users\\a\\.gradle\\caches\\8.12\\transforms\\9f8e25feabbe8b0b7a3e83fbd347083e\\transformed\\react-android-0.78.0-debug\\prefab C:\\Users\\a\\.gradle\\caches\\8.12\\transforms\\4c116c53cba92459b32019e002c1a576\\transformed\\hermes-android-0.78.0-debug\\prefab C:\\Users\\a\\.gradle\\caches\\8.12\\transforms\\bbbd7faada6db350ac59925f93ab342e\\transformed\\fbjni-0.7.0\\prefab

Host: AMD Ryzen 7 4700U with Radeon Graphics         , 8 cores, 15G,  Windows 10 , 64 bit Build 19041 (10.0.19041.5794)
Time: Tue May  6 09:06:33 2025 Nepal Standard Time elapsed time: 0.768299 seconds (0d 0h 0m 0s)

---------------  T H R E A D  ---------------

Current thread (0x000001e07767c130):  JavaThread "C2 CompilerThread1" daemon [_thread_in_native, id=14216, stack(0x00000010ba200000,0x00000010ba300000)]


Current CompileTask:
C2:    768  527       4       java.lang.StringLatin1::replace (198 bytes)

Stack: [0x00000010ba200000,0x00000010ba300000]
Native frames: (J=compiled Java code, j=interpreted, Vv=VM code, C=native code)
V  [jvm.dll+0x680c19]
V  [jvm.dll+0x83888a]
V  [jvm.dll+0x83a34e]
V  [jvm.dll+0x83a9b3]
V  [jvm.dll+0x2481af]
V  [jvm.dll+0xac9f4]
V  [jvm.dll+0xad03c]
V  [jvm.dll+0x2af7df]
V  [jvm.dll+0x587047]
V  [jvm.dll+0x223012]
V  [jvm.dll+0x22340f]
V  [jvm.dll+0x21c530]
V  [jvm.dll+0x219a31]
V  [jvm.dll+0x1a58ed]
V  [jvm.dll+0x22988d]
V  [jvm.dll+0x227a1c]
V  [jvm.dll+0x7ed737]
V  [jvm.dll+0x7e7b2c]
V  [jvm.dll+0x67fae7]
C  [ucrtbase.dll+0x21bb2]
C  [KERNEL32.DLL+0x17374]
C  [ntdll.dll+0x4cc91]


---------------  P R O C E S S  ---------------

Threads class SMR info:
_java_thread_list=0x000001e0776714e0, length=14, elements={
0x000001e053262580, 0x000001e077166c10, 0x000001e0771677a0, 0x000001e07717e5c0,
0x000001e077284090, 0x000001e077284960, 0x000001e077286450, 0x000001e077287c80,
0x000001e077294400, 0x000001e07729fba0, 0x000001e0773e4220, 0x000001e0773eac30,
0x000001e07767c130, 0x000001e0776d4c20
}

Java Threads: ( => current thread )
  0x000001e053262580 JavaThread "main" [_thread_in_Java, id=18992, stack(0x00000010b8f00000,0x00000010b9000000)]
  0x000001e077166c10 JavaThread "Reference Handler" daemon [_thread_blocked, id=21208, stack(0x00000010b9600000,0x00000010b9700000)]
  0x000001e0771677a0 JavaThread "Finalizer" daemon [_thread_blocked, id=11188, stack(0x00000010b9700000,0x00000010b9800000)]
  0x000001e07717e5c0 JavaThread "Signal Dispatcher" daemon [_thread_blocked, id=12460, stack(0x00000010b9800000,0x00000010b9900000)]
  0x000001e077284090 JavaThread "Attach Listener" daemon [_thread_blocked, id=20516, stack(0x00000010b9900000,0x00000010b9a00000)]
  0x000001e077284960 JavaThread "Service Thread" daemon [_thread_blocked, id=20272, stack(0x00000010b9a00000,0x00000010b9b00000)]
  0x000001e077286450 JavaThread "Monitor Deflation Thread" daemon [_thread_blocked, id=16380, stack(0x00000010b9b00000,0x00000010b9c00000)]
  0x000001e077287c80 JavaThread "C2 CompilerThread0" daemon [_thread_blocked, id=1224, stack(0x00000010b9c00000,0x00000010b9d00000)]
  0x000001e077294400 JavaThread "C1 CompilerThread0" daemon [_thread_blocked, id=13956, stack(0x00000010b9d00000,0x00000010b9e00000)]
  0x000001e07729fba0 JavaThread "Sweeper thread" daemon [_thread_blocked, id=2488, stack(0x00000010b9e00000,0x00000010b9f00000)]
  0x000001e0773e4220 JavaThread "Notification Thread" daemon [_thread_blocked, id=21416, stack(0x00000010b9f00000,0x00000010ba000000)]
  0x000001e0773eac30 JavaThread "Common-Cleaner" daemon [_thread_blocked, id=16984, stack(0x00000010ba100000,0x00000010ba200000)]
=>0x000001e07767c130 JavaThread "C2 CompilerThread1" daemon [_thread_in_native, id=14216, stack(0x00000010ba200000,0x00000010ba300000)]
  0x000001e0776d4c20 JavaThread "JNA Cleaner" daemon [_thread_blocked, id=10564, stack(0x00000010ba300000,0x00000010ba400000)]

Other Threads:
  0x000001e077160750 VMThread "VM Thread" [stack: 0x00000010b9500000,0x00000010b9600000] [id=13900]
  0x000001e0773e8710 WatcherThread [stack: 0x00000010ba000000,0x00000010ba100000] [id=9392]
  0x000001e0532ca3b0 GCTaskThread "GC Thread#0" [stack: 0x00000010b9000000,0x00000010b9100000] [id=13816]
  0x000001e0532da8d0 ConcurrentGCThread "G1 Main Marker" [stack: 0x00000010b9100000,0x00000010b9200000] [id=10244]
  0x000001e0532de120 ConcurrentGCThread "G1 Conc#0" [stack: 0x00000010b9200000,0x00000010b9300000] [id=16500]
  0x000001e05331e2a0 ConcurrentGCThread "G1 Refine#0" [stack: 0x00000010b9300000,0x00000010b9400000] [id=17724]
  0x000001e05331eae0 ConcurrentGCThread "G1 Service" [stack: 0x00000010b9400000,0x00000010b9500000] [id=1620]

Threads with active compile tasks:
C1 CompilerThread0      788  539   !   3       java.util.zip.ZipFile$Source::readAt (39 bytes)
C2 CompilerThread1      788  527       4       java.lang.StringLatin1::replace (198 bytes)

VM state: not at safepoint (normal execution)

VM Mutex/Monitor currently owned by a thread: None

Heap address: 0x0000000709400000, size: 3948 MB, Compressed Oops mode: Zero based, Oop shift amount: 3

CDS archive(s) mapped at: [0x000001e000000000-0x000001e000bc0000-0x000001e000bc0000), size 12320768, SharedBaseAddress: 0x000001e000000000, ArchiveRelocationMode: 1.
Compressed class space mapped at: 0x000001e001000000-0x000001e041000000, reserved size: 1073741824
Narrow klass base: 0x000001e000000000, Narrow klass shift: 0, Narrow klass range: 0x100000000

GC Precious Log:
 CPUs: 8 total, 8 available
 Memory: 15791M
 Large Page Support: Disabled
 NUMA Support: Disabled
 Compressed Oops: Enabled (Zero based)
 Heap Region Size: 2M
 Heap Min Capacity: 8M
 Heap Initial Capacity: 248M
 Heap Max Capacity: 3948M
 Pre-touch: Disabled
 Parallel Workers: 8
 Concurrent Workers: 2
 Concurrent Refinement Workers: 8
 Periodic GC: Disabled

Heap:
 garbage-first heap   total 253952K, used 10240K [0x0000000709400000, 0x0000000800000000)
  region size 2048K, 7 young (14336K), 0 survivors (0K)
 Metaspace       used 4219K, committed 4416K, reserved 1114112K
  class space    used 339K, committed 448K, reserved 1048576K

Heap Regions: E=young(eden), S=young(survivor), O=old, HS=humongous(starts), HC=humongous(continues), CS=collection set, F=free, OA=open archive, CA=closed archive, TAMS=top-at-mark-start (previous, next)
|   0|0x0000000709400000, 0x0000000709400000, 0x0000000709600000|  0%| F|  |TAMS 0x0000000709400000, 0x0000000709400000| Untracked 
|   1|0x0000000709600000, 0x0000000709600000, 0x0000000709800000|  0%| F|  |TAMS 0x0000000709600000, 0x0000000709600000| Untracked 
|   2|0x0000000709800000, 0x0000000709800000, 0x0000000709a00000|  0%| F|  |TAMS 0x0000000709800000, 0x0000000709800000| Untracked 
|   3|0x0000000709a00000, 0x0000000709a00000, 0x0000000709c00000|  0%| F|  |TAMS 0x0000000709a00000, 0x0000000709a00000| Untracked 
|   4|0x0000000709c00000, 0x0000000709c00000, 0x0000000709e00000|  0%| F|  |TAMS 0x0000000709c00000, 0x0000000709c00000| Untracked 
|   5|0x0000000709e00000, 0x0000000709e00000, 0x000000070a000000|  0%| F|  |TAMS 0x0000000709e00000, 0x0000000709e00000| Untracked 
|   6|0x000000070a000000, 0x000000070a000000, 0x000000070a200000|  0%| F|  |TAMS 0x000000070a000000, 0x000000070a000000| Untracked 
|   7|0x000000070a200000, 0x000000070a200000, 0x000000070a400000|  0%| F|  |TAMS 0x000000070a200000, 0x000000070a200000| Untracked 
|   8|0x000000070a400000, 0x000000070a400000, 0x000000070a600000|  0%| F|  |TAMS 0x000000070a400000, 0x000000070a400000| Untracked 
|   9|0x000000070a600000, 0x000000070a600000, 0x000000070a800000|  0%| F|  |TAMS 0x000000070a600000, 0x000000070a600000| Untracked 
|  10|0x000000070a800000, 0x000000070a800000, 0x000000070aa00000|  0%| F|  |TAMS 0x000000070a800000, 0x000000070a800000| Untracked 
|  11|0x000000070aa00000, 0x000000070aa00000, 0x000000070ac00000|  0%| F|  |TAMS 0x000000070aa00000, 0x000000070aa00000| Untracked 
|  12|0x000000070ac00000, 0x000000070ac00000, 0x000000070ae00000|  0%| F|  |TAMS 0x000000070ac00000, 0x000000070ac00000| Untracked 
|  13|0x000000070ae00000, 0x000000070ae00000, 0x000000070b000000|  0%| F|  |TAMS 0x000000070ae00000, 0x000000070ae00000| Untracked 
|  14|0x000000070b000000, 0x000000070b000000, 0x000000070b200000|  0%| F|  |TAMS 0x000000070b000000, 0x000000070b000000| Untracked 
|  15|0x000000070b200000, 0x000000070b200000, 0x000000070b400000|  0%| F|  |TAMS 0x000000070b200000, 0x000000070b200000| Untracked 
|  16|0x000000070b400000, 0x000000070b400000, 0x000000070b600000|  0%| F|  |TAMS 0x000000070b400000, 0x000000070b400000| Untracked 
|  17|0x000000070b600000, 0x000000070b600000, 0x000000070b800000|  0%| F|  |TAMS 0x000000070b600000, 0x000000070b600000| Untracked 
|  18|0x000000070b800000, 0x000000070b800000, 0x000000070ba00000|  0%| F|  |TAMS 0x000000070b800000, 0x000000070b800000| Untracked 
|  19|0x000000070ba00000, 0x000000070ba00000, 0x000000070bc00000|  0%| F|  |TAMS 0x000000070ba00000, 0x000000070ba00000| Untracked 
|  20|0x000000070bc00000, 0x000000070bc00000, 0x000000070be00000|  0%| F|  |TAMS 0x000000070bc00000, 0x000000070bc00000| Untracked 
|  21|0x000000070be00000, 0x000000070be00000, 0x000000070c000000|  0%| F|  |TAMS 0x000000070be00000, 0x000000070be00000| Untracked 
|  22|0x000000070c000000, 0x000000070c000000, 0x000000070c200000|  0%| F|  |TAMS 0x000000070c000000, 0x000000070c000000| Untracked 
|  23|0x000000070c200000, 0x000000070c200000, 0x000000070c400000|  0%| F|  |TAMS 0x000000070c200000, 0x000000070c200000| Untracked 
|  24|0x000000070c400000, 0x000000070c400000, 0x000000070c600000|  0%| F|  |TAMS 0x000000070c400000, 0x000000070c400000| Untracked 
|  25|0x000000070c600000, 0x000000070c600000, 0x000000070c800000|  0%| F|  |TAMS 0x000000070c600000, 0x000000070c600000| Untracked 
|  26|0x000000070c800000, 0x000000070c800000, 0x000000070ca00000|  0%| F|  |TAMS 0x000000070c800000, 0x000000070c800000| Untracked 
|  27|0x000000070ca00000, 0x000000070ca00000, 0x000000070cc00000|  0%| F|  |TAMS 0x000000070ca00000, 0x000000070ca00000| Untracked 
|  28|0x000000070cc00000, 0x000000070cc00000, 0x000000070ce00000|  0%| F|  |TAMS 0x000000070cc00000, 0x000000070cc00000| Untracked 
|  29|0x000000070ce00000, 0x000000070ce00000, 0x000000070d000000|  0%| F|  |TAMS 0x000000070ce00000, 0x000000070ce00000| Untracked 
|  30|0x000000070d000000, 0x000000070d000000, 0x000000070d200000|  0%| F|  |TAMS 0x000000070d000000, 0x000000070d000000| Untracked 
|  31|0x000000070d200000, 0x000000070d200000, 0x000000070d400000|  0%| F|  |TAMS 0x000000070d200000, 0x000000070d200000| Untracked 
|  32|0x000000070d400000, 0x000000070d400000, 0x000000070d600000|  0%| F|  |TAMS 0x000000070d400000, 0x000000070d400000| Untracked 
|  33|0x000000070d600000, 0x000000070d600000, 0x000000070d800000|  0%| F|  |TAMS 0x000000070d600000, 0x000000070d600000| Untracked 
|  34|0x000000070d800000, 0x000000070d800000, 0x000000070da00000|  0%| F|  |TAMS 0x000000070d800000, 0x000000070d800000| Untracked 
|  35|0x000000070da00000, 0x000000070da00000, 0x000000070dc00000|  0%| F|  |TAMS 0x000000070da00000, 0x000000070da00000| Untracked 
|  36|0x000000070dc00000, 0x000000070dc00000, 0x000000070de00000|  0%| F|  |TAMS 0x000000070dc00000, 0x000000070dc00000| Untracked 
|  37|0x000000070de00000, 0x000000070de00000, 0x000000070e000000|  0%| F|  |TAMS 0x000000070de00000, 0x000000070de00000| Untracked 
|  38|0x000000070e000000, 0x000000070e000000, 0x000000070e200000|  0%| F|  |TAMS 0x000000070e000000, 0x000000070e000000| Untracked 
|  39|0x000000070e200000, 0x000000070e200000, 0x000000070e400000|  0%| F|  |TAMS 0x000000070e200000, 0x000000070e200000| Untracked 
|  40|0x000000070e400000, 0x000000070e400000, 0x000000070e600000|  0%| F|  |TAMS 0x000000070e400000, 0x000000070e400000| Untracked 
|  41|0x000000070e600000, 0x000000070e600000, 0x000000070e800000|  0%| F|  |TAMS 0x000000070e600000, 0x000000070e600000| Untracked 
|  42|0x000000070e800000, 0x000000070e800000, 0x000000070ea00000|  0%| F|  |TAMS 0x000000070e800000, 0x000000070e800000| Untracked 
|  43|0x000000070ea00000, 0x000000070ea00000, 0x000000070ec00000|  0%| F|  |TAMS 0x000000070ea00000, 0x000000070ea00000| Untracked 
|  44|0x000000070ec00000, 0x000000070ec00000, 0x000000070ee00000|  0%| F|  |TAMS 0x000000070ec00000, 0x000000070ec00000| Untracked 
|  45|0x000000070ee00000, 0x000000070ee00000, 0x000000070f000000|  0%| F|  |TAMS 0x000000070ee00000, 0x000000070ee00000| Untracked 
|  46|0x000000070f000000, 0x000000070f000000, 0x000000070f200000|  0%| F|  |TAMS 0x000000070f000000, 0x000000070f000000| Untracked 
|  47|0x000000070f200000, 0x000000070f200000, 0x000000070f400000|  0%| F|  |TAMS 0x000000070f200000, 0x000000070f200000| Untracked 
|  48|0x000000070f400000, 0x000000070f400000, 0x000000070f600000|  0%| F|  |TAMS 0x000000070f400000, 0x000000070f400000| Untracked 
|  49|0x000000070f600000, 0x000000070f600000, 0x000000070f800000|  0%| F|  |TAMS 0x000000070f600000, 0x000000070f600000| Untracked 
|  50|0x000000070f800000, 0x000000070f800000, 0x000000070fa00000|  0%| F|  |TAMS 0x000000070f800000, 0x000000070f800000| Untracked 
|  51|0x000000070fa00000, 0x000000070fa00000, 0x000000070fc00000|  0%| F|  |TAMS 0x000000070fa00000, 0x000000070fa00000| Untracked 
|  52|0x000000070fc00000, 0x000000070fc00000, 0x000000070fe00000|  0%| F|  |TAMS 0x000000070fc00000, 0x000000070fc00000| Untracked 
|  53|0x000000070fe00000, 0x000000070fe00000, 0x0000000710000000|  0%| F|  |TAMS 0x000000070fe00000, 0x000000070fe00000| Untracked 
|  54|0x0000000710000000, 0x0000000710000000, 0x0000000710200000|  0%| F|  |TAMS 0x0000000710000000, 0x0000000710000000| Untracked 
|  55|0x0000000710200000, 0x0000000710200000, 0x0000000710400000|  0%| F|  |TAMS 0x0000000710200000, 0x0000000710200000| Untracked 
|  56|0x0000000710400000, 0x0000000710400000, 0x0000000710600000|  0%| F|  |TAMS 0x0000000710400000, 0x0000000710400000| Untracked 
|  57|0x0000000710600000, 0x0000000710600000, 0x0000000710800000|  0%| F|  |TAMS 0x0000000710600000, 0x0000000710600000| Untracked 
|  58|0x0000000710800000, 0x0000000710800000, 0x0000000710a00000|  0%| F|  |TAMS 0x0000000710800000, 0x0000000710800000| Untracked 
|  59|0x0000000710a00000, 0x0000000710a00000, 0x0000000710c00000|  0%| F|  |TAMS 0x0000000710a00000, 0x0000000710a00000| Untracked 
|  60|0x0000000710c00000, 0x0000000710c00000, 0x0000000710e00000|  0%| F|  |TAMS 0x0000000710c00000, 0x0000000710c00000| Untracked 
|  61|0x0000000710e00000, 0x0000000710e00000, 0x0000000711000000|  0%| F|  |TAMS 0x0000000710e00000, 0x0000000710e00000| Untracked 
|  62|0x0000000711000000, 0x0000000711000000, 0x0000000711200000|  0%| F|  |TAMS 0x0000000711000000, 0x0000000711000000| Untracked 
|  63|0x0000000711200000, 0x0000000711200000, 0x0000000711400000|  0%| F|  |TAMS 0x0000000711200000, 0x0000000711200000| Untracked 
|  64|0x0000000711400000, 0x0000000711400000, 0x0000000711600000|  0%| F|  |TAMS 0x0000000711400000, 0x0000000711400000| Untracked 
|  65|0x0000000711600000, 0x0000000711600000, 0x0000000711800000|  0%| F|  |TAMS 0x0000000711600000, 0x0000000711600000| Untracked 
|  66|0x0000000711800000, 0x0000000711800000, 0x0000000711a00000|  0%| F|  |TAMS 0x0000000711800000, 0x0000000711800000| Untracked 
|  67|0x0000000711a00000, 0x0000000711a00000, 0x0000000711c00000|  0%| F|  |TAMS 0x0000000711a00000, 0x0000000711a00000| Untracked 
|  68|0x0000000711c00000, 0x0000000711c00000, 0x0000000711e00000|  0%| F|  |TAMS 0x0000000711c00000, 0x0000000711c00000| Untracked 
|  69|0x0000000711e00000, 0x0000000711e00000, 0x0000000712000000|  0%| F|  |TAMS 0x0000000711e00000, 0x0000000711e00000| Untracked 
|  70|0x0000000712000000, 0x0000000712000000, 0x0000000712200000|  0%| F|  |TAMS 0x0000000712000000, 0x0000000712000000| Untracked 
|  71|0x0000000712200000, 0x0000000712200000, 0x0000000712400000|  0%| F|  |TAMS 0x0000000712200000, 0x0000000712200000| Untracked 
|  72|0x0000000712400000, 0x0000000712400000, 0x0000000712600000|  0%| F|  |TAMS 0x0000000712400000, 0x0000000712400000| Untracked 
|  73|0x0000000712600000, 0x0000000712600000, 0x0000000712800000|  0%| F|  |TAMS 0x0000000712600000, 0x0000000712600000| Untracked 
|  74|0x0000000712800000, 0x0000000712800000, 0x0000000712a00000|  0%| F|  |TAMS 0x0000000712800000, 0x0000000712800000| Untracked 
|  75|0x0000000712a00000, 0x0000000712a00000, 0x0000000712c00000|  0%| F|  |TAMS 0x0000000712a00000, 0x0000000712a00000| Untracked 
|  76|0x0000000712c00000, 0x0000000712c00000, 0x0000000712e00000|  0%| F|  |TAMS 0x0000000712c00000, 0x0000000712c00000| Untracked 
|  77|0x0000000712e00000, 0x0000000712e00000, 0x0000000713000000|  0%| F|  |TAMS 0x0000000712e00000, 0x0000000712e00000| Untracked 
|  78|0x0000000713000000, 0x0000000713000000, 0x0000000713200000|  0%| F|  |TAMS 0x0000000713000000, 0x0000000713000000| Untracked 
|  79|0x0000000713200000, 0x0000000713200000, 0x0000000713400000|  0%| F|  |TAMS 0x0000000713200000, 0x0000000713200000| Untracked 
|  80|0x0000000713400000, 0x0000000713400000, 0x0000000713600000|  0%| F|  |TAMS 0x0000000713400000, 0x0000000713400000| Untracked 
|  81|0x0000000713600000, 0x0000000713600000, 0x0000000713800000|  0%| F|  |TAMS 0x0000000713600000, 0x0000000713600000| Untracked 
|  82|0x0000000713800000, 0x0000000713800000, 0x0000000713a00000|  0%| F|  |TAMS 0x0000000713800000, 0x0000000713800000| Untracked 
|  83|0x0000000713a00000, 0x0000000713a00000, 0x0000000713c00000|  0%| F|  |TAMS 0x0000000713a00000, 0x0000000713a00000| Untracked 
|  84|0x0000000713c00000, 0x0000000713c00000, 0x0000000713e00000|  0%| F|  |TAMS 0x0000000713c00000, 0x0000000713c00000| Untracked 
|  85|0x0000000713e00000, 0x0000000713e00000, 0x0000000714000000|  0%| F|  |TAMS 0x0000000713e00000, 0x0000000713e00000| Untracked 
|  86|0x0000000714000000, 0x0000000714000000, 0x0000000714200000|  0%| F|  |TAMS 0x0000000714000000, 0x0000000714000000| Untracked 
|  87|0x0000000714200000, 0x0000000714200000, 0x0000000714400000|  0%| F|  |TAMS 0x0000000714200000, 0x0000000714200000| Untracked 
|  88|0x0000000714400000, 0x0000000714400000, 0x0000000714600000|  0%| F|  |TAMS 0x0000000714400000, 0x0000000714400000| Untracked 
|  89|0x0000000714600000, 0x0000000714600000, 0x0000000714800000|  0%| F|  |TAMS 0x0000000714600000, 0x0000000714600000| Untracked 
|  90|0x0000000714800000, 0x0000000714800000, 0x0000000714a00000|  0%| F|  |TAMS 0x0000000714800000, 0x0000000714800000| Untracked 
|  91|0x0000000714a00000, 0x0000000714a00000, 0x0000000714c00000|  0%| F|  |TAMS 0x0000000714a00000, 0x0000000714a00000| Untracked 
|  92|0x0000000714c00000, 0x0000000714c00000, 0x0000000714e00000|  0%| F|  |TAMS 0x0000000714c00000, 0x0000000714c00000| Untracked 
|  93|0x0000000714e00000, 0x0000000714e00000, 0x0000000715000000|  0%| F|  |TAMS 0x0000000714e00000, 0x0000000714e00000| Untracked 
|  94|0x0000000715000000, 0x0000000715000000, 0x0000000715200000|  0%| F|  |TAMS 0x0000000715000000, 0x0000000715000000| Untracked 
|  95|0x0000000715200000, 0x0000000715200000, 0x0000000715400000|  0%| F|  |TAMS 0x0000000715200000, 0x0000000715200000| Untracked 
|  96|0x0000000715400000, 0x0000000715400000, 0x0000000715600000|  0%| F|  |TAMS 0x0000000715400000, 0x0000000715400000| Untracked 
|  97|0x0000000715600000, 0x0000000715600000, 0x0000000715800000|  0%| F|  |TAMS 0x0000000715600000, 0x0000000715600000| Untracked 
|  98|0x0000000715800000, 0x0000000715800000, 0x0000000715a00000|  0%| F|  |TAMS 0x0000000715800000, 0x0000000715800000| Untracked 
|  99|0x0000000715a00000, 0x0000000715a00000, 0x0000000715c00000|  0%| F|  |TAMS 0x0000000715a00000, 0x0000000715a00000| Untracked 
| 100|0x0000000715c00000, 0x0000000715c00000, 0x0000000715e00000|  0%| F|  |TAMS 0x0000000715c00000, 0x0000000715c00000| Untracked 
| 101|0x0000000715e00000, 0x0000000715e00000, 0x0000000716000000|  0%| F|  |TAMS 0x0000000715e00000, 0x0000000715e00000| Untracked 
| 102|0x0000000716000000, 0x0000000716000000, 0x0000000716200000|  0%| F|  |TAMS 0x0000000716000000, 0x0000000716000000| Untracked 
| 103|0x0000000716200000, 0x0000000716200000, 0x0000000716400000|  0%| F|  |TAMS 0x0000000716200000, 0x0000000716200000| Untracked 
| 104|0x0000000716400000, 0x0000000716400000, 0x0000000716600000|  0%| F|  |TAMS 0x0000000716400000, 0x0000000716400000| Untracked 
| 105|0x0000000716600000, 0x0000000716600000, 0x0000000716800000|  0%| F|  |TAMS 0x0000000716600000, 0x0000000716600000| Untracked 
| 106|0x0000000716800000, 0x0000000716800000, 0x0000000716a00000|  0%| F|  |TAMS 0x0000000716800000, 0x0000000716800000| Untracked 
| 107|0x0000000716a00000, 0x0000000716a00000, 0x0000000716c00000|  0%| F|  |TAMS 0x0000000716a00000, 0x0000000716a00000| Untracked 
| 108|0x0000000716c00000, 0x0000000716c00000, 0x0000000716e00000|  0%| F|  |TAMS 0x0000000716c00000, 0x0000000716c00000| Untracked 
| 109|0x0000000716e00000, 0x0000000716e00000, 0x0000000717000000|  0%| F|  |TAMS 0x0000000716e00000, 0x0000000716e00000| Untracked 
| 110|0x0000000717000000, 0x0000000717000000, 0x0000000717200000|  0%| F|  |TAMS 0x0000000717000000, 0x0000000717000000| Untracked 
| 111|0x0000000717200000, 0x0000000717200000, 0x0000000717400000|  0%| F|  |TAMS 0x0000000717200000, 0x0000000717200000| Untracked 
| 112|0x0000000717400000, 0x0000000717400000, 0x0000000717600000|  0%| F|  |TAMS 0x0000000717400000, 0x0000000717400000| Untracked 
| 113|0x0000000717600000, 0x0000000717600000, 0x0000000717800000|  0%| F|  |TAMS 0x0000000717600000, 0x0000000717600000| Untracked 
| 114|0x0000000717800000, 0x0000000717800000, 0x0000000717a00000|  0%| F|  |TAMS 0x0000000717800000, 0x0000000717800000| Untracked 
| 115|0x0000000717a00000, 0x0000000717a00000, 0x0000000717c00000|  0%| F|  |TAMS 0x0000000717a00000, 0x0000000717a00000| Untracked 
| 116|0x0000000717c00000, 0x0000000717c00000, 0x0000000717e00000|  0%| F|  |TAMS 0x0000000717c00000, 0x0000000717c00000| Untracked 
| 117|0x0000000717e00000, 0x0000000717e70a70, 0x0000000718000000| 22%| E|  |TAMS 0x0000000717e00000, 0x0000000717e00000| Complete 
| 118|0x0000000718000000, 0x0000000718200000, 0x0000000718200000|100%| E|CS|TAMS 0x0000000718000000, 0x0000000718000000| Complete 
| 119|0x0000000718200000, 0x0000000718400000, 0x0000000718400000|100%| E|CS|TAMS 0x0000000718200000, 0x0000000718200000| Complete 
| 120|0x0000000718400000, 0x0000000718600000, 0x0000000718600000|100%| E|CS|TAMS 0x0000000718400000, 0x0000000718400000| Complete 
| 121|0x0000000718600000, 0x0000000718800000, 0x0000000718800000|100%| E|CS|TAMS 0x0000000718600000, 0x0000000718600000| Complete 
| 122|0x0000000718800000, 0x0000000718a00000, 0x0000000718a00000|100%| E|CS|TAMS 0x0000000718800000, 0x0000000718800000| Complete 
| 123|0x0000000718a00000, 0x0000000718c00000, 0x0000000718c00000|100%| E|  |TAMS 0x0000000718a00000, 0x0000000718a00000| Complete 

Card table byte_map: [0x000001e06bc20000,0x000001e06c3e0000] _byte_map_base: 0x000001e0683d6000

Marking Bits (Prev, Next): (CMBitMap*) 0x000001e0532ca8e0, (CMBitMap*) 0x000001e0532ca920
 Prev Bits: [0x000001e06cba0000, 0x000001e070950000)
 Next Bits: [0x000001e070950000, 0x000001e074700000)

Polling page: 0x000001e0511d0000

Metaspace:

Usage:
  Non-class:      4.02 MB used.
      Class:    376.87 KB used.
       Both:      4.38 MB used.

Virtual space:
  Non-class space:       64.00 MB reserved,       4.06 MB (  6%) committed,  1 nodes.
      Class space:        1.00 GB reserved,     448.00 KB ( <1%) committed,  1 nodes.
             Both:        1.06 GB reserved,       4.50 MB ( <1%) committed. 

Chunk freelists:
   Non-Class:  9.59 MB
       Class:  15.53 MB
        Both:  25.12 MB

MaxMetaspaceSize: unlimited
CompressedClassSpaceSize: 1.00 GB
Initial GC threshold: 21.00 MB
Current GC threshold: 21.00 MB
CDS: on
MetaspaceReclaimPolicy: balanced
 - commit_granule_bytes: 65536.
 - commit_granule_words: 8192.
 - virtual_space_node_default_size: 8388608.
 - enlarge_chunks_in_place: 1.
 - new_chunks_are_fully_committed: 0.
 - uncommit_free_chunks: 1.
 - use_allocation_guard: 0.
 - handle_deallocations: 1.


Internal statistics:

num_allocs_failed_limit: 0.
num_arena_births: 20.
num_arena_deaths: 0.
num_vsnodes_births: 2.
num_vsnodes_deaths: 0.
num_space_committed: 72.
num_space_uncommitted: 0.
num_chunks_returned_to_freelist: 0.
num_chunks_taken_from_freelist: 115.
num_chunk_merges: 0.
num_chunk_splits: 98.
num_chunks_enlarged: 90.
num_inconsistent_stats: 0.

CodeHeap 'non-profiled nmethods': size=120000Kb used=160Kb max_used=160Kb free=119839Kb
 bounds [0x000001e063c00000, 0x000001e063e70000, 0x000001e06b130000]
CodeHeap 'profiled nmethods': size=120000Kb used=890Kb max_used=890Kb free=119109Kb
 bounds [0x000001e05c130000, 0x000001e05c3a0000, 0x000001e063660000]
CodeHeap 'non-nmethods': size=5760Kb used=1171Kb max_used=1197Kb free=4588Kb
 bounds [0x000001e063660000, 0x000001e0638d0000, 0x000001e063c00000]
 total_blobs=1026 nmethods=560 adapters=379
 compilation: enabled
              stopped_count=0, restarted_count=0
 full_count=0

Compilation events (20 events):
Event: 0.707 Thread 0x000001e077294400 nmethod 516 0x000001e05c1ee590 code [0x000001e05c1ee9a0, 0x000001e05c1f0d18]
Event: 0.708 Thread 0x000001e077294400  517       3       java.lang.String::equalsIgnoreCase (45 bytes)
Event: 0.709 Thread 0x000001e077294400 nmethod 517 0x000001e05c1f1d90 code [0x000001e05c1f1f80, 0x000001e05c1f24c8]
Event: 0.711 Thread 0x000001e077294400  518   !   3       java.util.jar.JarFile::isMultiRelease (33 bytes)
Event: 0.711 Thread 0x000001e077294400 nmethod 518 0x000001e05c1f2690 code [0x000001e05c1f2840, 0x000001e05c1f2a48]
Event: 0.711 Thread 0x000001e077294400  519   !   3       java.util.jar.JarFile::checkForSpecialAttributes (163 bytes)
Event: 0.711 Thread 0x000001e077287c80  520       4       java.lang.String::equals (56 bytes)
Event: 0.712 Thread 0x000001e077294400 nmethod 519 0x000001e05c1f2b10 code [0x000001e05c1f2e20, 0x000001e05c1f4008]
Event: 0.712 Thread 0x000001e077287c80 nmethod 520 0x000001e063c26010 code [0x000001e063c26180, 0x000001e063c26378]
Event: 0.713 Thread 0x000001e077294400  521  s    3       java.util.jar.JarFile::getInputStream (72 bytes)
Event: 0.713 Thread 0x000001e077294400 nmethod 521 0x000001e05c1f4810 code [0x000001e05c1f4a40, 0x000001e05c1f4f98]
Event: 0.714 Thread 0x000001e077294400  522       3       jdk.internal.loader.URLClassPath$JarLoader$2::getInputStream (15 bytes)
Event: 0.714 Thread 0x000001e077294400 nmethod 522 0x000001e05c1f5190 code [0x000001e05c1f5340, 0x000001e05c1f5528]
Event: 0.715 Thread 0x000001e077294400  523  s    3       jdk.internal.loader.Resource::cachedInputStream (20 bytes)
Event: 0.715 Thread 0x000001e077294400 nmethod 523 0x000001e05c1f5610 code [0x000001e05c1f57c0, 0x000001e05c1f5b68]
Event: 0.729 Thread 0x000001e077294400  524       3       java.lang.StringBuilder::append (8 bytes)
Event: 0.733 Thread 0x000001e077294400 nmethod 524 0x000001e05c1f5d10 code [0x000001e05c1f5ea0, 0x000001e05c1f5fe8]
Event: 0.734 Thread 0x000001e077287c80  525       4       java.lang.Object::<init> (1 bytes)
Event: 0.739 Thread 0x000001e077287c80 nmethod 525 0x000001e063c26410 code [0x000001e063c26580, 0x000001e063c26638]
Event: 0.760 Thread 0x000001e07767c130  527       4       java.lang.StringLatin1::replace (198 bytes)

GC Heap History (0 events):
No events

Dll operation events (7 events):
Event: 0.007 Loaded shared library C:\Program Files\OpenLogic\jdk-17.0.13.11-hotspot\bin\java.dll
Event: 0.073 Loaded shared library C:\Program Files\OpenLogic\jdk-17.0.13.11-hotspot\bin\jsvml.dll
Event: 0.114 Loaded shared library C:\Program Files\OpenLogic\jdk-17.0.13.11-hotspot\bin\net.dll
Event: 0.117 Loaded shared library C:\Program Files\OpenLogic\jdk-17.0.13.11-hotspot\bin\nio.dll
Event: 0.129 Loaded shared library C:\Program Files\OpenLogic\jdk-17.0.13.11-hotspot\bin\zip.dll
Event: 0.498 Loaded shared library C:\Program Files\OpenLogic\jdk-17.0.13.11-hotspot\bin\jimage.dll
Event: 0.689 Loaded shared library C:\Users\a\AppData\Local\Temp\jna-97\jna12627906218359701067.dll

Deoptimization events (12 events):
Event: 0.307 Thread 0x000001e053262580 DEOPT PACKING pc=0x000001e05c148043 sp=0x00000010b8ffc800
Event: 0.307 Thread 0x000001e053262580 DEOPT UNPACKING pc=0x000001e0636b7143 sp=0x00000010b8ffbc20 mode 0
Event: 0.336 Thread 0x000001e053262580 DEOPT PACKING pc=0x000001e05c1473c5 sp=0x00000010b8ffac60
Event: 0.336 Thread 0x000001e053262580 DEOPT UNPACKING pc=0x000001e0636b7143 sp=0x00000010b8ffa0d8 mode 0
Event: 0.441 Thread 0x000001e053262580 Uncommon trap: trap_request=0xffffff45 fr.pc=0x000001e063c0524c relative=0x00000000000001ac
Event: 0.441 Thread 0x000001e053262580 Uncommon trap: reason=unstable_if action=reinterpret pc=0x000001e063c0524c method=java.lang.String.hashCode()I @ 13 c2
Event: 0.441 Thread 0x000001e053262580 DEOPT PACKING pc=0x000001e063c0524c sp=0x00000010b8ff9e70
Event: 0.441 Thread 0x000001e053262580 DEOPT UNPACKING pc=0x000001e0636b69a3 sp=0x00000010b8ff9e08 mode 2
Event: 0.718 Thread 0x000001e053262580 Uncommon trap: trap_request=0xffffff45 fr.pc=0x000001e063c228bc relative=0x000000000000061c
Event: 0.718 Thread 0x000001e053262580 Uncommon trap: reason=unstable_if action=reinterpret pc=0x000001e063c228bc method=java.lang.AbstractStringBuilder.append(Ljava/lang/String;)Ljava/lang/AbstractStringBuilder; @ 1 c2
Event: 0.718 Thread 0x000001e053262580 DEOPT PACKING pc=0x000001e063c228bc sp=0x00000010b8ffdd70
Event: 0.718 Thread 0x000001e053262580 DEOPT UNPACKING pc=0x000001e0636b69a3 sp=0x00000010b8ffdd00 mode 2

Classes loaded (20 events):
Event: 0.716 Loading class java/io/InputStreamReader
Event: 0.716 Loading class java/io/InputStreamReader done
Event: 0.717 Loading class java/io/PrintWriter
Event: 0.717 Loading class java/io/PrintWriter done
Event: 0.739 Loading class java/lang/reflect/TypeVariable
Event: 0.739 Loading class java/lang/reflect/TypeVariable done
Event: 0.739 Loading class java/lang/reflect/AnnotatedType
Event: 0.754 Loading class java/lang/reflect/AnnotatedType done
Event: 0.754 Loading class java/lang/reflect/Proxy
Event: 0.754 Loading class java/lang/reflect/Proxy done
Event: 0.755 Loading class java/lang/reflect/Proxy$1
Event: 0.755 Loading class java/lang/reflect/Proxy$1 done
Event: 0.755 Loading class jdk/internal/loader/AbstractClassLoaderValue$Sub
Event: 0.755 Loading class jdk/internal/loader/AbstractClassLoaderValue$Sub done
Event: 0.759 Loading class java/lang/reflect/Proxy$ProxyBuilder
Event: 0.759 Loading class java/lang/reflect/Proxy$ProxyBuilder done
Event: 0.760 Loading class java/util/Collections$SingletonList
Event: 0.760 Loading class java/util/Collections$SingletonList done
Event: 0.760 Loading class java/lang/PublicMethods
Event: 0.760 Loading class java/lang/PublicMethods done

Classes unloaded (0 events):
No events

Classes redefined (0 events):
No events

Internal exceptions (3 events):
Event: 0.540 Thread 0x000001e053262580 Exception <a 'java/lang/NoSuchMethodError'{0x000000071807a528}: 'java.lang.Object java.lang.invoke.DirectMethodHandle$Holder.invokeStaticInit(java.lang.Object, int, int, int, int)'> (0x000000071807a528) 
thrown [s\src\hotspot\share\interpreter\linkResolver.cpp, line 759]
Event: 0.661 Thread 0x000001e053262580 Exception <a 'java/lang/NoSuchMethodError'{0x000000071811eeb0}: 'java.lang.Object java.lang.invoke.DirectMethodHandle$Holder.invokeStaticInit(java.lang.Object, java.lang.Object, int, int, int, int)'> (0x000000071811eeb0) 
thrown [s\src\hotspot\share\interpreter\linkResolver.cpp, line 759]
Event: 0.718 Thread 0x000001e053262580 Implicit null exception at 0x000001e063c222d5 to 0x000001e063c228a4

VM Operations (8 events):
Event: 0.131 Executing VM operation: HandshakeAllThreads
Event: 0.131 Executing VM operation: HandshakeAllThreads done
Event: 0.514 Executing VM operation: HandshakeAllThreads
Event: 0.514 Executing VM operation: HandshakeAllThreads done
Event: 0.562 Executing VM operation: HandshakeAllThreads
Event: 0.562 Executing VM operation: HandshakeAllThreads done
Event: 0.712 Executing VM operation: HandshakeAllThreads
Event: 0.712 Executing VM operation: HandshakeAllThreads done

Memory protections (0 events):
No events

Nmethod flushes (0 events):
No events

Events (14 events):
Event: 0.074 Thread 0x000001e053262580 Thread added: 0x000001e053262580
Event: 0.076 Thread 0x000001e053262580 Thread added: 0x000001e077166c10
Event: 0.076 Thread 0x000001e053262580 Thread added: 0x000001e0771677a0
Event: 0.086 Thread 0x000001e053262580 Thread added: 0x000001e07717e5c0
Event: 0.086 Thread 0x000001e053262580 Thread added: 0x000001e077284090
Event: 0.086 Thread 0x000001e053262580 Thread added: 0x000001e077284960
Event: 0.086 Thread 0x000001e053262580 Thread added: 0x000001e077286450
Event: 0.086 Thread 0x000001e053262580 Thread added: 0x000001e077287c80
Event: 0.086 Thread 0x000001e053262580 Thread added: 0x000001e077294400
Event: 0.086 Thread 0x000001e053262580 Thread added: 0x000001e07729fba0
Event: 0.107 Thread 0x000001e053262580 Thread added: 0x000001e0773e4220
Event: 0.109 Thread 0x000001e053262580 Thread added: 0x000001e0773eac30
Event: 0.653 Thread 0x000001e077294400 Thread added: 0x000001e07767c130
Event: 0.719 Thread 0x000001e053262580 Thread added: 0x000001e0776d4c20


Dynamic libraries:
0x00007ff7fbe80000 - 0x00007ff7fbe8e000 	C:\Program Files\OpenLogic\jdk-17.0.13.11-hotspot\bin\java.exe
0x00007ff90ed10000 - 0x00007ff90ef08000 	C:\Windows\SYSTEM32\ntdll.dll
0x00007ff90de30000 - 0x00007ff90def2000 	C:\Windows\System32\KERNEL32.DLL
0x00007ff90c590000 - 0x00007ff90c886000 	C:\Windows\System32\KERNELBASE.dll
0x00007ff90c890000 - 0x00007ff90c990000 	C:\Windows\System32\ucrtbase.dll
0x00007ff907790000 - 0x00007ff9077ab000 	C:\Program Files\OpenLogic\jdk-17.0.13.11-hotspot\bin\VCRUNTIME140.dll
0x00007ff905370000 - 0x00007ff905387000 	C:\Program Files\OpenLogic\jdk-17.0.13.11-hotspot\bin\jli.dll
0x00007ff90d280000 - 0x00007ff90d41d000 	C:\Windows\System32\USER32.dll
0x00007ff90c430000 - 0x00007ff90c452000 	C:\Windows\System32\win32u.dll
0x00007ff90df00000 - 0x00007ff90df2b000 	C:\Windows\System32\GDI32.dll
0x00007ff8fc170000 - 0x00007ff8fc40a000 	C:\Windows\WinSxS\amd64_microsoft.windows.common-controls_6595b64144ccf1df_6.0.19041.5794_none_60bcd33171f2783c\COMCTL32.dll
0x00007ff90cc20000 - 0x00007ff90cd3a000 	C:\Windows\System32\gdi32full.dll
0x00007ff90cb80000 - 0x00007ff90cc1d000 	C:\Windows\System32\msvcp_win.dll
0x00007ff90eb80000 - 0x00007ff90ec1e000 	C:\Windows\System32\msvcrt.dll
0x00007ff90d9e0000 - 0x00007ff90da0f000 	C:\Windows\System32\IMM32.DLL
0x00007ff908ba0000 - 0x00007ff908bac000 	C:\Program Files\OpenLogic\jdk-17.0.13.11-hotspot\bin\vcruntime140_1.dll
0x00007ff8e2380000 - 0x00007ff8e240d000 	C:\Program Files\OpenLogic\jdk-17.0.13.11-hotspot\bin\msvcp140.dll
0x00007ff892b60000 - 0x00007ff8937cc000 	C:\Program Files\OpenLogic\jdk-17.0.13.11-hotspot\bin\server\jvm.dll
0x00007ff90dc00000 - 0x00007ff90dcaf000 	C:\Windows\System32\ADVAPI32.dll
0x00007ff90ec20000 - 0x00007ff90ecbf000 	C:\Windows\System32\sechost.dll
0x00007ff90d150000 - 0x00007ff90d273000 	C:\Windows\System32\RPCRT4.dll
0x00007ff90c460000 - 0x00007ff90c487000 	C:\Windows\System32\bcrypt.dll
0x00007ff90db90000 - 0x00007ff90dbfb000 	C:\Windows\System32\WS2_32.dll
0x00007ff90bb60000 - 0x00007ff90bbab000 	C:\Windows\SYSTEM32\POWRPROF.dll
0x00007ff901600000 - 0x00007ff901627000 	C:\Windows\SYSTEM32\WINMM.dll
0x00007ff901630000 - 0x00007ff90163a000 	C:\Windows\SYSTEM32\VERSION.dll
0x00007ff90bad0000 - 0x00007ff90bae2000 	C:\Windows\SYSTEM32\UMPDC.dll
0x00007ff90abd0000 - 0x00007ff90abe2000 	C:\Windows\SYSTEM32\kernel.appcore.dll
0x00007ff908b50000 - 0x00007ff908b5a000 	C:\Program Files\OpenLogic\jdk-17.0.13.11-hotspot\bin\jimage.dll
0x00007ff90a090000 - 0x00007ff90a274000 	C:\Windows\SYSTEM32\DBGHELP.DLL
0x00007ff8f7ba0000 - 0x00007ff8f7bd4000 	C:\Windows\SYSTEM32\dbgcore.DLL
0x00007ff90c990000 - 0x00007ff90ca12000 	C:\Windows\System32\bcryptPrimitives.dll
0x00007ff8fdc60000 - 0x00007ff8fdc85000 	C:\Program Files\OpenLogic\jdk-17.0.13.11-hotspot\bin\java.dll
0x00007ff8ddc90000 - 0x00007ff8ddd66000 	C:\Program Files\OpenLogic\jdk-17.0.13.11-hotspot\bin\jsvml.dll
0x00007ff90e400000 - 0x00007ff90eb6e000 	C:\Windows\System32\SHELL32.dll
0x00007ff90a410000 - 0x00007ff90abb3000 	C:\Windows\SYSTEM32\windows.storage.dll
0x00007ff90d5d0000 - 0x00007ff90d923000 	C:\Windows\System32\combase.dll
0x00007ff90bde0000 - 0x00007ff90be0b000 	C:\Windows\SYSTEM32\Wldp.dll
0x00007ff90da30000 - 0x00007ff90dafd000 	C:\Windows\System32\OLEAUT32.dll
0x00007ff90cf70000 - 0x00007ff90d01d000 	C:\Windows\System32\SHCORE.dll
0x00007ff90e3a0000 - 0x00007ff90e3f5000 	C:\Windows\System32\shlwapi.dll
0x00007ff90c2e0000 - 0x00007ff90c305000 	C:\Windows\SYSTEM32\profapi.dll
0x00007ff8fe7a0000 - 0x00007ff8fe7b9000 	C:\Program Files\OpenLogic\jdk-17.0.13.11-hotspot\bin\net.dll
0x00007ff908930000 - 0x00007ff908a3a000 	C:\Windows\SYSTEM32\WINHTTP.dll
0x00007ff90baf0000 - 0x00007ff90bb5c000 	C:\Windows\system32\mswsock.dll
0x00007ff8fe6f0000 - 0x00007ff8fe706000 	C:\Program Files\OpenLogic\jdk-17.0.13.11-hotspot\bin\nio.dll
0x00007ff8fe2f0000 - 0x00007ff8fe308000 	C:\Program Files\OpenLogic\jdk-17.0.13.11-hotspot\bin\zip.dll
0x00007ff90bd30000 - 0x00007ff90bd48000 	C:\Windows\SYSTEM32\CRYPTSP.dll
0x00007ff90b3f0000 - 0x00007ff90b428000 	C:\Windows\system32\rsaenh.dll
0x00007ff90c2a0000 - 0x00007ff90c2ce000 	C:\Windows\SYSTEM32\USERENV.dll
0x00007ff90bd50000 - 0x00007ff90bd5c000 	C:\Windows\SYSTEM32\CRYPTBASE.dll
0x00007ff90b7b0000 - 0x00007ff90b7eb000 	C:\Windows\SYSTEM32\IPHLPAPI.DLL
0x00007ff90ecc0000 - 0x00007ff90ecc8000 	C:\Windows\System32\NSI.dll
0x00007ff905d20000 - 0x00007ff905d37000 	C:\Windows\SYSTEM32\dhcpcsvc6.DLL
0x00007ff905d00000 - 0x00007ff905d1d000 	C:\Windows\SYSTEM32\dhcpcsvc.DLL
0x00007ff90b7f0000 - 0x00007ff90b8ba000 	C:\Windows\SYSTEM32\DNSAPI.dll
0x00007ff8e93d0000 - 0x00007ff8e9415000 	C:\Users\a\AppData\Local\Temp\jna-97\jna12627906218359701067.dll
0x00007ff90eb70000 - 0x00007ff90eb78000 	C:\Windows\System32\PSAPI.DLL
0x00007ff908b60000 - 0x00007ff908b69000 	C:\Program Files\OpenLogic\jdk-17.0.13.11-hotspot\bin\management.dll
0x00007ff907630000 - 0x00007ff90763b000 	C:\Program Files\OpenLogic\jdk-17.0.13.11-hotspot\bin\management_ext.dll

dbghelp: loaded successfully - version: 4.0.5 - missing functions: none
symbol engine: initialized successfully - sym options: 0x614 - pdb path: .;C:\Program Files\OpenLogic\jdk-17.0.13.11-hotspot\bin;C:\Windows\SYSTEM32;C:\Windows\WinSxS\amd64_microsoft.windows.common-controls_6595b64144ccf1df_6.0.19041.5794_none_60bcd33171f2783c;C:\Program Files\OpenLogic\jdk-17.0.13.11-hotspot\bin\server;C:\Users\a\AppData\Local\Temp\jna-97

VM Arguments:
java_command: com.google.prefab.cli.AppKt --build-system cmake --platform android --abi x86_64 --os-version 24 --stl c++_shared --ndk-version 27 --output C:\\Users\\a\\AppData\\Local\\Temp\\agp-prefab-staging576679542864620335\\staged-cli-output C:\\Users\\a\\.gradle\\caches\\8.12\\transforms\\9f8e25feabbe8b0b7a3e83fbd347083e\\transformed\\react-android-0.78.0-debug\\prefab C:\\Users\\a\\.gradle\\caches\\8.12\\transforms\\4c116c53cba92459b32019e002c1a576\\transformed\\hermes-android-0.78.0-debug\\prefab C:\\Users\\a\\.gradle\\caches\\8.12\\transforms\\bbbd7faada6db350ac59925f93ab342e\\transformed\\fbjni-0.7.0\\prefab
java_class_path (initial): C:\\Users\\a\\.gradle\\caches\\modules-2\\files-2.1\\com.google.prefab\\cli\\2.1.0\\aa32fec809c44fa531f01dcfb739b5b3304d3050\\cli-2.1.0-all.jar
Launcher Type: SUN_STANDARD

[Global flags]
     intx CICompilerCount                          = 4                                         {product} {ergonomic}
     uint ConcGCThreads                            = 2                                         {product} {ergonomic}
     uint G1ConcRefinementThreads                  = 8                                         {product} {ergonomic}
   size_t G1HeapRegionSize                         = 2097152                                   {product} {ergonomic}
    uintx GCDrainStackTargetSize                   = 64                                        {product} {ergonomic}
   size_t InitialHeapSize                          = 260046848                                 {product} {ergonomic}
   size_t MarkStackSize                            = 4194304                                   {product} {ergonomic}
   size_t MaxHeapSize                              = 4139778048                                {product} {ergonomic}
   size_t MaxNewSize                               = 2483027968                                {product} {ergonomic}
   size_t MinHeapDeltaBytes                        = 2097152                                   {product} {ergonomic}
   size_t MinHeapSize                              = 8388608                                   {product} {ergonomic}
    uintx NonNMethodCodeHeapSize                   = 5839372                                {pd product} {ergonomic}
    uintx NonProfiledCodeHeapSize                  = 122909434                              {pd product} {ergonomic}
    uintx ProfiledCodeHeapSize                     = 122909434                              {pd product} {ergonomic}
    uintx ReservedCodeCacheSize                    = 251658240                              {pd product} {ergonomic}
     bool SegmentedCodeCache                       = true                                      {product} {ergonomic}
   size_t SoftMaxHeapSize                          = 4139778048                             {manageable} {ergonomic}
     bool UseCompressedClassPointers               = true                           {product lp64_product} {ergonomic}
     bool UseCompressedOops                        = true                           {product lp64_product} {ergonomic}
     bool UseG1GC                                  = true                                      {product} {ergonomic}
     bool UseLargePagesIndividualAllocation        = false                                  {pd product} {ergonomic}

Logging:
Log output configuration:
 #0: stdout all=warning uptime,level,tags
 #1: stderr all=off uptime,level,tags

Environment Variables:
JAVA_HOME=C:\Program Files\OpenLogic\jdk-17.0.13.11-hotspot\
CLASSPATH=E:\FinalProject\Futsalink\Frontend\android\\gradle\wrapper\gradle-wrapper.jar
PATH=E:\FinalProject\Futsalink\frontend\node_modules\.bin;E:\FinalProject\Futsalink\frontend\node_modules\.bin;E:\FinalProject\Futsalink\node_modules\.bin;E:\FinalProject\node_modules\.bin;E:\node_modules\.bin;C:\Users\a\AppData\Roaming\npm\node_modules\npm\node_modules\@npmcli\run-script\lib\node-gyp-bin;C:\Users\a\AppData\Local\Android\Sdk;C:\Users\a\AppData\Local\Android\Sdk\platform-tools;C:\Users\a\AppData\Local\Android\Sdk\platforms;C:\Users\a\AppData\Local\Android\Sdk\build-tools;C:\Users\a\AppData\Local\Android\Sdk\emulator;C:\Program Files\Microsoft SQL Server\Client SDK\ODBC\170\Tools\Binn\;C:\Program Files\dotnet\;C:\Program Files\OpenLogic\jdk-17.0.13.11-hotspot\;C:\Program Files\MATLAB\R2024b\bin;C:\Program Files\MySQL\MySQL Shell 8.0\bin\;C:\Users\a\anaconda3;C:\Users\a\anaconda3\Library\mingw-w64\bin;C:\Users\a\anaconda3\Library\usr\bin;C:\Users\a\anaconda3\Library\bin;C:\Users\a\anaconda3\Scripts;C:\Users\a\AppData\Local\Microsoft\WindowsApps;C:\Users\a\AppData\Local\Programs\Microsoft VS Code\bin;C:\Users\a\AppData\Roaming\Composer\vendor\bin;C:\app\a\product\21c\dbhomeXE\bin;C:\Windows\System32;C:\xampp\instantclient-basic-windows.x64-21.13.0.0.0dbru\instantclient_21_13;C:\Program Files\nodejs;C:\Users\a\AppData\Roaming\npm;C:\Users\a\AppData\Local\Android\Sdk\tools;C:\Users\a\.dotnet\tools;C:\Program Files\OpenLogic\jdk-17.0.13.11-hotspot\bin
USERNAME=a
OS=Windows_NT
PROCESSOR_IDENTIFIER=AMD64 Family 23 Model 96 Stepping 1, AuthenticAMD
TMP=C:\Users\a\AppData\Local\Temp
TEMP=C:\Users\a\AppData\Local\Temp



Periodic native trim disabled


---------------  S Y S T E M  ---------------

OS:
 Windows 10 , 64 bit Build 19041 (10.0.19041.5794)
OS uptime: 3 days 2:47 hours

CPU: total 8 (initial active 8) (8 cores per cpu, 1 threads per core) family 23 model 96 stepping 1 microcode 0x0, cx8, cmov, fxsr, mmx, 3dnowpref, sse, sse2, sse3, ssse3, sse4a, sse4.1, sse4.2, popcnt, lzcnt, tsc, tscinvbit, avx, avx2, aes, clmul, bmi1, bmi2, adx, sha, fma, vzeroupper, clflush, clflushopt
Processor Information for all 8 processors :
  Max Mhz: 2000, Current Mhz: 2000, Mhz Limit: 2000

Memory: 4k page, system-wide physical 15791M (634M free)
TotalPageFile size 19887M (AvailPageFile size 58M)
current process WorkingSet (physical memory assigned to process): 57M, peak: 57M
current process commit charge ("private bytes"): 343M, peak: 343M

vm_info: OpenJDK 64-Bit Server VM (17.0.13+11-adhoc..jdk17u) for windows-amd64 JRE (17.0.13+11-adhoc..jdk17u), built on Oct 18 2024 01:05:13 by "" with MS VC++ 16.10 / 16.11 (VS2019)

END.
