#
# There is insufficient memory for the Java Runtime Environment to continue.
# Native memory allocation (mmap) failed to map 60817408 bytes. Error detail: G1 virtual space
# Possible reasons:
#   The system is out of physical RAM or swap space
#   This process is running with CompressedOops enabled, and the Java Heap may be blocking the growth of the native heap
# Possible solutions:
#   Reduce memory load on the system
#   Increase physical memory or swap space
#   Check if swap backing store is full
#   Decrease Java heap size (-Xmx/-Xms)
#   Decrease number of Java threads
#   Decrease Java thread stack sizes (-Xss)
#   Set larger code cache with -XX:ReservedCodeCacheSize=
#   JVM is running with Zero Based Compressed Oops mode in which the Java heap is
#     placed in the first 32GB address space. The Java Heap base address is the
#     maximum limit for the native heap growth. Please use -XX:HeapBaseMinAddress
#     to set the Java Heap base and to place the Java Heap above 32GB virtual address.
# This output file may be truncated or incomplete.
#
#  Out of Memory Error (os_windows.cpp:3614), pid=19460, tid=9484
#
# JRE version: OpenJDK Runtime Environment OpenLogic-OpenJDK (17.0.13+11) (build 17.0.13+11-adhoc..jdk17u)
# Java VM: OpenJDK 64-Bit Server VM OpenLogic-OpenJDK (17.0.13+11-adhoc..jdk17u, mixed mode, sharing, tiered, compressed oops, compressed class ptrs, g1 gc, windows-amd64)
# No core dump will be written. Minidumps are not enabled by default on client versions of Windows
#

---------------  S U M M A R Y ------------

Command Line: org.jetbrains.kotlin.cli.jvm.K2JVMCompiler @E:\FinalProject\Futsalink\Frontend\node_modules\react-native-webview\android\build\20250501_4695063947574927969.compiler.options

Host: AMD Ryzen 7 4700U with Radeon Graphics         , 8 cores, 15G,  Windows 10 , 64 bit Build 19041 (10.0.19041.5794)
Time: Thu May  1 21:22:49 2025 Nepal Standard Time elapsed time: 19.598867 seconds (0d 0h 0m 19s)

---------------  T H R E A D  ---------------

Current thread (0x00000191435be640):  VMThread "VM Thread" [stack: 0x0000000f21c00000,0x0000000f21d00000] [id=9484]

Stack: [0x0000000f21c00000,0x0000000f21d00000]
Native frames: (J=compiled Java code, j=interpreted, Vv=VM code, C=native code)
V  [jvm.dll+0x680c19]
V  [jvm.dll+0x83888a]
V  [jvm.dll+0x83a34e]
V  [jvm.dll+0x83a9b3]
V  [jvm.dll+0x2481af]
V  [jvm.dll+0x67d959]
V  [jvm.dll+0x67242a]
V  [jvm.dll+0x30813b]
V  [jvm.dll+0x30f626]
V  [jvm.dll+0x35f94e]
V  [jvm.dll+0x35fb8f]
V  [jvm.dll+0x2df0ec]
V  [jvm.dll+0x2dd4af]
V  [jvm.dll+0x2dcbdc]
V  [jvm.dll+0x32037b]
V  [jvm.dll+0x83eead]
V  [jvm.dll+0x83fbf2]
V  [jvm.dll+0x84011f]
V  [jvm.dll+0x840504]
V  [jvm.dll+0x8405d0]
V  [jvm.dll+0x7e7b2c]
V  [jvm.dll+0x67fae7]
C  [ucrtbase.dll+0x21bb2]
C  [KERNEL32.DLL+0x17374]
C  [ntdll.dll+0x4cc91]

VM_Operation (0x0000000f216fa760): G1CollectForAllocation, mode: safepoint, requested by thread 0x000001911f6c1740


---------------  P R O C E S S  ---------------

Threads class SMR info:
_java_thread_list=0x000001918ca94b00, length=14, elements={
0x000001911f6c1740, 0x00000191435c3bf0, 0x00000191435c4870, 0x00000191435dc350,
0x00000191435ddd20, 0x00000191435de6e0, 0x00000191436e1180, 0x00000191436e2e80,
0x000001914374ac50, 0x0000019143770750, 0x000001914382e0d0, 0x000001914383d540,
0x0000019189970520, 0x000001918d670430
}

Java Threads: ( => current thread )
  0x000001911f6c1740 JavaThread "main" [_thread_blocked, id=17664, stack(0x0000000f21600000,0x0000000f21700000)]
  0x00000191435c3bf0 JavaThread "Reference Handler" daemon [_thread_blocked, id=22140, stack(0x0000000f21d00000,0x0000000f21e00000)]
  0x00000191435c4870 JavaThread "Finalizer" daemon [_thread_blocked, id=23416, stack(0x0000000f21e00000,0x0000000f21f00000)]
  0x00000191435dc350 JavaThread "Signal Dispatcher" daemon [_thread_blocked, id=22516, stack(0x0000000f21f00000,0x0000000f22000000)]
  0x00000191435ddd20 JavaThread "Attach Listener" daemon [_thread_blocked, id=18568, stack(0x0000000f22000000,0x0000000f22100000)]
  0x00000191435de6e0 JavaThread "Service Thread" daemon [_thread_blocked, id=7788, stack(0x0000000f22100000,0x0000000f22200000)]
  0x00000191436e1180 JavaThread "Monitor Deflation Thread" daemon [_thread_blocked, id=10648, stack(0x0000000f22200000,0x0000000f22300000)]
  0x00000191436e2e80 JavaThread "C2 CompilerThread0" daemon [_thread_blocked, id=15292, stack(0x0000000f22300000,0x0000000f22400000)]
  0x000001914374ac50 JavaThread "C1 CompilerThread0" daemon [_thread_blocked, id=1840, stack(0x0000000f22400000,0x0000000f22500000)]
  0x0000019143770750 JavaThread "Sweeper thread" daemon [_thread_blocked, id=22992, stack(0x0000000f22500000,0x0000000f22600000)]
  0x000001914382e0d0 JavaThread "Notification Thread" daemon [_thread_blocked, id=24164, stack(0x0000000f22600000,0x0000000f22700000)]
  0x000001914383d540 JavaThread "Common-Cleaner" daemon [_thread_blocked, id=18656, stack(0x0000000f22800000,0x0000000f22900000)]
  0x0000019189970520 JavaThread "C2 CompilerThread1" daemon [_thread_blocked, id=13900, stack(0x0000000f23100000,0x0000000f23200000)]
  0x000001918d670430 JavaThread "C2 CompilerThread2" daemon [_thread_blocked, id=23668, stack(0x0000000f23200000,0x0000000f23300000)]

Other Threads:
=>0x00000191435be640 VMThread "VM Thread" [stack: 0x0000000f21c00000,0x0000000f21d00000] [id=9484]
  0x000001914383d2a0 WatcherThread [stack: 0x0000000f22700000,0x0000000f22800000] [id=19892]
  0x000001911f72baa0 GCTaskThread "GC Thread#0" [stack: 0x0000000f21700000,0x0000000f21800000] [id=17032]
  0x00000191891dd870 GCTaskThread "GC Thread#1" [stack: 0x0000000f22a00000,0x0000000f22b00000] [id=11624]
  0x00000191891ddb30 GCTaskThread "GC Thread#2" [stack: 0x0000000f22b00000,0x0000000f22c00000] [id=20728]
  0x00000191891dddf0 GCTaskThread "GC Thread#3" [stack: 0x0000000f22c00000,0x0000000f22d00000] [id=12660]
  0x000001918927c090 GCTaskThread "GC Thread#4" [stack: 0x0000000f22d00000,0x0000000f22e00000] [id=5392]
  0x0000019189203820 GCTaskThread "GC Thread#5" [stack: 0x0000000f22e00000,0x0000000f22f00000] [id=19688]
  0x0000019189814750 GCTaskThread "GC Thread#6" [stack: 0x0000000f22900000,0x0000000f22a00000] [id=1932]
  0x0000019189814a10 GCTaskThread "GC Thread#7" [stack: 0x0000000f22f00000,0x0000000f23000000] [id=320]
  0x000001911f73c0b0 ConcurrentGCThread "G1 Main Marker" [stack: 0x0000000f21800000,0x0000000f21900000] [id=9332]
  0x000001911f73cad0 ConcurrentGCThread "G1 Conc#0" [stack: 0x0000000f21900000,0x0000000f21a00000] [id=16360]
  0x0000019189bdf910 ConcurrentGCThread "G1 Conc#1" [stack: 0x0000000f23000000,0x0000000f23100000] [id=26536]
  0x000001911f77e860 ConcurrentGCThread "G1 Refine#0" [stack: 0x0000000f21a00000,0x0000000f21b00000] [id=25252]
  0x000001918bfda8b0 ConcurrentGCThread "G1 Refine#1" [stack: 0x0000000f23300000,0x0000000f23400000] [id=21844]
  0x0000019143474740 ConcurrentGCThread "G1 Service" [stack: 0x0000000f21b00000,0x0000000f21c00000] [id=6644]

Threads with active compile tasks:
C2 CompilerThread0    19609 10125       4       org.jetbrains.kotlin.ir.interpreter.transformer.IrConstTypeAnnotationTransformer::transformType (11 bytes)
C2 CompilerThread2    19609 10124       4       org.jetbrains.kotlin.ir.interpreter.transformer.IrConstTypeAnnotationTransformer::transformType (221 bytes)

VM state: at safepoint (normal execution)

VM Mutex/Monitor currently owned by a thread:  ([mutex/lock_event])
[0x000001911f6bcbb0] Threads_lock - owner thread: 0x00000191435be640
[0x000001911f6bd5d0] Heap_lock - owner thread: 0x000001911f6c1740

Heap address: 0x0000000709400000, size: 3948 MB, Compressed Oops mode: Zero based, Oop shift amount: 3

CDS archive(s) mapped at: [0x0000019144000000-0x0000019144bc0000-0x0000019144bc0000), size 12320768, SharedBaseAddress: 0x0000019144000000, ArchiveRelocationMode: 1.
Compressed class space mapped at: 0x0000019145000000-0x0000019185000000, reserved size: 1073741824
Narrow klass base: 0x0000019144000000, Narrow klass shift: 0, Narrow klass range: 0x100000000

GC Precious Log:
 CPUs: 8 total, 8 available
 Memory: 15791M
 Large Page Support: Disabled
 NUMA Support: Disabled
 Compressed Oops: Enabled (Zero based)
 Heap Region Size: 2M
 Heap Min Capacity: 8M
 Heap Initial Capacity: 248M
 Heap Max Capacity: 3948M
 Pre-touch: Disabled
 Parallel Workers: 8
 Concurrent Workers: 2
 Concurrent Refinement Workers: 8
 Periodic GC: Disabled

Heap:
 garbage-first heap   total 122880K, used 73607K [0x0000000709400000, 0x0000000800000000)
  region size 2048K, 1 young (2048K), 1 survivors (2048K)
 Metaspace       used 67329K, committed 67648K, reserved 1114112K
  class space    used 7539K, committed 7680K, reserved 1048576K

Heap Regions: E=young(eden), S=young(survivor), O=old, HS=humongous(starts), HC=humongous(continues), CS=collection set, F=free, OA=open archive, CA=closed archive, TAMS=top-at-mark-start (previous, next)
|   0|0x0000000709400000, 0x0000000709600000, 0x0000000709600000|100%|HS|  |TAMS 0x0000000709600000, 0x0000000709400000| Complete 
|   1|0x0000000709600000, 0x0000000709800000, 0x0000000709800000|100%|HC|  |TAMS 0x0000000709800000, 0x0000000709600000| Complete 
|   2|0x0000000709800000, 0x0000000709a00000, 0x0000000709a00000|100%| O|  |TAMS 0x0000000709a00000, 0x0000000709800000| Untracked 
|   3|0x0000000709a00000, 0x0000000709c00000, 0x0000000709c00000|100%| O|  |TAMS 0x0000000709c00000, 0x0000000709a00000| Untracked 
|   4|0x0000000709c00000, 0x0000000709e00000, 0x0000000709e00000|100%| O|  |TAMS 0x0000000709e00000, 0x0000000709c00000| Untracked 
|   5|0x0000000709e00000, 0x000000070a000000, 0x000000070a000000|100%| O|  |TAMS 0x000000070a000000, 0x0000000709e00000| Untracked 
|   6|0x000000070a000000, 0x000000070a200000, 0x000000070a200000|100%| O|  |TAMS 0x000000070a200000, 0x000000070a000000| Untracked 
|   7|0x000000070a200000, 0x000000070a400000, 0x000000070a400000|100%| O|  |TAMS 0x000000070a400000, 0x000000070a200000| Untracked 
|   8|0x000000070a400000, 0x000000070a600000, 0x000000070a600000|100%| O|  |TAMS 0x000000070a600000, 0x000000070a400000| Untracked 
|   9|0x000000070a600000, 0x000000070a800000, 0x000000070a800000|100%| O|  |TAMS 0x000000070a800000, 0x000000070a600000| Untracked 
|  10|0x000000070a800000, 0x000000070aa00000, 0x000000070aa00000|100%| O|  |TAMS 0x000000070aa00000, 0x000000070a800000| Untracked 
|  11|0x000000070aa00000, 0x000000070ac00000, 0x000000070ac00000|100%| O|  |TAMS 0x000000070ac00000, 0x000000070aa00000| Untracked 
|  12|0x000000070ac00000, 0x000000070ae00000, 0x000000070ae00000|100%| O|  |TAMS 0x000000070ae00000, 0x000000070ac00000| Untracked 
|  13|0x000000070ae00000, 0x000000070b000000, 0x000000070b000000|100%| O|  |TAMS 0x000000070b000000, 0x000000070ae00000| Untracked 
|  14|0x000000070b000000, 0x000000070b200000, 0x000000070b200000|100%| O|  |TAMS 0x000000070b200000, 0x000000070b000000| Untracked 
|  15|0x000000070b200000, 0x000000070b400000, 0x000000070b400000|100%| O|  |TAMS 0x000000070b400000, 0x000000070b200000| Untracked 
|  16|0x000000070b400000, 0x000000070b600000, 0x000000070b600000|100%| O|  |TAMS 0x000000070b600000, 0x000000070b400000| Untracked 
|  17|0x000000070b600000, 0x000000070b800000, 0x000000070b800000|100%| O|  |TAMS 0x000000070b600000, 0x000000070b600000| Untracked 
|  18|0x000000070b800000, 0x000000070ba00000, 0x000000070ba00000|100%| O|  |TAMS 0x000000070ba00000, 0x000000070b800000| Untracked 
|  19|0x000000070ba00000, 0x000000070bc00000, 0x000000070bc00000|100%| O|  |TAMS 0x000000070bc00000, 0x000000070ba00000| Untracked 
|  20|0x000000070bc00000, 0x000000070be00000, 0x000000070be00000|100%| O|  |TAMS 0x000000070be00000, 0x000000070bc00000| Untracked 
|  21|0x000000070be00000, 0x000000070c000000, 0x000000070c000000|100%| O|  |TAMS 0x000000070c000000, 0x000000070be00000| Untracked 
|  22|0x000000070c000000, 0x000000070c200000, 0x000000070c200000|100%| O|  |TAMS 0x000000070c200000, 0x000000070c000000| Untracked 
|  23|0x000000070c200000, 0x000000070c400000, 0x000000070c400000|100%| O|  |TAMS 0x000000070c400000, 0x000000070c200000| Untracked 
|  24|0x000000070c400000, 0x000000070c600000, 0x000000070c600000|100%| O|  |TAMS 0x000000070c600000, 0x000000070c400000| Untracked 
|  25|0x000000070c600000, 0x000000070c800000, 0x000000070c800000|100%| O|  |TAMS 0x000000070c800000, 0x000000070c600000| Untracked 
|  26|0x000000070c800000, 0x000000070ca00000, 0x000000070ca00000|100%| O|  |TAMS 0x000000070ca00000, 0x000000070c800000| Untracked 
|  27|0x000000070ca00000, 0x000000070cc00000, 0x000000070cc00000|100%| O|  |TAMS 0x000000070cc00000, 0x000000070ca00000| Untracked 
|  28|0x000000070cc00000, 0x000000070ce00000, 0x000000070ce00000|100%| O|  |TAMS 0x000000070ce00000, 0x000000070cc00000| Untracked 
|  29|0x000000070ce00000, 0x000000070d000000, 0x000000070d000000|100%| O|  |TAMS 0x000000070d000000, 0x000000070ce00000| Untracked 
|  30|0x000000070d000000, 0x000000070d200000, 0x000000070d200000|100%| O|  |TAMS 0x000000070d200000, 0x000000070d000000| Untracked 
|  31|0x000000070d200000, 0x000000070d400000, 0x000000070d400000|100%| O|  |TAMS 0x000000070d400000, 0x000000070d200000| Untracked 
|  32|0x000000070d400000, 0x000000070d400000, 0x000000070d600000|  0%| F|  |TAMS 0x000000070d400000, 0x000000070d400000| Untracked 
|  33|0x000000070d600000, 0x000000070d800000, 0x000000070d800000|100%| O|  |TAMS 0x000000070d600000, 0x000000070d600000| Untracked 
|  34|0x000000070d800000, 0x000000070da00000, 0x000000070da00000|100%| O|  |TAMS 0x000000070d800000, 0x000000070d800000| Untracked 
|  35|0x000000070da00000, 0x000000070dc00000, 0x000000070dc00000|100%| O|  |TAMS 0x000000070da00000, 0x000000070da00000| Untracked 
|  36|0x000000070dc00000, 0x000000070dd53c00, 0x000000070de00000| 66%| O|  |TAMS 0x000000070dc00000, 0x000000070dc00000| Untracked 
|  37|0x000000070de00000, 0x000000070de00000, 0x000000070e000000|  0%| F|  |TAMS 0x000000070de00000, 0x000000070de00000| Untracked 
|  38|0x000000070e000000, 0x000000070e000000, 0x000000070e200000|  0%| F|  |TAMS 0x000000070e000000, 0x000000070e000000| Untracked 
|  39|0x000000070e200000, 0x000000070e200000, 0x000000070e400000|  0%| F|  |TAMS 0x000000070e200000, 0x000000070e200000| Untracked 
|  40|0x000000070e400000, 0x000000070e400000, 0x000000070e600000|  0%| F|  |TAMS 0x000000070e400000, 0x000000070e400000| Untracked 
|  41|0x000000070e600000, 0x000000070e600000, 0x000000070e800000|  0%| F|  |TAMS 0x000000070e600000, 0x000000070e600000| Untracked 
|  42|0x000000070e800000, 0x000000070e800000, 0x000000070ea00000|  0%| F|  |TAMS 0x000000070e800000, 0x000000070e800000| Untracked 
|  43|0x000000070ea00000, 0x000000070ea00000, 0x000000070ec00000|  0%| F|  |TAMS 0x000000070ea00000, 0x000000070ea00000| Untracked 
|  44|0x000000070ec00000, 0x000000070ec00000, 0x000000070ee00000|  0%| F|  |TAMS 0x000000070ec00000, 0x000000070ec00000| Untracked 
|  45|0x000000070ee00000, 0x000000070ee00000, 0x000000070f000000|  0%| F|  |TAMS 0x000000070ee00000, 0x000000070ee00000| Untracked 
|  46|0x000000070f000000, 0x000000070f000000, 0x000000070f200000|  0%| F|  |TAMS 0x000000070f000000, 0x000000070f000000| Untracked 
|  47|0x000000070f200000, 0x000000070f200000, 0x000000070f400000|  0%| F|  |TAMS 0x000000070f200000, 0x000000070f200000| Untracked 
|  48|0x000000070f400000, 0x000000070f400000, 0x000000070f600000|  0%| F|  |TAMS 0x000000070f400000, 0x000000070f400000| Untracked 
|  49|0x000000070f600000, 0x000000070f600000, 0x000000070f800000|  0%| F|  |TAMS 0x000000070f600000, 0x000000070f600000| Untracked 
|  50|0x000000070f800000, 0x000000070f800000, 0x000000070fa00000|  0%| F|  |TAMS 0x000000070f800000, 0x000000070f800000| Untracked 
|  51|0x000000070fa00000, 0x000000070fa00000, 0x000000070fc00000|  0%| F|  |TAMS 0x000000070fa00000, 0x000000070fa00000| Untracked 
|  52|0x000000070fc00000, 0x000000070fc00000, 0x000000070fe00000|  0%| F|  |TAMS 0x000000070fc00000, 0x000000070fc00000| Untracked 
| 100|0x0000000715c00000, 0x0000000715c00000, 0x0000000715e00000|  0%| F|  |TAMS 0x0000000715c00000, 0x0000000715c00000| Untracked 
| 101|0x0000000715e00000, 0x0000000715e00000, 0x0000000716000000|  0%| F|  |TAMS 0x0000000715e00000, 0x0000000715e00000| Untracked 
| 105|0x0000000716600000, 0x0000000716600000, 0x0000000716800000|  0%| F|  |TAMS 0x0000000716600000, 0x0000000716600000| Untracked 
| 106|0x0000000716800000, 0x0000000716800000, 0x0000000716a00000|  0%| F|  |TAMS 0x0000000716800000, 0x0000000716800000| Untracked 
| 107|0x0000000716a00000, 0x0000000716a00000, 0x0000000716c00000|  0%| F|  |TAMS 0x0000000716a00000, 0x0000000716a00000| Untracked 
| 108|0x0000000716c00000, 0x0000000716c8e0b0, 0x0000000716e00000| 27%| S|CS|TAMS 0x0000000716c00000, 0x0000000716c00000| Complete 
| 123|0x0000000718a00000, 0x0000000718a00000, 0x0000000718c00000|  0%| F|  |TAMS 0x0000000718a00000, 0x0000000718a00000| Untracked 

Card table byte_map: [0x0000019138080000,0x0000019138840000] _byte_map_base: 0x0000019134836000

Marking Bits (Prev, Next): (CMBitMap*) 0x000001911f72c100, (CMBitMap*) 0x000001911f72c0c0
 Prev Bits: [0x000001913cdb0000, 0x0000019140b60000)
 Next Bits: [0x0000019139000000, 0x000001913cdb0000)

Polling page: 0x000001911d640000

Metaspace:

Usage:
  Non-class:     58.39 MB used.
      Class:      7.36 MB used.
       Both:     65.75 MB used.

Virtual space:
  Non-class space:       64.00 MB reserved,      58.56 MB ( 92%) committed,  1 nodes.
      Class space:        1.00 GB reserved,       7.50 MB ( <1%) committed,  1 nodes.
             Both:        1.06 GB reserved,      66.06 MB (  6%) committed. 

Chunk freelists:
   Non-Class:  4.52 MB
       Class:  8.53 MB
        Both:  13.05 MB

MaxMetaspaceSize: unlimited
CompressedClassSpaceSize: 1.00 GB
Initial GC threshold: 21.00 MB
Current GC threshold: 106.25 MB
CDS: on
MetaspaceReclaimPolicy: balanced
 - commit_granule_bytes: 65536.
 - commit_granule_words: 8192.
 - virtual_space_node_default_size: 8388608.
 - enlarge_chunks_in_place: 1.
 - new_chunks_are_fully_committed: 0.
 - uncommit_free_chunks: 1.
 - use_allocation_guard: 0.
 - handle_deallocations: 1.


Internal statistics:

num_allocs_failed_limit: 6.
num_arena_births: 320.
num_arena_deaths: 0.
num_vsnodes_births: 2.
num_vsnodes_deaths: 0.
num_space_committed: 1055.
num_space_uncommitted: 0.
num_chunks_returned_to_freelist: 6.
num_chunks_taken_from_freelist: 2660.
num_chunk_merges: 6.
num_chunk_splits: 2185.
num_chunks_enlarged: 1991.
num_inconsistent_stats: 0.

CodeHeap 'non-profiled nmethods': size=120000Kb used=4692Kb max_used=4692Kb free=115307Kb
 bounds [0x0000019130060000, 0x0000019130500000, 0x0000019137590000]
CodeHeap 'profiled nmethods': size=120000Kb used=30342Kb max_used=30342Kb free=89657Kb
 bounds [0x0000019128590000, 0x000001912a340000, 0x000001912fac0000]
CodeHeap 'non-nmethods': size=5760Kb used=1424Kb max_used=1487Kb free=4335Kb
 bounds [0x000001912fac0000, 0x000001912fd30000, 0x0000019130060000]
 total_blobs=9729 nmethods=8973 adapters=665
 compilation: enabled
              stopped_count=0, restarted_count=0
 full_count=0

Compilation events (20 events):
Event: 19.573 Thread 0x000001914374ac50 10162       3       org.jetbrains.kotlin.backend.common.actualizer.SpecialFakeOverrideSymbolsResolver::processDeclaration (67 bytes)
Event: 19.573 Thread 0x000001914374ac50 nmethod 10162 0x000001912a32b210 code [0x000001912a32b480, 0x000001912a32bf08]
Event: 19.573 Thread 0x000001914374ac50 10163       3       org.jetbrains.kotlin.ir.declarations.impl.IrFunctionImpl::getSymbol (8 bytes)
Event: 19.573 Thread 0x000001914374ac50 nmethod 10163 0x000001912a32c290 code [0x000001912a32c420, 0x000001912a32c658]
Event: 19.573 Thread 0x000001914374ac50 10164       3       org.jetbrains.kotlin.ir.declarations.IrProperty::accept (15 bytes)
Event: 19.573 Thread 0x0000019189970520 10165       4       org.jetbrains.kotlin.ir.visitors.IrElementVisitorVoid$DefaultImpls::visitDeclaration (17 bytes)
Event: 19.574 Thread 0x000001914374ac50 nmethod 10164 0x000001912a32c710 code [0x000001912a32c920, 0x000001912a32cfa8]
Event: 19.574 Thread 0x000001914374ac50 10166       3       org.jetbrains.kotlin.backend.common.actualizer.SpecialFakeOverrideSymbolsResolver$cacheFakeOverridesOfAllClasses$visitor$1::visitDeclaration (6 bytes)
Event: 19.574 Thread 0x0000019189970520 nmethod 10165 0x00000191304f4f90 code [0x00000191304f5100, 0x00000191304f5198]
Event: 19.574 Thread 0x000001914374ac50 nmethod 10166 0x000001912a32d210 code [0x000001912a32d4a0, 0x000001912a32df98]
Event: 19.574 Thread 0x000001914374ac50 10167       3       org.jetbrains.kotlin.backend.common.actualizer.SpecialFakeOverrideSymbolsResolver$cacheFakeOverridesOfAllClasses$visitor$1::visitElement (7 bytes)
Event: 19.574 Thread 0x000001914374ac50 nmethod 10167 0x000001912a32e390 code [0x000001912a32e5a0, 0x000001912a32eb18]
Event: 19.574 Thread 0x000001914374ac50 10168       3       org.jetbrains.kotlin.backend.common.actualizer.SpecialFakeOverrideSymbolsResolver$cacheFakeOverridesOfAllClasses$visitor$1::visitFunction (6 bytes)
Event: 19.575 Thread 0x000001914374ac50 nmethod 10168 0x000001912a32ed90 code [0x000001912a32f080, 0x000001912a32ff18]
Event: 19.575 Thread 0x000001914374ac50 10171       3       org.jetbrains.kotlin.backend.common.actualizer.SpecialFakeOverrideSymbolsResolver$cacheFakeOverridesOfAllClasses$visitor$1::visitSimpleFunction (6 bytes)
Event: 19.576 Thread 0x000001914374ac50 nmethod 10171 0x000001912a330490 code [0x000001912a330760, 0x000001912a331498]
Event: 19.576 Thread 0x000001914374ac50 10169       3       org.jetbrains.kotlin.backend.common.actualizer.SpecialFakeOverrideSymbolsResolver$cacheFakeOverridesOfAllClasses$visitor$1::visitSimpleFunction (13 bytes)
Event: 19.577 Thread 0x000001914374ac50 nmethod 10169 0x000001912a331990 code [0x000001912a331c80, 0x000001912a332a98]
Event: 19.577 Thread 0x000001914374ac50 10170       3       org.jetbrains.kotlin.backend.common.actualizer.SpecialFakeOverrideSymbolsResolver$cacheFakeOverridesOfAllClasses$visitor$1::visitSimpleFunction (7 bytes)
Event: 19.577 Thread 0x000001914374ac50 nmethod 10170 0x000001912a332f90 code [0x000001912a333260, 0x000001912a333f18]

GC Heap History (20 events):
Event: 12.477 GC heap after
{Heap after GC invocations=16 (full 0):
 garbage-first heap   total 79872K, used 49152K [0x0000000709400000, 0x0000000800000000)
  region size 2048K, 1 young (2048K), 1 survivors (2048K)
 Metaspace       used 53296K, committed 53568K, reserved 1114112K
  class space    used 6401K, committed 6528K, reserved 1048576K
}
Event: 13.048 GC heap before
{Heap before GC invocations=17 (full 0):
 garbage-first heap   total 86016K, used 61440K [0x0000000709400000, 0x0000000800000000)
  region size 2048K, 7 young (14336K), 1 survivors (2048K)
 Metaspace       used 53547K, committed 53824K, reserved 1114112K
  class space    used 6418K, committed 6528K, reserved 1048576K
}
Event: 13.057 GC heap after
{Heap after GC invocations=18 (full 0):
 garbage-first heap   total 86016K, used 52549K [0x0000000709400000, 0x0000000800000000)
  region size 2048K, 1 young (2048K), 1 survivors (2048K)
 Metaspace       used 53547K, committed 53824K, reserved 1114112K
  class space    used 6418K, committed 6528K, reserved 1048576K
}
Event: 14.081 GC heap before
{Heap before GC invocations=18 (full 0):
 garbage-first heap   total 86016K, used 64837K [0x0000000709400000, 0x0000000800000000)
  region size 2048K, 7 young (14336K), 1 survivors (2048K)
 Metaspace       used 54323K, committed 54592K, reserved 1114112K
  class space    used 6493K, committed 6592K, reserved 1048576K
}
Event: 14.093 GC heap after
{Heap after GC invocations=19 (full 0):
 garbage-first heap   total 86016K, used 55296K [0x0000000709400000, 0x0000000800000000)
  region size 2048K, 1 young (2048K), 1 survivors (2048K)
 Metaspace       used 54323K, committed 54592K, reserved 1114112K
  class space    used 6493K, committed 6592K, reserved 1048576K
}
Event: 14.686 GC heap before
{Heap before GC invocations=20 (full 0):
 garbage-first heap   total 96256K, used 63488K [0x0000000709400000, 0x0000000800000000)
  region size 2048K, 6 young (12288K), 1 survivors (2048K)
 Metaspace       used 56144K, committed 56384K, reserved 1114112K
  class space    used 6671K, committed 6784K, reserved 1048576K
}
Event: 14.693 GC heap after
{Heap after GC invocations=21 (full 0):
 garbage-first heap   total 96256K, used 56604K [0x0000000709400000, 0x0000000800000000)
  region size 2048K, 1 young (2048K), 1 survivors (2048K)
 Metaspace       used 56144K, committed 56384K, reserved 1114112K
  class space    used 6671K, committed 6784K, reserved 1048576K
}
Event: 14.817 GC heap before
{Heap before GC invocations=21 (full 0):
 garbage-first heap   total 96256K, used 58652K [0x0000000709400000, 0x0000000800000000)
  region size 2048K, 2 young (4096K), 1 survivors (2048K)
 Metaspace       used 56504K, committed 56832K, reserved 1114112K
  class space    used 6705K, committed 6848K, reserved 1048576K
}
Event: 14.820 GC heap after
{Heap after GC invocations=22 (full 0):
 garbage-first heap   total 116736K, used 56078K [0x0000000709400000, 0x0000000800000000)
  region size 2048K, 1 young (2048K), 1 survivors (2048K)
 Metaspace       used 56504K, committed 56832K, reserved 1114112K
  class space    used 6705K, committed 6848K, reserved 1048576K
}
Event: 16.941 GC heap before
{Heap before GC invocations=22 (full 0):
 garbage-first heap   total 116736K, used 86798K [0x0000000709400000, 0x0000000800000000)
  region size 2048K, 16 young (32768K), 1 survivors (2048K)
 Metaspace       used 58452K, committed 58688K, reserved 1114112K
  class space    used 6808K, committed 6912K, reserved 1048576K
}
Event: 16.957 GC heap after
{Heap after GC invocations=23 (full 0):
 garbage-first heap   total 116736K, used 61300K [0x0000000709400000, 0x0000000800000000)
  region size 2048K, 2 young (4096K), 2 survivors (4096K)
 Metaspace       used 58452K, committed 58688K, reserved 1114112K
  class space    used 6808K, committed 6912K, reserved 1048576K
}
Event: 17.816 GC heap before
{Heap before GC invocations=24 (full 0):
 garbage-first heap   total 116736K, used 85876K [0x0000000709400000, 0x0000000800000000)
  region size 2048K, 15 young (30720K), 2 survivors (4096K)
 Metaspace       used 61977K, committed 62272K, reserved 1114112K
  class space    used 7104K, committed 7232K, reserved 1048576K
}
Event: 17.830 GC heap after
{Heap after GC invocations=25 (full 0):
 garbage-first heap   total 116736K, used 65360K [0x0000000709400000, 0x0000000800000000)
  region size 2048K, 2 young (4096K), 2 survivors (4096K)
 Metaspace       used 61977K, committed 62272K, reserved 1114112K
  class space    used 7104K, committed 7232K, reserved 1048576K
}
Event: 17.943 GC heap before
{Heap before GC invocations=25 (full 0):
 garbage-first heap   total 116736K, used 65360K [0x0000000709400000, 0x0000000800000000)
  region size 2048K, 3 young (6144K), 2 survivors (4096K)
 Metaspace       used 62450K, committed 62720K, reserved 1114112K
  class space    used 7151K, committed 7296K, reserved 1048576K
}
Event: 17.957 GC heap after
{Heap after GC invocations=26 (full 0):
 garbage-first heap   total 116736K, used 65570K [0x0000000709400000, 0x0000000800000000)
  region size 2048K, 1 young (2048K), 1 survivors (2048K)
 Metaspace       used 62450K, committed 62720K, reserved 1114112K
  class space    used 7151K, committed 7296K, reserved 1048576K
}
Event: 18.963 GC heap before
{Heap before GC invocations=26 (full 0):
 garbage-first heap   total 116736K, used 90146K [0x0000000709400000, 0x0000000800000000)
  region size 2048K, 13 young (26624K), 1 survivors (2048K)
 Metaspace       used 64979K, committed 65280K, reserved 1114112K
  class space    used 7380K, committed 7488K, reserved 1048576K
}
Event: 18.975 GC heap after
{Heap after GC invocations=27 (full 0):
 garbage-first heap   total 116736K, used 70513K [0x0000000709400000, 0x0000000800000000)
  region size 2048K, 2 young (4096K), 2 survivors (4096K)
 Metaspace       used 64979K, committed 65280K, reserved 1114112K
  class space    used 7380K, committed 7488K, reserved 1048576K
}
Event: 19.503 GC heap before
{Heap before GC invocations=28 (full 0):
 garbage-first heap   total 122880K, used 90993K [0x0000000709400000, 0x0000000800000000)
  region size 2048K, 12 young (24576K), 2 survivors (4096K)
 Metaspace       used 66930K, committed 67200K, reserved 1114112K
  class space    used 7507K, committed 7616K, reserved 1048576K
}
Event: 19.517 GC heap after
{Heap after GC invocations=29 (full 0):
 garbage-first heap   total 122880K, used 73588K [0x0000000709400000, 0x0000000800000000)
  region size 2048K, 2 young (4096K), 2 survivors (4096K)
 Metaspace       used 66930K, committed 67200K, reserved 1114112K
  class space    used 7507K, committed 7616K, reserved 1048576K
}
Event: 19.588 GC heap before
{Heap before GC invocations=29 (full 0):
 garbage-first heap   total 122880K, used 75636K [0x0000000709400000, 0x0000000800000000)
  region size 2048K, 3 young (6144K), 2 survivors (4096K)
 Metaspace       used 67329K, committed 67648K, reserved 1114112K
  class space    used 7539K, committed 7680K, reserved 1048576K
}

Dll operation events (7 events):
Event: 0.008 Loaded shared library C:\Program Files\OpenLogic\jdk-17.0.13.11-hotspot\bin\java.dll
Event: 0.027 Loaded shared library C:\Program Files\OpenLogic\jdk-17.0.13.11-hotspot\bin\jsvml.dll
Event: 0.070 Loaded shared library C:\Program Files\OpenLogic\jdk-17.0.13.11-hotspot\bin\net.dll
Event: 0.072 Loaded shared library C:\Program Files\OpenLogic\jdk-17.0.13.11-hotspot\bin\nio.dll
Event: 0.105 Loaded shared library C:\Program Files\OpenLogic\jdk-17.0.13.11-hotspot\bin\zip.dll
Event: 0.148 Loaded shared library C:\Program Files\OpenLogic\jdk-17.0.13.11-hotspot\bin\jimage.dll
Event: 2.537 Loaded shared library C:\Program Files\OpenLogic\jdk-17.0.13.11-hotspot\bin\verify.dll

Deoptimization events (20 events):
Event: 19.524 Thread 0x000001911f6c1740 Uncommon trap: trap_request=0xffffff45 fr.pc=0x00000191301cb2f8 relative=0x00000000000000d8
Event: 19.524 Thread 0x000001911f6c1740 Uncommon trap: reason=unstable_if action=reinterpret pc=0x00000191301cb2f8 method=kotlin.ranges.IntProgressionIterator.<init>(III)V @ 19 c2
Event: 19.524 Thread 0x000001911f6c1740 DEOPT PACKING pc=0x00000191301cb2f8 sp=0x0000000f216fcb80
Event: 19.524 Thread 0x000001911f6c1740 DEOPT UNPACKING pc=0x000001912fb169a3 sp=0x0000000f216fcaa0 mode 2
Event: 19.573 Thread 0x000001911f6c1740 Uncommon trap: trap_request=0xffffffc6 fr.pc=0x00000191304bf320 relative=0x0000000000000280
Event: 19.573 Thread 0x000001911f6c1740 Uncommon trap: reason=bimorphic_or_optimized_type_check action=maybe_recompile pc=0x00000191304bf320 method=org.jetbrains.kotlin.ir.visitors.IrElementVisitorVoid$DefaultImpls.visitDeclaration(Lorg/jetbrains/kotlin/ir/visitors/IrElementVisitorVoid;Lorg/jet
Event: 19.573 Thread 0x000001911f6c1740 DEOPT PACKING pc=0x00000191304bf320 sp=0x0000000f216fe4b0
Event: 19.573 Thread 0x000001911f6c1740 DEOPT UNPACKING pc=0x000001912fb169a3 sp=0x0000000f216fe468 mode 2
Event: 19.573 Thread 0x000001911f6c1740 Uncommon trap: trap_request=0xffffffc6 fr.pc=0x00000191304bf320 relative=0x0000000000000280
Event: 19.573 Thread 0x000001911f6c1740 Uncommon trap: reason=bimorphic_or_optimized_type_check action=maybe_recompile pc=0x00000191304bf320 method=org.jetbrains.kotlin.ir.visitors.IrElementVisitorVoid$DefaultImpls.visitDeclaration(Lorg/jetbrains/kotlin/ir/visitors/IrElementVisitorVoid;Lorg/jet
Event: 19.573 Thread 0x000001911f6c1740 DEOPT PACKING pc=0x00000191304bf320 sp=0x0000000f216fe070
Event: 19.573 Thread 0x000001911f6c1740 DEOPT UNPACKING pc=0x000001912fb169a3 sp=0x0000000f216fe028 mode 2
Event: 19.573 Thread 0x000001911f6c1740 Uncommon trap: trap_request=0xffffffc6 fr.pc=0x00000191304bf320 relative=0x0000000000000280
Event: 19.573 Thread 0x000001911f6c1740 Uncommon trap: reason=bimorphic_or_optimized_type_check action=maybe_recompile pc=0x00000191304bf320 method=org.jetbrains.kotlin.ir.visitors.IrElementVisitorVoid$DefaultImpls.visitDeclaration(Lorg/jetbrains/kotlin/ir/visitors/IrElementVisitorVoid;Lorg/jet
Event: 19.573 Thread 0x000001911f6c1740 DEOPT PACKING pc=0x00000191304bf320 sp=0x0000000f216fe1a0
Event: 19.573 Thread 0x000001911f6c1740 DEOPT UNPACKING pc=0x000001912fb169a3 sp=0x0000000f216fe158 mode 2
Event: 19.573 Thread 0x000001911f6c1740 Uncommon trap: trap_request=0xffffffc6 fr.pc=0x00000191304bf320 relative=0x0000000000000280
Event: 19.573 Thread 0x000001911f6c1740 Uncommon trap: reason=bimorphic_or_optimized_type_check action=maybe_recompile pc=0x00000191304bf320 method=org.jetbrains.kotlin.ir.visitors.IrElementVisitorVoid$DefaultImpls.visitDeclaration(Lorg/jetbrains/kotlin/ir/visitors/IrElementVisitorVoid;Lorg/jet
Event: 19.573 Thread 0x000001911f6c1740 DEOPT PACKING pc=0x00000191304bf320 sp=0x0000000f216fdd60
Event: 19.573 Thread 0x000001911f6c1740 DEOPT UNPACKING pc=0x000001912fb169a3 sp=0x0000000f216fdd18 mode 2

Classes loaded (20 events):
Event: 7.233 Loading class java/util/AbstractList$SubList$1
Event: 7.233 Loading class java/util/AbstractList$SubList$1 done
Event: 8.735 Loading class java/util/AbstractList$RandomAccessSubList
Event: 8.735 Loading class java/util/AbstractList$RandomAccessSubList done
Event: 9.082 Loading class java/util/RegularEnumSet$EnumSetIterator
Event: 9.082 Loading class java/util/RegularEnumSet$EnumSetIterator done
Event: 9.144 Loading class java/lang/Character$UnicodeBlock
Event: 9.146 Loading class java/lang/Character$Subset
Event: 9.146 Loading class java/lang/Character$Subset done
Event: 9.146 Loading class java/lang/Character$UnicodeBlock done
Event: 9.291 Loading class jdk/internal/math/FDBigInteger
Event: 9.293 Loading class jdk/internal/math/FDBigInteger done
Event: 13.923 Loading class java/lang/Byte$ByteCache
Event: 13.924 Loading class java/lang/Byte$ByteCache done
Event: 14.596 Loading class java/text/MessageFormat
Event: 14.597 Loading class java/text/MessageFormat done
Event: 14.656 Loading class java/text/ChoiceFormat
Event: 14.658 Loading class java/text/ChoiceFormat done
Event: 18.376 Loading class java/lang/Short$ShortCache
Event: 18.376 Loading class java/lang/Short$ShortCache done

Classes unloaded (0 events):
No events

Classes redefined (0 events):
No events

Internal exceptions (20 events):
Event: 11.028 Thread 0x000001911f6c1740 Exception <a 'java/lang/NoSuchMethodError'{0x0000000715ce1948}: 'java.lang.Object java.lang.invoke.Invokers$Holder.linkToTargetMethod(java.lang.Object, java.lang.Object, java.lang.Object, java.lang.Object, int, java.lang.Object)'> (0x0000000715ce1948) 
thrown [s\src\hotspot\share\interpreter\linkResolver.cpp, line 759]
Event: 11.553 Thread 0x000001911f6c1740 Exception <a 'java/lang/NoSuchMethodError'{0x0000000716b8dfc8}: 'java.lang.Object java.lang.invoke.DirectMethodHandle$Holder.invokeStatic(java.lang.Object, int, java.lang.Object, java.lang.Object)'> (0x0000000716b8dfc8) 
thrown [s\src\hotspot\share\interpreter\linkResolver.cpp, line 759]
Event: 12.562 Thread 0x000001911f6c1740 Exception <a 'java/lang/NoSuchMethodError'{0x0000000718ac0480}: 'java.lang.Object java.lang.invoke.DirectMethodHandle$Holder.invokeStatic(java.lang.Object, int, java.lang.Object)'> (0x0000000718ac0480) 
thrown [s\src\hotspot\share\interpreter\linkResolver.cpp, line 759]
Event: 14.883 Thread 0x000001911f6c1740 Implicit null exception at 0x000001913012a1cc to 0x000001913012a2b4
Event: 15.028 Thread 0x000001911f6c1740 Implicit null exception at 0x00000191302701d5 to 0x0000019130270360
Event: 15.656 Thread 0x000001911f6c1740 Implicit null exception at 0x00000191303d2800 to 0x00000191303d2978
Event: 15.975 Thread 0x000001911f6c1740 Implicit null exception at 0x00000191301ce596 to 0x00000191301cf848
Event: 16.399 Thread 0x000001911f6c1740 Exception <a 'java/lang/NoSuchMethodError'{0x0000000715f32c18}: 'java.lang.Object java.lang.invoke.DirectMethodHandle$Holder.newInvokeSpecial(java.lang.Object, java.lang.Object, int, java.lang.Object, java.lang.Object, java.lang.Object)'> (0x0000000715f32c18) 
thrown [s\src\hotspot\share\interpreter\linkResolver.cpp, line 759]
Event: 16.402 Thread 0x000001911f6c1740 Exception <a 'java/lang/NoSuchMethodError'{0x0000000715f36f40}: 'java.lang.Object java.lang.invoke.DirectMethodHandle$Holder.invokeSpecial(java.lang.Object, java.lang.Object, java.lang.Object, int, java.lang.Object, java.lang.Object, java.lang.Object)'> (0x0000000715f36f40) 
thrown [s\src\hotspot\share\interpreter\linkResolver.cpp, line 759]
Event: 16.408 Thread 0x000001911f6c1740 Exception <a 'java/lang/NoSuchMethodError'{0x0000000715f3a820}: 'java.lang.Object java.lang.invoke.Invokers$Holder.linkToTargetMethod(java.lang.Object, int, java.lang.Object, java.lang.Object, java.lang.Object, java.lang.Object)'> (0x0000000715f3a820) 
thrown [s\src\hotspot\share\interpreter\linkResolver.cpp, line 759]
Event: 17.541 Thread 0x000001911f6c1740 Implicit null exception at 0x00000191300879f2 to 0x0000019130087fd0
Event: 17.544 Thread 0x000001911f6c1740 Implicit null exception at 0x000001913008db72 to 0x000001913008e164
Event: 17.651 Thread 0x000001911f6c1740 Exception <a 'java/lang/NoSuchMethodError'{0x000000070f3841f8}: 'java.lang.Object java.lang.invoke.DirectMethodHandle$Holder.invokeStatic(java.lang.Object, java.lang.Object, int)'> (0x000000070f3841f8) 
thrown [s\src\hotspot\share\interpreter\linkResolver.cpp, line 759]
Event: 17.959 Thread 0x000001911f6c1740 Exception <a 'java/lang/NoSuchMethodError'{0x0000000718a17800}: 'java.lang.Object java.lang.invoke.DirectMethodHandle$Holder.newInvokeSpecial(java.lang.Object, java.lang.Object, java.lang.Object, java.lang.Object, java.lang.Object, java.lang.Object, java.lang.Object, java.lang.Object, int)'> (0x0000000718a17800) 
thrown [s\src\hotspot\share\interpreter\linkResolver.cpp, line 759]
Event: 17.959 Thread 0x000001911f6c1740 Exception <a 'java/lang/NoSuchMethodError'{0x0000000718a1cd20}: 'java.lang.Object java.lang.invoke.DirectMethodHandle$Holder.invokeSpecial(java.lang.Object, java.lang.Object, java.lang.Object, java.lang.Object, java.lang.Object, java.lang.Object, java.lang.Object, java.lang.Object, java.lang.Object, int)'> (0x0000000718a1cd20) 
thrown [s\src\hotspot\share\interpreter\linkResolver.cpp, line 759]
Event: 18.019 Thread 0x000001911f6c1740 Exception <a 'java/lang/NoSuchMethodError'{0x0000000718b5f5b0}: 'java.lang.Object java.lang.invoke.DirectMethodHandle$Holder.invokeStatic(java.lang.Object, java.lang.Object, java.lang.Object, int, int)'> (0x0000000718b5f5b0) 
thrown [s\src\hotspot\share\interpreter\linkResolver.cpp, line 759]
Event: 18.060 Thread 0x000001911f6c1740 Exception <a 'java/lang/NoSuchMethodError'{0x0000000716a5c140}: 'java.lang.Object java.lang.invoke.DirectMethodHandle$Holder.invokeStatic(java.lang.Object, java.lang.Object, int, int)'> (0x0000000716a5c140) 
thrown [s\src\hotspot\share\interpreter\linkResolver.cpp, line 759]
Event: 18.061 Thread 0x000001911f6c1740 Exception <a 'java/lang/NoSuchMethodError'{0x0000000716a63388}: 'java.lang.Object java.lang.invoke.DirectMethodHandle$Holder.newInvokeSpecial(java.lang.Object, java.lang.Object, int, int)'> (0x0000000716a63388) 
thrown [s\src\hotspot\share\interpreter\linkResolver.cpp, line 759]
Event: 18.062 Thread 0x000001911f6c1740 Exception <a 'java/lang/NoSuchMethodError'{0x0000000716a67520}: 'java.lang.Object java.lang.invoke.DirectMethodHandle$Holder.invokeSpecial(java.lang.Object, java.lang.Object, java.lang.Object, int, int)'> (0x0000000716a67520) 
thrown [s\src\hotspot\share\interpreter\linkResolver.cpp, line 759]
Event: 18.062 Thread 0x000001911f6c1740 Exception <a 'java/lang/NoSuchMethodError'{0x0000000716a6ae30}: 'java.lang.Object java.lang.invoke.Invokers$Holder.linkToTargetMethod(java.lang.Object, int, int, java.lang.Object)'> (0x0000000716a6ae30) 
thrown [s\src\hotspot\share\interpreter\linkResolver.cpp, line 759]

VM Operations (20 events):
Event: 18.823 Executing VM operation: ICBufferFull done
Event: 18.963 Executing VM operation: G1CollectForAllocation
Event: 18.975 Executing VM operation: G1CollectForAllocation done
Event: 19.028 Executing VM operation: G1PauseRemark
Event: 19.040 Executing VM operation: G1PauseRemark done
Event: 19.066 Executing VM operation: G1PauseCleanup
Event: 19.066 Executing VM operation: G1PauseCleanup done
Event: 19.220 Executing VM operation: HandshakeAllThreads
Event: 19.220 Executing VM operation: HandshakeAllThreads done
Event: 19.226 Executing VM operation: HandshakeAllThreads
Event: 19.226 Executing VM operation: HandshakeAllThreads done
Event: 19.332 Executing VM operation: ICBufferFull
Event: 19.332 Executing VM operation: ICBufferFull done
Event: 19.350 Executing VM operation: HandshakeAllThreads
Event: 19.350 Executing VM operation: HandshakeAllThreads done
Event: 19.352 Executing VM operation: HandshakeAllThreads
Event: 19.352 Executing VM operation: HandshakeAllThreads done
Event: 19.503 Executing VM operation: G1CollectForAllocation
Event: 19.517 Executing VM operation: G1CollectForAllocation done
Event: 19.587 Executing VM operation: G1CollectForAllocation

Memory protections (0 events):
No events

Nmethod flushes (20 events):
Event: 18.232 Thread 0x0000019143770750 flushing  nmethod 0x00000191298c5c10
Event: 18.232 Thread 0x0000019143770750 flushing  nmethod 0x00000191298c6110
Event: 18.232 Thread 0x0000019143770750 flushing  nmethod 0x00000191298c8f10
Event: 18.232 Thread 0x0000019143770750 flushing  nmethod 0x00000191298ca910
Event: 18.232 Thread 0x0000019143770750 flushing  nmethod 0x00000191298cb090
Event: 18.232 Thread 0x0000019143770750 flushing  nmethod 0x00000191298cc390
Event: 18.232 Thread 0x0000019143770750 flushing  nmethod 0x00000191298cd390
Event: 18.232 Thread 0x0000019143770750 flushing  nmethod 0x00000191298da510
Event: 18.232 Thread 0x0000019143770750 flushing  nmethod 0x00000191298e4790
Event: 18.232 Thread 0x0000019143770750 flushing  nmethod 0x00000191298e9490
Event: 18.232 Thread 0x0000019143770750 flushing  nmethod 0x00000191298eef90
Event: 18.232 Thread 0x0000019143770750 flushing  nmethod 0x0000019129904090
Event: 18.232 Thread 0x0000019143770750 flushing  nmethod 0x0000019129973d90
Event: 18.233 Thread 0x0000019143770750 flushing  nmethod 0x00000191299b9e10
Event: 18.233 Thread 0x0000019143770750 flushing  nmethod 0x00000191299dd190
Event: 18.233 Thread 0x0000019143770750 flushing  nmethod 0x0000019129a64390
Event: 18.233 Thread 0x0000019143770750 flushing  nmethod 0x0000019129b5b610
Event: 18.234 Thread 0x0000019143770750 flushing  nmethod 0x0000019129cb4510
Event: 18.234 Thread 0x0000019143770750 flushing  nmethod 0x0000019129ccf590
Event: 18.234 Thread 0x0000019143770750 flushing  nmethod 0x0000019129cdd710

Events (20 events):
Event: 9.288 Thread 0x000001914374ac50 Thread added: 0x000001918c519fb0
Event: 9.398 Thread 0x000001914374ac50 Thread added: 0x000001918a46f2e0
Event: 9.780 Thread 0x000001918a46f2e0 Thread exited: 0x000001918a46f2e0
Event: 9.838 Thread 0x000001918c519fb0 Thread exited: 0x000001918c519fb0
Event: 10.152 Thread 0x000001914374ac50 Thread added: 0x0000019189973a40
Event: 10.869 Thread 0x0000019189973a40 Thread exited: 0x0000019189973a40
Event: 11.129 Thread 0x000001914374ac50 Thread added: 0x0000019189972500
Event: 11.129 Thread 0x000001914374ac50 Thread added: 0x0000019189971510
Event: 11.883 Thread 0x0000019189971510 Thread exited: 0x0000019189971510
Event: 12.159 Thread 0x0000019189972500 Thread exited: 0x0000019189972500
Event: 12.791 Thread 0x000001914374ac50 Thread added: 0x0000019189973a40
Event: 12.803 Thread 0x000001914374ac50 Thread added: 0x0000019189972fa0
Event: 13.227 Thread 0x0000019189972fa0 Thread exited: 0x0000019189972fa0
Event: 13.359 Thread 0x0000019189973a40 Thread exited: 0x0000019189973a40
Event: 16.527 Thread 0x000001914374ac50 Thread added: 0x0000019189970a70
Event: 16.665 Thread 0x000001914374ac50 Thread added: 0x0000019189971fb0
Event: 18.002 Thread 0x0000019189971fb0 Thread exited: 0x0000019189971fb0
Event: 18.003 Thread 0x0000019189970a70 Thread exited: 0x0000019189970a70
Event: 18.692 Thread 0x000001914374ac50 Thread added: 0x0000019189970520
Event: 18.935 Thread 0x000001914374ac50 Thread added: 0x000001918d670430


Dynamic libraries:
0x00007ff643a90000 - 0x00007ff643a9e000 	C:\Program Files\OpenLogic\jdk-17.0.13.11-hotspot\bin\java.exe
0x00007ffbf3370000 - 0x00007ffbf3568000 	C:\Windows\SYSTEM32\ntdll.dll
0x00007ffbf2090000 - 0x00007ffbf2152000 	C:\Windows\System32\KERNEL32.DLL
0x00007ffbf0d40000 - 0x00007ffbf1036000 	C:\Windows\System32\KERNELBASE.dll
0x00007ffbf1270000 - 0x00007ffbf1370000 	C:\Windows\System32\ucrtbase.dll
0x00007ffbd81d0000 - 0x00007ffbd81eb000 	C:\Program Files\OpenLogic\jdk-17.0.13.11-hotspot\bin\VCRUNTIME140.dll
0x00007ffbd81a0000 - 0x00007ffbd81b7000 	C:\Program Files\OpenLogic\jdk-17.0.13.11-hotspot\bin\jli.dll
0x00007ffbf1a30000 - 0x00007ffbf1bcd000 	C:\Windows\System32\USER32.dll
0x00007ffbf0b70000 - 0x00007ffbf0b92000 	C:\Windows\System32\win32u.dll
0x00007ffbf1e00000 - 0x00007ffbf1e2b000 	C:\Windows\System32\GDI32.dll
0x00007ffbe0a00000 - 0x00007ffbe0c9a000 	C:\Windows\WinSxS\amd64_microsoft.windows.common-controls_6595b64144ccf1df_6.0.19041.5794_none_60bcd33171f2783c\COMCTL32.dll
0x00007ffbf1040000 - 0x00007ffbf115a000 	C:\Windows\System32\gdi32full.dll
0x00007ffbf1e30000 - 0x00007ffbf1ece000 	C:\Windows\System32\msvcrt.dll
0x00007ffbf0c50000 - 0x00007ffbf0ced000 	C:\Windows\System32\msvcp_win.dll
0x00007ffbf2740000 - 0x00007ffbf276f000 	C:\Windows\System32\IMM32.DLL
0x00007ffbde6f0000 - 0x00007ffbde6fc000 	C:\Program Files\OpenLogic\jdk-17.0.13.11-hotspot\bin\vcruntime140_1.dll
0x00007ffba2210000 - 0x00007ffba229d000 	C:\Program Files\OpenLogic\jdk-17.0.13.11-hotspot\bin\msvcp140.dll
0x00007ffb85340000 - 0x00007ffb85fac000 	C:\Program Files\OpenLogic\jdk-17.0.13.11-hotspot\bin\server\jvm.dll
0x00007ffbf27d0000 - 0x00007ffbf287f000 	C:\Windows\System32\ADVAPI32.dll
0x00007ffbf1ff0000 - 0x00007ffbf208f000 	C:\Windows\System32\sechost.dll
0x00007ffbf1cd0000 - 0x00007ffbf1df3000 	C:\Windows\System32\RPCRT4.dll
0x00007ffbf1370000 - 0x00007ffbf1397000 	C:\Windows\System32\bcrypt.dll
0x00007ffbf32c0000 - 0x00007ffbf332b000 	C:\Windows\System32\WS2_32.dll
0x00007ffbf00c0000 - 0x00007ffbf010b000 	C:\Windows\SYSTEM32\POWRPROF.dll
0x00007ffbe58e0000 - 0x00007ffbe5907000 	C:\Windows\SYSTEM32\WINMM.dll
0x00007ffbe5910000 - 0x00007ffbe591a000 	C:\Windows\SYSTEM32\VERSION.dll
0x00007ffbf0080000 - 0x00007ffbf0092000 	C:\Windows\SYSTEM32\UMPDC.dll
0x00007ffbef230000 - 0x00007ffbef242000 	C:\Windows\SYSTEM32\kernel.appcore.dll
0x00007ffbc9470000 - 0x00007ffbc947a000 	C:\Program Files\OpenLogic\jdk-17.0.13.11-hotspot\bin\jimage.dll
0x00007ffbee6f0000 - 0x00007ffbee8d4000 	C:\Windows\SYSTEM32\DBGHELP.DLL
0x00007ffbdbe80000 - 0x00007ffbdbeb4000 	C:\Windows\SYSTEM32\dbgcore.DLL
0x00007ffbf1160000 - 0x00007ffbf11e2000 	C:\Windows\System32\bcryptPrimitives.dll
0x00007ffbc0a30000 - 0x00007ffbc0a55000 	C:\Program Files\OpenLogic\jdk-17.0.13.11-hotspot\bin\java.dll
0x00007ffb9feb0000 - 0x00007ffb9ff86000 	C:\Program Files\OpenLogic\jdk-17.0.13.11-hotspot\bin\jsvml.dll
0x00007ffbf2b50000 - 0x00007ffbf32be000 	C:\Windows\System32\SHELL32.dll
0x00007ffbeea70000 - 0x00007ffbef213000 	C:\Windows\SYSTEM32\windows.storage.dll
0x00007ffbf16d0000 - 0x00007ffbf1a23000 	C:\Windows\System32\combase.dll
0x00007ffbf0440000 - 0x00007ffbf046b000 	C:\Windows\SYSTEM32\Wldp.dll
0x00007ffbf1550000 - 0x00007ffbf161d000 	C:\Windows\System32\OLEAUT32.dll
0x00007ffbf1bd0000 - 0x00007ffbf1c7d000 	C:\Windows\System32\SHCORE.dll
0x00007ffbf29c0000 - 0x00007ffbf2a15000 	C:\Windows\System32\shlwapi.dll
0x00007ffbf0940000 - 0x00007ffbf0965000 	C:\Windows\SYSTEM32\profapi.dll
0x00007ffbbb6c0000 - 0x00007ffbbb6d9000 	C:\Program Files\OpenLogic\jdk-17.0.13.11-hotspot\bin\net.dll
0x00007ffbeccb0000 - 0x00007ffbecdba000 	C:\Windows\SYSTEM32\WINHTTP.dll
0x00007ffbf01a0000 - 0x00007ffbf020c000 	C:\Windows\system32\mswsock.dll
0x00007ffbba5e0000 - 0x00007ffbba5f6000 	C:\Program Files\OpenLogic\jdk-17.0.13.11-hotspot\bin\nio.dll
0x00007ffbba550000 - 0x00007ffbba568000 	C:\Program Files\OpenLogic\jdk-17.0.13.11-hotspot\bin\zip.dll
0x00007ffbc4170000 - 0x00007ffbc4180000 	C:\Program Files\OpenLogic\jdk-17.0.13.11-hotspot\bin\verify.dll

dbghelp: loaded successfully - version: 4.0.5 - missing functions: none
symbol engine: initialized successfully - sym options: 0x614 - pdb path: .;C:\Program Files\OpenLogic\jdk-17.0.13.11-hotspot\bin;C:\Windows\SYSTEM32;C:\Windows\WinSxS\amd64_microsoft.windows.common-controls_6595b64144ccf1df_6.0.19041.5794_none_60bcd33171f2783c;C:\Program Files\OpenLogic\jdk-17.0.13.11-hotspot\bin\server

VM Arguments:
java_command: org.jetbrains.kotlin.cli.jvm.K2JVMCompiler @E:\FinalProject\Futsalink\Frontend\node_modules\react-native-webview\android\build\20250501_4695063947574927969.compiler.options
java_class_path (initial): C:\Users\a\.gradle\caches\modules-2\files-2.1\org.jetbrains.kotlin\kotlin-compiler-embeddable\2.0.21\79346ed53db48b18312a472602eb5c057070c54d\kotlin-compiler-embeddable-2.0.21.jar;C:\Users\a\.gradle\caches\modules-2\files-2.1\org.jetbrains.kotlin\kotlin-stdlib\2.0.21\618b539767b4899b4660a83006e052b63f1db551\kotlin-stdlib-2.0.21.jar;C:\Users\a\.gradle\caches\modules-2\files-2.1\org.jetbrains.kotlin\kotlin-script-runtime\2.0.21\c9b044380ad41f89aa89aa896c2d32a8c0b2129d\kotlin-script-runtime-2.0.21.jar;C:\Users\a\.gradle\caches\modules-2\files-2.1\org.jetbrains.kotlin\kotlin-reflect\1.6.10\1cbe9c92c12a94eea200d23c2bbaedaf3daf5132\kotlin-reflect-1.6.10.jar;C:\Users\a\.gradle\caches\modules-2\files-2.1\org.jetbrains.kotlin\kotlin-daemon-embeddable\2.0.21\c9e933b23287de9b5a17e2116b4657bb91aea72c\kotlin-daemon-embeddable-2.0.21.jar;C:\Users\a\.gradle\caches\modules-2\files-2.1\org.jetbrains.intellij.deps\trove4j\1.0.20200330\3afb14d5f9ceb459d724e907a21145e8ff394f02\trove4j-1.0.20200330.jar;C:\Users\a\.gradle\caches\modules-2\files-2.1\org.jetbrains.kotlinx\kotlinx-coroutines-core-jvm\1.6.4\2c997cd1c0ef33f3e751d3831929aeff1390cb30\kotlinx-coroutines-core-jvm-1.6.4.jar;C:\Users\a\.gradle\caches\modules-2\files-2.1\org.jetbrains\annotations\13.0\919f0dfe192fb4e063e7dacadee7f8bb9a2672a9\annotations-13.0.jar
Launcher Type: SUN_STANDARD

[Global flags]
     intx CICompilerCount                          = 4                                         {product} {ergonomic}
     uint ConcGCThreads                            = 2                                         {product} {ergonomic}
     uint G1ConcRefinementThreads                  = 8                                         {product} {ergonomic}
   size_t G1HeapRegionSize                         = 2097152                                   {product} {ergonomic}
    uintx GCDrainStackTargetSize                   = 64                                        {product} {ergonomic}
   size_t InitialHeapSize                          = 260046848                                 {product} {ergonomic}
   size_t MarkStackSize                            = 4194304                                   {product} {ergonomic}
   size_t MaxHeapSize                              = 4139778048                                {product} {ergonomic}
   size_t MaxNewSize                               = 2483027968                                {product} {ergonomic}
   size_t MinHeapDeltaBytes                        = 2097152                                   {product} {ergonomic}
   size_t MinHeapSize                              = 8388608                                   {product} {ergonomic}
    uintx NonNMethodCodeHeapSize                   = 5839372                                {pd product} {ergonomic}
    uintx NonProfiledCodeHeapSize                  = 122909434                              {pd product} {ergonomic}
    uintx ProfiledCodeHeapSize                     = 122909434                              {pd product} {ergonomic}
    uintx ReservedCodeCacheSize                    = 251658240                              {pd product} {ergonomic}
     bool SegmentedCodeCache                       = true                                      {product} {ergonomic}
   size_t SoftMaxHeapSize                          = 4139778048                             {manageable} {ergonomic}
     bool UseCompressedClassPointers               = true                           {product lp64_product} {ergonomic}
     bool UseCompressedOops                        = true                           {product lp64_product} {ergonomic}
     bool UseG1GC                                  = true                                      {product} {ergonomic}
     bool UseLargePagesIndividualAllocation        = false                                  {pd product} {ergonomic}

Logging:
Log output configuration:
 #0: stdout all=warning uptime,level,tags
 #1: stderr all=off uptime,level,tags

Environment Variables:
JAVA_HOME=C:\Program Files\OpenLogic\jdk-17.0.13.11-hotspot\
CLASSPATH=E:\FinalProject\Futsalink\Frontend\android\\gradle\wrapper\gradle-wrapper.jar
PATH=E:\FinalProject\Futsalink\frontend\node_modules\.bin;E:\FinalProject\Futsalink\frontend\node_modules\.bin;E:\FinalProject\Futsalink\node_modules\.bin;E:\FinalProject\node_modules\.bin;E:\node_modules\.bin;C:\Users\a\AppData\Roaming\npm\node_modules\npm\node_modules\@npmcli\run-script\lib\node-gyp-bin;C:\Users\a\AppData\Local\Android\Sdk;C:\Users\a\AppData\Local\Android\Sdk\platform-tools;C:\Users\a\AppData\Local\Android\Sdk\platforms;C:\Users\a\AppData\Local\Android\Sdk\build-tools;C:\Users\a\AppData\Local\Android\Sdk\emulator;C:\Program Files\Microsoft SQL Server\Client SDK\ODBC\170\Tools\Binn\;C:\Program Files\dotnet\;C:\Program Files\OpenLogic\jdk-17.0.13.11-hotspot\;C:\Program Files\MATLAB\R2024b\bin;C:\Program Files\MySQL\MySQL Shell 8.0\bin\;C:\Users\a\anaconda3;C:\Users\a\anaconda3\Library\mingw-w64\bin;C:\Users\a\anaconda3\Library\usr\bin;C:\Users\a\anaconda3\Library\bin;C:\Users\a\anaconda3\Scripts;C:\Users\a\AppData\Local\Microsoft\WindowsApps;C:\Users\a\AppData\Local\Programs\Microsoft VS Code\bin;C:\Users\a\AppData\Roaming\Composer\vendor\bin;C:\app\a\product\21c\dbhomeXE\bin;C:\Windows\System32;C:\xampp\instantclient-basic-windows.x64-21.13.0.0.0dbru\instantclient_21_13;C:\Program Files\nodejs;C:\Users\a\AppData\Roaming\npm;C:\Users\a\AppData\Local\Android\Sdk;C:\Users\a\AppData\Local\Android\Sdk\platform-tools;C:\Users\a\AppData\Local\Android\Sdk\emulator;C:\Users\a\AppData\Local\Android\Sdk\tools;C:\Users\a\.dotnet\tools;C:\Program Files\OpenLogic\jdk-17.0.13.11-hotspot\;C:\Program Files\OpenLogic\jdk-17.0.13.11-hotspot\bin;
USERNAME=a
OS=Windows_NT
PROCESSOR_IDENTIFIER=AMD64 Family 23 Model 96 Stepping 1, AuthenticAMD
TMP=C:\Users\a\AppData\Local\Temp
TEMP=C:\Users\a\AppData\Local\Temp



Periodic native trim disabled


---------------  S Y S T E M  ---------------

OS:
 Windows 10 , 64 bit Build 19041 (10.0.19041.5794)
OS uptime: 2 days 20:08 hours

CPU: total 8 (initial active 8) (8 cores per cpu, 1 threads per core) family 23 model 96 stepping 1 microcode 0x0, cx8, cmov, fxsr, mmx, 3dnowpref, sse, sse2, sse3, ssse3, sse4a, sse4.1, sse4.2, popcnt, lzcnt, tsc, tscinvbit, avx, avx2, aes, clmul, bmi1, bmi2, adx, sha, fma, vzeroupper, clflush, clflushopt
Processor Information for all 8 processors :
  Max Mhz: 2000, Current Mhz: 2000, Mhz Limit: 2000

Memory: 4k page, system-wide physical 15791M (1023M free)
TotalPageFile size 19887M (AvailPageFile size 36M)
current process WorkingSet (physical memory assigned to process): 327M, peak: 327M
current process commit charge ("private bytes"): 371M, peak: 428M

vm_info: OpenJDK 64-Bit Server VM (17.0.13+11-adhoc..jdk17u) for windows-amd64 JRE (17.0.13+11-adhoc..jdk17u), built on Oct 18 2024 01:05:13 by "" with MS VC++ 16.10 / 16.11 (VS2019)

END.
