#
# There is insufficient memory for the Java Runtime Environment to continue.
# Native memory allocation (mmap) failed to map 260046848 bytes. Error detail: G1 virtual space
# Possible reasons:
#   The system is out of physical RAM or swap space
#   This process is running with CompressedOops enabled, and the Java Heap may be blocking the growth of the native heap
# Possible solutions:
#   Reduce memory load on the system
#   Increase physical memory or swap space
#   Check if swap backing store is full
#   Decrease Java heap size (-Xmx/-Xms)
#   Decrease number of Java threads
#   Decrease Java thread stack sizes (-Xss)
#   Set larger code cache with -XX:ReservedCodeCacheSize=
#   JVM is running with Zero Based Compressed Oops mode in which the Java heap is
#     placed in the first 32GB address space. The Java Heap base address is the
#     maximum limit for the native heap growth. Please use -XX:HeapBaseMinAddress
#     to set the Java Heap base and to place the Java Heap above 32GB virtual address.
# This output file may be truncated or incomplete.
#
#  Out of Memory Error (os_windows.cpp:3614), pid=9960, tid=7364
#
# JRE version:  (17.0.13+11) (build )
# Java VM: OpenJDK 64-Bit Server VM (17.0.13+11-adhoc..jdk17u, mixed mode, sharing, tiered, compressed oops, compressed class ptrs, g1 gc, windows-amd64)
# No core dump will be written. Minidumps are not enabled by default on client versions of Windows
#

---------------  S U M M A R Y ------------

Command Line: com.google.prefab.cli.AppKt --build-system cmake --platform android --abi x86_64 --os-version 24 --stl c++_shared --ndk-version 27 --output C:\\Users\\a\\AppData\\Local\\Temp\\agp-prefab-staging3016755034314141040\\staged-cli-output C:\\Users\\a\\.gradle\\caches\\8.12\\transforms\\9f8e25feabbe8b0b7a3e83fbd347083e\\transformed\\react-android-0.78.0-debug\\prefab C:\\Users\\a\\.gradle\\caches\\8.12\\transforms\\4c116c53cba92459b32019e002c1a576\\transformed\\hermes-android-0.78.0-debug\\prefab C:\\Users\\a\\.gradle\\caches\\8.12\\transforms\\bbbd7faada6db350ac59925f93ab342e\\transformed\\fbjni-0.7.0\\prefab

Host: AMD Ryzen 7 4700U with Radeon Graphics         , 8 cores, 15G,  Windows 10 , 64 bit Build 19041 (10.0.19041.5794)
Time: Tue May  6 09:07:27 2025 Nepal Standard Time elapsed time: 0.012033 seconds (0d 0h 0m 0s)

---------------  T H R E A D  ---------------

Current thread (0x0000018e175d1730):  JavaThread "Unknown thread" [_thread_in_vm, id=7364, stack(0x000000511cb00000,0x000000511cc00000)]

Stack: [0x000000511cb00000,0x000000511cc00000]
Native frames: (J=compiled Java code, j=interpreted, Vv=VM code, C=native code)
V  [jvm.dll+0x680c19]
V  [jvm.dll+0x83888a]
V  [jvm.dll+0x83a34e]
V  [jvm.dll+0x83a9b3]
V  [jvm.dll+0x2481af]
V  [jvm.dll+0x67d959]
V  [jvm.dll+0x67242a]
V  [jvm.dll+0x30813b]
V  [jvm.dll+0x30f626]
V  [jvm.dll+0x35f94e]
V  [jvm.dll+0x35fb8f]
V  [jvm.dll+0x2df0ec]
V  [jvm.dll+0x2e0044]
V  [jvm.dll+0x80a04b]
V  [jvm.dll+0x36d6c1]
V  [jvm.dll+0x7e8975]
V  [jvm.dll+0x3f109f]
V  [jvm.dll+0x3f2c11]
C  [jli.dll+0x52ab]
C  [ucrtbase.dll+0x21bb2]
C  [KERNEL32.DLL+0x17374]
C  [ntdll.dll+0x4cc91]


---------------  P R O C E S S  ---------------

Threads class SMR info:
_java_thread_list=0x00007ff893698f18, length=0, elements={
}

Java Threads: ( => current thread )

Other Threads:
  0x0000018e176397b0 GCTaskThread "GC Thread#0" [stack: 0x000000511cc00000,0x000000511cd00000] [id=13776]
  0x0000018e1764bbe0 ConcurrentGCThread "G1 Main Marker" [stack: 0x000000511cd00000,0x000000511ce00000] [id=11696]
  0x0000018e1764c410 ConcurrentGCThread "G1 Conc#0" [stack: 0x000000511ce00000,0x000000511cf00000] [id=7044]

[error occurred during error reporting (printing all threads), id 0xc0000005, EXCEPTION_ACCESS_VIOLATION (0xc0000005) at pc=0x00007ff892e4f827]

VM state: not at safepoint (not fully initialized)

VM Mutex/Monitor currently owned by a thread:  ([mutex/lock_event])
[0x0000018e175cc720] Heap_lock - owner thread: 0x0000018e175d1730

Heap address: 0x0000000709400000, size: 3948 MB, Compressed Oops mode: Zero based, Oop shift amount: 3

CDS archive(s) mapped at: [0x0000000000000000-0x0000000000000000-0x0000000000000000), size 0, SharedBaseAddress: 0x0000000800000000, ArchiveRelocationMode: 1.
Narrow klass base: 0x0000000000000000, Narrow klass shift: 0, Narrow klass range: 0x0

GC Precious Log:
<Empty>

Heap:
 garbage-first heap   total 0K, used 0K [0x0000000709400000, 0x0000000800000000)
  region size 2048K, 0 young (0K), 0 survivors (0K)

[error occurred during error reporting (printing heap information), id 0xc0000005, EXCEPTION_ACCESS_VIOLATION (0xc0000005) at pc=0x00007ff893239e69]

GC Heap History (0 events):
No events

Dll operation events (1 events):
Event: 0.007 Loaded shared library C:\Program Files\OpenLogic\jdk-17.0.13.11-hotspot\bin\java.dll

Deoptimization events (0 events):
No events

Classes loaded (0 events):
No events

Classes unloaded (0 events):
No events

Classes redefined (0 events):
No events

Internal exceptions (0 events):
No events

VM Operations (0 events):
No events

Memory protections (0 events):
No events

Nmethod flushes (0 events):
No events

Events (0 events):
No events


Dynamic libraries:
0x00007ff7fbe80000 - 0x00007ff7fbe8e000 	C:\Program Files\OpenLogic\jdk-17.0.13.11-hotspot\bin\java.exe
0x00007ff90ed10000 - 0x00007ff90ef08000 	C:\Windows\SYSTEM32\ntdll.dll
0x00007ff90de30000 - 0x00007ff90def2000 	C:\Windows\System32\KERNEL32.DLL
0x00007ff90c590000 - 0x00007ff90c886000 	C:\Windows\System32\KERNELBASE.dll
0x00007ff90c890000 - 0x00007ff90c990000 	C:\Windows\System32\ucrtbase.dll
0x00007ff907790000 - 0x00007ff9077ab000 	C:\Program Files\OpenLogic\jdk-17.0.13.11-hotspot\bin\VCRUNTIME140.dll
0x00007ff905370000 - 0x00007ff905387000 	C:\Program Files\OpenLogic\jdk-17.0.13.11-hotspot\bin\jli.dll
0x00007ff90d280000 - 0x00007ff90d41d000 	C:\Windows\System32\USER32.dll
0x00007ff90c430000 - 0x00007ff90c452000 	C:\Windows\System32\win32u.dll
0x00007ff90df00000 - 0x00007ff90df2b000 	C:\Windows\System32\GDI32.dll
0x00007ff90cc20000 - 0x00007ff90cd3a000 	C:\Windows\System32\gdi32full.dll
0x00007ff90cb80000 - 0x00007ff90cc1d000 	C:\Windows\System32\msvcp_win.dll
0x00007ff8fc170000 - 0x00007ff8fc40a000 	C:\Windows\WinSxS\amd64_microsoft.windows.common-controls_6595b64144ccf1df_6.0.19041.5794_none_60bcd33171f2783c\COMCTL32.dll
0x00007ff90eb80000 - 0x00007ff90ec1e000 	C:\Windows\System32\msvcrt.dll
0x00007ff90d9e0000 - 0x00007ff90da0f000 	C:\Windows\System32\IMM32.DLL
0x00007ff908ba0000 - 0x00007ff908bac000 	C:\Program Files\OpenLogic\jdk-17.0.13.11-hotspot\bin\vcruntime140_1.dll
0x00007ff8e2380000 - 0x00007ff8e240d000 	C:\Program Files\OpenLogic\jdk-17.0.13.11-hotspot\bin\msvcp140.dll
0x00007ff892b60000 - 0x00007ff8937cc000 	C:\Program Files\OpenLogic\jdk-17.0.13.11-hotspot\bin\server\jvm.dll
0x00007ff90dc00000 - 0x00007ff90dcaf000 	C:\Windows\System32\ADVAPI32.dll
0x00007ff90ec20000 - 0x00007ff90ecbf000 	C:\Windows\System32\sechost.dll
0x00007ff90d150000 - 0x00007ff90d273000 	C:\Windows\System32\RPCRT4.dll
0x00007ff90c460000 - 0x00007ff90c487000 	C:\Windows\System32\bcrypt.dll
0x00007ff90db90000 - 0x00007ff90dbfb000 	C:\Windows\System32\WS2_32.dll
0x00007ff90bb60000 - 0x00007ff90bbab000 	C:\Windows\SYSTEM32\POWRPROF.dll
0x00007ff901600000 - 0x00007ff901627000 	C:\Windows\SYSTEM32\WINMM.dll
0x00007ff901630000 - 0x00007ff90163a000 	C:\Windows\SYSTEM32\VERSION.dll
0x00007ff90bad0000 - 0x00007ff90bae2000 	C:\Windows\SYSTEM32\UMPDC.dll
0x00007ff90abd0000 - 0x00007ff90abe2000 	C:\Windows\SYSTEM32\kernel.appcore.dll
0x00007ff908b50000 - 0x00007ff908b5a000 	C:\Program Files\OpenLogic\jdk-17.0.13.11-hotspot\bin\jimage.dll
0x00007ff90a090000 - 0x00007ff90a274000 	C:\Windows\SYSTEM32\DBGHELP.DLL
0x00007ff8f7ba0000 - 0x00007ff8f7bd4000 	C:\Windows\SYSTEM32\dbgcore.DLL
0x00007ff90c990000 - 0x00007ff90ca12000 	C:\Windows\System32\bcryptPrimitives.dll
0x00007ff8fdc60000 - 0x00007ff8fdc85000 	C:\Program Files\OpenLogic\jdk-17.0.13.11-hotspot\bin\java.dll

dbghelp: loaded successfully - version: 4.0.5 - missing functions: none
symbol engine: initialized successfully - sym options: 0x614 - pdb path: .;C:\Program Files\OpenLogic\jdk-17.0.13.11-hotspot\bin;C:\Windows\SYSTEM32;C:\Windows\WinSxS\amd64_microsoft.windows.common-controls_6595b64144ccf1df_6.0.19041.5794_none_60bcd33171f2783c;C:\Program Files\OpenLogic\jdk-17.0.13.11-hotspot\bin\server

VM Arguments:
java_command: com.google.prefab.cli.AppKt --build-system cmake --platform android --abi x86_64 --os-version 24 --stl c++_shared --ndk-version 27 --output C:\\Users\\a\\AppData\\Local\\Temp\\agp-prefab-staging3016755034314141040\\staged-cli-output C:\\Users\\a\\.gradle\\caches\\8.12\\transforms\\9f8e25feabbe8b0b7a3e83fbd347083e\\transformed\\react-android-0.78.0-debug\\prefab C:\\Users\\a\\.gradle\\caches\\8.12\\transforms\\4c116c53cba92459b32019e002c1a576\\transformed\\hermes-android-0.78.0-debug\\prefab C:\\Users\\a\\.gradle\\caches\\8.12\\transforms\\bbbd7faada6db350ac59925f93ab342e\\transformed\\fbjni-0.7.0\\prefab
java_class_path (initial): C:\\Users\\a\\.gradle\\caches\\modules-2\\files-2.1\\com.google.prefab\\cli\\2.1.0\\aa32fec809c44fa531f01dcfb739b5b3304d3050\\cli-2.1.0-all.jar
Launcher Type: SUN_STANDARD

[Global flags]
     intx CICompilerCount                          = 4                                         {product} {ergonomic}
     uint ConcGCThreads                            = 2                                         {product} {ergonomic}
     uint G1ConcRefinementThreads                  = 8                                         {product} {ergonomic}
   size_t G1HeapRegionSize                         = 2097152                                   {product} {ergonomic}
    uintx GCDrainStackTargetSize                   = 64                                        {product} {ergonomic}
   size_t InitialHeapSize                          = 260046848                                 {product} {ergonomic}
   size_t MarkStackSize                            = 4194304                                   {product} {ergonomic}
   size_t MaxHeapSize                              = 4139778048                                {product} {ergonomic}
   size_t MinHeapDeltaBytes                        = 2097152                                   {product} {ergonomic}
   size_t MinHeapSize                              = 8388608                                   {product} {ergonomic}
    uintx NonNMethodCodeHeapSize                   = 5839372                                {pd product} {ergonomic}
    uintx NonProfiledCodeHeapSize                  = 122909434                              {pd product} {ergonomic}
    uintx ProfiledCodeHeapSize                     = 122909434                              {pd product} {ergonomic}
    uintx ReservedCodeCacheSize                    = 251658240                              {pd product} {ergonomic}
     bool SegmentedCodeCache                       = true                                      {product} {ergonomic}
   size_t SoftMaxHeapSize                          = 4139778048                             {manageable} {ergonomic}
     bool UseCompressedClassPointers               = true                           {product lp64_product} {ergonomic}
     bool UseCompressedOops                        = true                           {product lp64_product} {ergonomic}
     bool UseG1GC                                  = true                                      {product} {ergonomic}
     bool UseLargePagesIndividualAllocation        = false                                  {pd product} {ergonomic}

Logging:
Log output configuration:
 #0: stdout all=warning uptime,level,tags
 #1: stderr all=off uptime,level,tags

Environment Variables:
JAVA_HOME=C:\Program Files\OpenLogic\jdk-17.0.13.11-hotspot\
CLASSPATH=E:\FinalProject\Futsalink\Frontend\android\\gradle\wrapper\gradle-wrapper.jar
PATH=E:\FinalProject\Futsalink\frontend\node_modules\.bin;E:\FinalProject\Futsalink\frontend\node_modules\.bin;E:\FinalProject\Futsalink\node_modules\.bin;E:\FinalProject\node_modules\.bin;E:\node_modules\.bin;C:\Users\a\AppData\Roaming\npm\node_modules\npm\node_modules\@npmcli\run-script\lib\node-gyp-bin;C:\Users\a\AppData\Local\Android\Sdk;C:\Users\a\AppData\Local\Android\Sdk\platform-tools;C:\Users\a\AppData\Local\Android\Sdk\platforms;C:\Users\a\AppData\Local\Android\Sdk\build-tools;C:\Users\a\AppData\Local\Android\Sdk\emulator;C:\Program Files\Microsoft SQL Server\Client SDK\ODBC\170\Tools\Binn\;C:\Program Files\dotnet\;C:\Program Files\OpenLogic\jdk-17.0.13.11-hotspot\;C:\Program Files\MATLAB\R2024b\bin;C:\Program Files\MySQL\MySQL Shell 8.0\bin\;C:\Users\a\anaconda3;C:\Users\a\anaconda3\Library\mingw-w64\bin;C:\Users\a\anaconda3\Library\usr\bin;C:\Users\a\anaconda3\Library\bin;C:\Users\a\anaconda3\Scripts;C:\Users\a\AppData\Local\Microsoft\WindowsApps;C:\Users\a\AppData\Local\Programs\Microsoft VS Code\bin;C:\Users\a\AppData\Roaming\Composer\vendor\bin;C:\app\a\product\21c\dbhomeXE\bin;C:\Windows\System32;C:\xampp\instantclient-basic-windows.x64-21.13.0.0.0dbru\instantclient_21_13;C:\Program Files\nodejs;C:\Users\a\AppData\Roaming\npm;C:\Users\a\AppData\Local\Android\Sdk\tools;C:\Users\a\.dotnet\tools;C:\Program Files\OpenLogic\jdk-17.0.13.11-hotspot\bin
USERNAME=a
OS=Windows_NT
PROCESSOR_IDENTIFIER=AMD64 Family 23 Model 96 Stepping 1, AuthenticAMD
TMP=C:\Users\a\AppData\Local\Temp
TEMP=C:\Users\a\AppData\Local\Temp



Periodic native trim disabled


---------------  S Y S T E M  ---------------

OS:
 Windows 10 , 64 bit Build 19041 (10.0.19041.5794)
OS uptime: 3 days 2:48 hours

CPU: total 8 (initial active 8) (8 cores per cpu, 1 threads per core) family 23 model 96 stepping 1 microcode 0x0, cx8, cmov, fxsr, mmx, 3dnowpref, sse, sse2, sse3, ssse3, sse4a, sse4.1, sse4.2, popcnt, lzcnt, tsc, tscinvbit, avx, avx2, aes, clmul, bmi1, bmi2, adx, sha, fma, vzeroupper, clflush, clflushopt
Processor Information for all 8 processors :
  Max Mhz: 2000, Current Mhz: 2000, Mhz Limit: 2000

Memory: 4k page, system-wide physical 15791M (1074M free)
TotalPageFile size 19887M (AvailPageFile size 41M)
current process WorkingSet (physical memory assigned to process): 10M, peak: 10M
current process commit charge ("private bytes"): 60M, peak: 308M

vm_info: OpenJDK 64-Bit Server VM (17.0.13+11-adhoc..jdk17u) for windows-amd64 JRE (17.0.13+11-adhoc..jdk17u), built on Oct 18 2024 01:05:13 by "" with MS VC++ 16.10 / 16.11 (VS2019)

END.
